user.get_chat_info -------- 75.992 ms 
card.add_knowledge_exp -------- 97.460 ms 
ranking.intimacy_ranking -------- 58.971 ms 
market.times_award -------- 65.744 ms 
activity_exchange.activity_list.get -------- 84.101 ms 
activity_giftbag.activity_list.get -------- 78.002 ms 
plot.get_plot_info -------- 83.164 ms 
items.use_consumables -------- 53.936 ms 
droit.get_decree_reward -------- 56.114 ms 
scripture_library.event_award -------- 51.753 ms 
card.knowledgelvup -------- 91.334 ms 
beacon_tower.suppress_bandits.attack_bandits -------- 57.698 ms 
task.complete_task -------- 95.211 ms 
events.awards.get -------- 54.671 ms 
card.get_more -------- 70.964 ms 
league.own_league_info -------- 61.928 ms 
activity_ranking.get_activity_list.get_new -------- 83.636 ms 
mansion_hall.get_last_list.get -------- 55.339 ms 
banquet_hall.banquet_go.go -------- 62.889 ms 
charge.get_purchase -------- 94.163 ms 
task.get_all_task -------- 98.642 ms 
activity_operate.operate_info.operate_use_item -------- 78.926 ms 
activity_operate.operate_info.money_tree_info -------- 54.145 ms 
nursery.child.accelerate_child -------- 86.924 ms 
stage.get -------- 83.039 ms 
gov_hall_new.get_reward.get -------- 54.220 ms 
activity_operate.operate_info.get_base_rank_info -------- 69.878 ms 
items.use_cbyc -------- 99.865 ms 
prison.get -------- 96.570 ms 
task.activity_reward -------- 61.313 ms 
activity_operate.operate_info.operate_buy_item -------- 59.179 ms 
boss_combat.new_boss_settlement -------- 99.825 ms 
harvest.collection -------- 91.924 ms 
marry.marriage.seeking -------- 81.514 ms 
mansion_hall.ask_advice.ask -------- 51.674 ms 
events.meet_with.call -------- 97.273 ms 
events.wlsd.choose -------- 55.183 ms 
activity_operate.operate_info.receive_daily_operate_reward -------- 58.724 ms 
activity_ranking.get_ranking_info.get_new -------- 73.072 ms 
activity_giftbag.reward.get -------- 96.624 ms 
ranking.stage_ranking -------- 82.190 ms 
league.join_league -------- 71.197 ms 
guide.record -------- 98.033 ms 
login -------- 92.702 ms 
league_battle.get_league_time -------- 58.625 ms 
wing_room.confidant_skill_up.skill_up -------- 99.393 ms 
red_dot.get -------- 99.990 ms 
wing_room.confidant_make.make -------- 96.747 ms 
assistant_officer.assistant_officer.assistant_officer_index -------- 92.582 ms 
items.update_state -------- 85.241 ms 
charge.get_purchase_fund -------- 89.256 ms 
prison.arraigned -------- 71.585 ms 
colleague.get_colleague -------- 69.322 ms 
gov_hall_new.start_execute.start -------- 61.358 ms 
nursery.child.recovery_max_vitality -------- 50.224 ms 
items.use_box -------- 96.933 ms 
game_info.level_up -------- 99.950 ms 
ranking.power_ranking -------- 68.426 ms 
marry.marriage.agree -------- 80.804 ms 
nursery.examinations.imperial -------- 95.051 ms 
activity_recharge.activity_list.get -------- 72.560 ms 
colleague.visit_colleague -------- 170.529 ms 
items.compound -------- 50.064 ms 
wing_room.confidant_get.get_more -------- 75.136 ms 
stores.commodities.get -------- 75.206 ms 
stage.combat -------- 98.880 ms 
market.get -------- 177.728 ms 
marry.passive_shrine.get -------- 161.772 ms 
banquet_hall.banquet_refresh.refresh -------- 70.042 ms 
harvest.get -------- 110.698 ms 
activity_turntable.rotating_turntable.rotating_turntable -------- 90.555 ms 
user.reload_game -------- 86.196 ms 
activity_timelimit.reward.get -------- 92.929 ms 
charge.get_rewards -------- 90.622 ms 
stores.commodities.buy -------- 53.309 ms 
plot.reward_plot_reward -------- 99.207 ms 
league.build_league -------- 52.065 ms 
activity_timelimit.activity_list.get -------- 96.249 ms 
wing_room.confidant_give.give -------- 90.546 ms 
market.roll -------- 68.408 ms 
prison.answer -------- 90.912 ms 
league.league_donate -------- 64.837 ms 
recharge_order.get -------- 143.376 ms 
assistant_officer.assistant_officer.up_replace -------- 100.285 ms 
activity_turntable.get_turntable_info.get_turntable -------- 66.212 ms 
card.levelup -------- 99.860 ms 
league_task.get_day_task_info -------- 61.491 ms 
marry.be_marry.get -------- 55.438 ms 
user.other_info -------- 76.131 ms 
market.repower -------- 52.539 ms 
prison.award -------- 87.496 ms 
seven_days.award -------- 99.708 ms 
banquet_hall.banquet_hold.hold -------- 61.169 ms 
league.create_league -------- 104.608 ms 
user.create -------- 338.423 ms 
