webui============================================
# 没找到的
validation.mask.valueDoesNotMatch,           Not a valid {0}
validation.minlength.valueTooShort,              Must be at least {2} characters long
com.vmware.loginsight.web.actions.settings.HealthActionBean.resources.utilization,           Total CPU utilization is currently at {0}
com.vmware.loginsight.web.actions.settings.HealthActionBean.resources.archiveNotMounted,             Unable to connect to the configured archive server or permission denied
com.vmware.loginsight.web.actions.settings.HealthActionBean.resources.archiveDisabled,           Archiving is disabled
com.vmware.loginsight.web.actions.settings.HealthActionBean.resources.archiveSize,           Archive Size
com.vmware.loginsight.web.actions.settings.HealthActionBean.resources.archiveEnd,            End Time
com.vmware.loginsight.web.actions.settings.HealthActionBean.resources.memory,            Memory
com.vmware.loginsight.web.actions.settings.HealthActionBean.resources.archiveStart,              Start Time
com.vmware.loginsight.web.actions.settings.HealthActionBean.resources,           Resources

com.vmware.loginsight.web.actions.misc.ContentPackActionBean.tooltipUninstall,           Uninstall this content pack for all users
com.vmware.loginsight.web.actions.misc.ContentPackActionBean.noSharedContentTitle,           No shared content
com.vmware.loginsight.web.actions.misc.ContentPackActionBean.noUserContentInfo,              Dashboards, queries, alerts, and extracted fields that you create will show up here.
com.vmware.loginsight.web.actions.misc.ContentPackActionBean.noContentInfo,              This content pack contains no dashboards, queries, alerts, or extracted fields.
com.vmware.loginsight.web.actions.misc.ContentPackActionBean.tooltipExport,              Export this content to a file
com.vmware.loginsight.web.actions.misc.ContentPackActionBean.noContentTitle,             Empty content pack
com.vmware.loginsight.web.actions.misc.ContentPackActionBean.tooltipDisable,             Disable this content pack for you only (does not affect other users)
com.vmware.loginsight.web.actions.misc.ContentPackActionBean.updates,            Updates
com.vmware.loginsight.web.actions.misc.ContentPackActionBean.noSharedContentInfo,            Shared dashboards, queries, alerts, and extracted fields created by administrators will show up here.
com.vmware.loginsight.web.actions.misc.ContentPackActionBean.marketplace,            Marketplace
com.vmware.loginsight.web.actions.misc.ContentPackActionBean.tooltipEnable,              Re-enable this content pack
com.vmware.loginsight.web.actions.misc.ContentPackActionBean.noUserContentTitle,             No personal content
com.vmware.loginsight.web.actions.misc.ContentPackActionBean.upgradeInstructions,            Upgrade Instructions...


com.vmware.loginsight.web.actions.misc.AboutActionBean.logInfo,              {0} total log {1}
com.vmware.loginsight.web.actions.misc.AboutActionBean.from,             from
com.vmware.loginsight.web.actions.misc.AboutActionBean.contact,              Contact
com.vmware.loginsight.web.actions.misc.AboutActionBean.title,            About




# 动态的
logInsight.header.magic,              Automated Analytics
all,             All
show,            Show
hide,            Hide
search,              Search
any,             Any
manage,              Manage
apply,           Apply
tag,             Tag
clear,           Clear
restart,             Restart
value,           Value
auth_type,           Login Type
dropdownSelect,              -- Select --
com.vmware.loginsight.web.actions.misc.ConstraintsActionBean.ipAddress,              IP Address
com.vmware.loginsight.web.actions.misc.ConstraintsActionBean.hostname,           Hostname
com.vmware.loginsight.web.actions.misc.ConstraintsActionBean.version,            Version
com.vmware.loginsight.web.actions.misc.ConstraintsActionBean.os,             OS
com.vmware.loginsight.web.actions.settings.HostsActionBean.missingHosts,             Some hosts may not be listed because there are sources sending events without a hostname field.
com.vmware.loginsight.web.actions.settings.HostsActionBean.noHosts,              No Host Information Available
com.vmware.loginsight.web.actions.settings.HostsActionBean.export,           Export
com.vmware.loginsight.web.actions.settings.HostsActionBean.title,            Hosts | Admin
com.vmware.loginsight.web.actions.settings.HostsActionBean.tooltip.export,           Export the above hostnames and all their data to a CSV (comma-separated values) file.
com.vmware.loginsight.web.actions.settings.GeneralConfigurationActionBean.phoneHome,             Customer Experience Improvement Program
com.vmware.loginsight.web.actions.settings.GeneralConfigurationActionBean.enableImpersonate,             Enable User Impersonation
com.vmware.loginsight.web.actions.settings.GeneralConfigurationActionBean.title,             General Configuration | Admin
com.vmware.loginsight.web.actions.settings.GeneralConfigurationActionBean.rnt,           Retention Notification Threshold
com.vmware.loginsight.web.actions.settings.GeneralConfigurationActionBean.emailList,             Email System Notifications To
com.vmware.loginsight.web.actions.settings.GeneralConfigurationActionBean.alerts,            Alerts
com.vmware.loginsight.web.actions.settings.GeneralConfigurationActionBean.help.experimental,             Experimental features do not include support and should not be used in production environments. In a future release, experimental features may become supported or may be removed from the product.
com.vmware.loginsight.web.actions.settings.GeneralConfigurationActionBean.enableVIDMConfigHelp,              An experimental feature to allow VMware Identity Manager SSO authentication.
com.vmware.loginsight.web.actions.settings.GeneralConfigurationActionBean.phoneHomeFeedbackText,             \<p class="last-vertical">This product participates in VMware's Customer Experience Improvement Program (&quot;CEIP&quot;). The CEIP provides VMware with information that enables VMware to improve its products and services, to fix problems, and to advise you on how best to deploy and use our products. As part of the CEIP, VMware collects technical information about your organization's use of VMware products and services on a regular basis in association with your organization's VMware license key(s).\This information does not personally identify any individual. For additional information regarding the CEIP, please see the Trust & Assurance Center at <a href="http://www.vmware.com/trustvmware/ceip.html" target="_blank">http://www.vmware.com/trustvmware/ceip.html</a>.</p>
com.vmware.loginsight.web.actions.settings.GeneralConfigurationActionBean.suspend,           Suspend User Alerts
com.vmware.loginsight.web.actions.settings.GeneralConfigurationActionBean.help.suspend,              Disable all alerts for every user. This setting does not affect system notifications.
com.vmware.loginsight.web.actions.settings.GeneralConfigurationActionBean.disableVIDMConfig,             Cannot disable VMware Identity Manager SSO
com.vmware.loginsight.web.actions.settings.GeneralConfigurationActionBean.phoneHomeFeedback,             Usage Reporting
com.vmware.loginsight.web.actions.settings.GeneralConfigurationActionBean.timeout,           Session Timeout
com.vmware.loginsight.web.actions.settings.GeneralConfigurationActionBean.enableVIDMConfig,              Enable VMware Identity Manager SSO
com.vmware.loginsight.web.actions.settings.GeneralConfigurationActionBean.webhooksList,              Send HTTP Post System Notifications To
com.vmware.loginsight.web.actions.settings.GeneralConfigurationActionBean.generalConfiguration,              General Configuration




com.vmware.loginsight.web.actions.misc.ContentPackActionBean.agentClasses,           Agent Groups
com.vmware.loginsight.web.actions.misc.ContentPackActionBean.instructions,           Setup Instructions...
com.vmware.loginsight.web.actions.misc.ContentPackActionBean.dashboards,             Dashboards
com.vmware.loginsight.web.actions.misc.ContentPackActionBean.bookmarkedQueries,              Favorite Queries
com.vmware.loginsight.web.actions.misc.ContentPackActionBean.importDialog.asUser,            Import into My Content
com.vmware.loginsight.web.actions.misc.ContentPackActionBean.queries,            Queries
com.vmware.loginsight.web.actions.misc.ContentPackActionBean.downloadMore,           Download more...
com.vmware.loginsight.web.actions.misc.ContentPackActionBean.enable,             Enable
com.vmware.loginsight.web.actions.misc.ContentPackActionBean.fields,             Extracted Fields
com.vmware.loginsight.web.actions.misc.ContentPackActionBean.disable,            Disable
com.vmware.loginsight.web.actions.misc.ContentPackActionBean.importDialog.header,            Import Content Pack
com.vmware.loginsight.web.actions.misc.ContentPackActionBean.dashboardQueries,           Dashboard Queries
com.vmware.loginsight.web.actions.misc.ContentPackActionBean.export,             Export...
com.vmware.loginsight.web.actions.misc.ContentPackActionBean.version,            Version:
com.vmware.loginsight.web.actions.misc.ContentPackActionBean.author,             Author:
com.vmware.loginsight.web.actions.misc.ContentPackActionBean.title,              Content Packs
com.vmware.loginsight.web.actions.misc.ContentPackActionBean.alerts,             Alerts
com.vmware.loginsight.web.actions.misc.ContentPackActionBean.uninstall,              Uninstall...
com.vmware.loginsight.web.actions.misc.ContentPackActionBean.importContent,              Import Content Pack
com.vmware.loginsight.web.actions.misc.ContentPackActionBean.importDialog.asPack,            Install as content pack
com.vmware.loginsight.web.actions.misc.ContentPackActionBean.installed,              Installed
com.vmware.loginsight.web.actions.misc.ContentPackActionBean.updateAll,              Update All
com.vmware.loginsight.web.actions.settings.SslConfigurationActionBean.existing,              Existing Certificate
com.vmware.loginsight.web.actions.settings.SslConfigurationActionBean.title,             SSL Configuration | Admin
com.vmware.loginsight.web.actions.settings.SslConfigurationActionBean.certificateFile,           New Certificate File (PEM format)
com.vmware.loginsight.web.actions.settings.SslConfigurationActionBean.uploadingCustomCertificate,            Updating SSL certificate properties
com.vmware.loginsight.web.actions.settings.SslConfigurationActionBean.help.certificate,              Provide a custom SSL certificate signed by a trusted root authority to avoid certificate warnings (optional).
com.vmware.loginsight.web.actions.settings.SslConfigurationActionBean.certificate,           Custom SSL Certificate
com.vmware.loginsight.web.actions.settings.SslConfigurationActionBean.sslOnly,           Require SSL Connection









com.vmware.loginsight.web.actions.settings.EventForwardingActionBean.targetHost,             Host
com.vmware.loginsight.web.actions.explorer.LogExplorerActionBean.matchesInLast,              matches are found in the last
com.vmware.loginsight.web.actions.settings.ApplianceActionBean.network.instructions,             To change network settings, please see the {0}. (Note that changes via the console are not supported.)
com.vmware.loginsight.web.actions.settings.LicenseActionBean.quantity,           Quantity
converter.enum.notAnEnumeratedValue,             Not a valid value
com.vmware.loginsight.web.actions.home.HomeActionBean.refresh,           Update
com.vmware.loginsight.web.actions.settings.ClusterActionBean.addWorker,              To add a node, deploy a new Log Insight instance and choose &quot;Join Deployment&quot; in the startup wizard.
com.vmware.loginsight.web.actions.settings.StorageConfigurationActionBean.archiveLocation,           Archive Location
com.vmware.loginsight.web.actions.settings.AuthConfigurationActionBean.ssoTenant,            Tenant
logInsight.header.feedback.shareScreen3,             If you prefer not to install software, you can use {0} to record your screen using Java from a web page.
com.vmware.loginsight.web.actions.settings.EventForwardingActionBean.title,              Event Forwarding | Admin
com.vmware.loginsight.web.actions.misc.StartupWizardActionBean.saveButton,           Save and Continue
com.vmware.loginsight.web.actions.settings.EventForwardingActionBean.help.ssl,           Event forwarding via SSL will not work with the self-signed certificate installed on destination servers by default. A custom SSL certificate must be created and uploaded. Additionally, the corresponding trusted root certificate must be imported into the certificate store of the forwarder instance.<br /><br />Refer to the section "<i>Configure vRealize Log Insight Event Forwarding with SSL</i>" of the Online Help.
com.vmware.loginsight.web.actions.explorer.AlertActionBean.emailNotifications,           Email notifications
com.vmware.loginsight.web.actions.settings.AgentsActionBean.export,              Export
com.vmware.loginsight.web.actions.settings.EventForwardingActionBean.numTargets,             destinations
com.vmware.loginsight.web.actions.settings.AlertAdminActionBean.tooltip.export,              Export the above alerts and all their data to a CSV (comma-separated values) file.
com.vmware.loginsight.web.actions.settings.AgentsActionBean.applyAgentsConfigGroupDoesNotExist,              An Agent Group doesn't exist
com.vmware.loginsight.web.actions.settings.UsersActionBean.usersAndGroups,           Users and Groups
validation.expression.valueFailedExpression,             The value supplied ({1}) for field {0} is invalid
com.vmware.loginsight.web.actions.settings.AgentsActionBean.newGroup,            New Group
com.vmware.loginsight.web.actions.settings.VsphereConfigurationActionBean.vsphereEvents,             Collect vCenter Server events, tasks, and alarms
com.vmware.loginsight.web.actions.settings.SmtpConfigurationActionBean.emailAddress,             Email Address
com.vmware.loginsight.web.actions.settings.ApplianceActionBean.manage.downloadBundle,            Download Support Bundle
com.vmware.loginsight.web.actions.settings.SmtpConfigurationActionBean.testEmail,            Test Email
com.vmware.loginsight.web.actions.settings.ClusterActionBean.manage.bundle,              Support Bundle
com.vmware.loginsight.web.actions.settings.UsersActionBean.editGroup,            Edit Group
com.vmware.loginsight.web.actions.settings.UsersActionBean.domain,           Domain
admin.page.runtime,              System Parameters
com.vmware.loginsight.web.actions.settings.UsersActionBean.description,              Description
com.vmware.loginsight.web.actions.settings.EventForwardingActionBean.numTarget,              destination
com.vmware.loginsight.web.actions.settings.ClusterActionBean.title,              Cluster Management | Admin
logInsight.header.feedbackDialogHeader,              Send Feedback
com.vmware.loginsight.web.actions.settings.VcopsConfigurationActionBean.updatePassword,              Update
stripes.fieldErrors.footer,              
com.vmware.loginsight.web.actions.settings.AuthConfigurationActionBean.disconnected,             DISCONNECTED
com.vmware.loginsight.web.actions.settings.AgentsActionBean.downloadAgent,           Download Log Insight Agent Version
com.vmware.loginsight.web.actions.settings.ClusterActionBean.clusterNtpWarn,             Cluster mode is now enabled. To ensure proper operation, please verify the following configuration settings:\<ul class="standard-list">\<li><b>NTP is required</b>. Make sure you have correctly configured and validated NTP on the <a href="/admin/time">Time Configuration page</a>. Using at least two NTP servers is strongly recommended.</li>\<li><b>DNS is required</b>. Make sure you have correctly configured and validated DNS through the vApp options (see the {0} for details). Using two DNS servers and setting the hostname for each node is strongly recommended.</li>\<li>Enabling the Integrated Load Balancer is recommended. This can be done in the configuration section below.</li>\</ul>
com.vmware.loginsight.web.actions.settings.AuthConfigurationActionBean.ssoHost,              Host
com.vmware.loginsight.web.actions.settings.EventForwardingActionBean.targetTags,             Tags
com.vmware.loginsight.web.actions.settings.AuthConfigurationActionBean.domain,           Default Domain
com.vmware.loginsight.web.actions.settings.ClusterActionBean.manage.vaRequiredBundle,            Virtual Appliance is required to generate a support bundle
com.vmware.loginsight.web.actions.explorer.LogExplorerActionBean.importLogs,             Import Log File...
com.vmware.loginsight.web.actions.settings.ClusterActionBean.manage.supportBundleInfo,           Downloading a {0} support bundle is only necessary if requested by VMware Support Services. Two types of bundles are available:
com.vmware.loginsight.web.actions.settings.ApplianceActionBean.manage.installedVersion,              Installed Version
com.vmware.loginsight.web.actions.settings.ClusterActionBean.manage.downloadBundle,              Download Support Bundle
com.vmware.loginsight.web.actions.settings.UsersActionBean.editUser,             Edit User
com.vmware.loginsight.web.actions.settings.SmtpConfigurationActionBean.sender,           Sender
com.vmware.loginsight.web.actions.settings.LicenseActionBean.averageOsis,            Average Active OSIs:
com.vmware.loginsight.web.actions.settings.ClusterActionBean.manage.lastRestart,             Last Restart
com.vmware.loginsight.web.actions.settings.VcopsConfigurationActionBean.explain,             Integrate to enable sending Log Insight alerts to vRealize Operations Manager.
com.vmware.loginsight.web.actions.settings.LicenseActionBean.exceptionPattern1,              License key is invalid: [status={0}], [configuration={1}], [expires={2}], [error={3}]
com.vmware.loginsight.web.actions.settings.LicenseActionBean.exceptionPattern2,              License key is invalid: [status={0}], [configuration={1}], [expires={2}]
admin.breadcrumb,            Admin
com.vmware.loginsight.web.actions.settings.ApplianceActionBean.manage.upgrade,           Upgrade Log Insight
logInsight.fields,           Fields
com.vmware.loginsight.web.actions.settings.AuthConfigurationActionBean.enableSSO,            Enable Single Sign-On
com.vmware.loginsight.web.actions.settings.StorageConfigurationActionBean.maxStorage,            Maximum storage to use
com.vmware.loginsight.web.actions.settings.AgentsActionBean.noAgents,            No Agent Information Available
com.vmware.loginsight.web.actions.explorer.LogExplorerActionBean.enableAlertsAdd,            The following alerts will be enabled and added to 'My Saved Alerts':
com.vmware.loginsight.web.actions.settings.AgentsActionBean.tooltip.export,              Export the above agents and all their data to a CSV (comma-separated values) file.
com.vmware.loginsight.web.actions.settings.ClusterConfigurationActionBean.HAStatus,              Status
com.vmware.loginsight.web.actions.misc.StartupWizardActionBean.help.fqdn,            Entering an IP address rather than an FQDN is not recommended. See the {0} for details.
com.vmware.loginsight.web.actions.settings.StorageConfigurationActionBean.storageSizeHeader,             Storage Size
com.vmware.loginsight.web.actions.settings.AgentsActionBean.refresh,             Refresh
com.vmware.loginsight.web.actions.settings.AuthConfigurationActionBean.enableAD,             Enable Active Directory support
com.vmware.loginsight.web.actions.settings.AgentsActionBean.saveNewConfigExceptionMsgCannotSave,             Cannot save agent configuration
com.vmware.loginsight.web.actions.misc.LoginActionBean.title,            Login
com.vmware.loginsight.web.actions.settings.SmtpConfigurationActionBean.server,           SMTP Server
com.vmware.loginsight.web.actions.settings.AuthConfigurationActionBean.adminPassword,            AD Server Password
validation.minvalue.valueBelowMinimum,           The minimum allowed value is {2}
com.vmware.loginsight.web.actions.settings.ClusterActionBean.workers,            Nodes
com.vmware.loginsight.web.actions.settings.TimeConfigurationActionBean.timeConfigTitle,              {0} {1}
com.vmware.loginsight.web.actions.misc.LoginActionBean.worker,           Worker:
com.vmware.loginsight.web.actions.settings.ClusterActionBean.warningTitle,           Warning:
com.vmware.loginsight.web.actions.explorer.LogExplorerActionBean.fields,             Fields
logInsight.sources,              sources
com.vmware.loginsight.web.actions.settings.EventForwardingActionBean.targetFilter,           Filter
converter.email.invalidEmail,            Not a valid email address
com.vmware.loginsight.web.actions.settings.UserSettingsActionBean.newPassword,           New password
logInsight.header.feedback.shareScreenHeader,            Screen Capture
com.vmware.loginsight.web.actions.settings.ClusterConfigurationActionBean.HAFQDN,            FQDN (optional)
com.vmware.loginsight.web.actions.settings.ClusterActionBean.network.dns,            DNS Servers
converter.integer.outOfRange,            Must be in the range {2} to {3}
com.vmware.loginsight.web.actions.settings.EventForwardingActionBean.targetTransport,            Transport
logInsight.restart.restartDialogHeader,              Restart
com.vmware.loginsight.web.actions.settings.HealthActionBean.stats.meanIngestRate,            Average ingestion rate since last restart
logInsight.header.feedback.shareScreen1,             If you're willing to share your screen with us, we would love to watch a video of your interactions with Log Insight. Any screen captures you take can be shared via email.
logInsight.header.feedback.shareScreen2,             We recommend {0}, a desktop app for Windows or Mac, for capturing your screen and narrating actions.
com.vmware.loginsight.web.actions.settings.ClusterConfigurationActionBean.HAAddress,             IP Address
com.vmware.loginsight.web.actions.misc.StartupWizardActionBean.workerAtIp,           Worker at IP
com.vmware.loginsight.web.actions.settings.ClusterActionBean.refreshData,            Refresh data
com.vmware.loginsight.web.actions.settings.VcopsConfigurationActionBean.help.target,             IP or hostname where sources should send log events. If at least one virtual IP is defined for the Integrated Load Balancer, logs will be sent to the VIP selected. If the Integrated Load Balancer is not configured, sources will send log events to the master node.
com.vmware.loginsight.web.actions.explorer.LogExplorerActionBean.saveAutoFieldIntro,             Choose a name for this smart field:
com.vmware.loginsight.web.actions.settings.ClusterConfigurationActionBean.noVipsMessage,             No Virtual IP Addresses are configured. It is strongly recommended that at least one VIP be added.
com.vmware.loginsight.web.actions.settings.AlertAdminActionBean.help.suspend,            Administratively suspend the execution of all user-defined alerts (for example, such as during maintenance). This switch leaves <b>system notifications</b> unaffected, including those regarding node connectivity.
com.vmware.loginsight.web.actions.settings.AuthConfigurationActionBean.connected,            CONNECTED
com.vmware.loginsight.web.actions.settings.HealthActionBean.memCurrent,              Current memory usage:
com.vmware.loginsight.web.actions.settings.TimeConfigurationActionBean.hostTime,             Server Time
validation.maxvalue.valueAboveMaximum,           The maximum allowed value is {2}
com.vmware.loginsight.web.actions.settings.UsersActionBean.directoryType,            Type
com.vmware.loginsight.web.actions.settings.HealthActionBean.stats.importReceived,            Received imported events since last restart
com.vmware.loginsight.web.actions.settings.ApplianceActionBean.manage.vaRequiredBundle,              Virtual Appliance is required to generate bundle
com.vmware.loginsight.web.actions.settings.ClusterActionBean.clusterDataNotAvailable,            The latest cluster data is not currently available, most likely because the master node is not accessible.
com.vmware.loginsight.web.actions.settings.ClusterActionBean.deprecatedExternalLoadBalancer,             Warning: <a href="{0}" target="_blank">External load balancer support is deprecated</a>
com.vmware.loginsight.web.actions.settings.SmtpConfigurationActionBean.help.ssl,             Sets whether SSL/TLS encryption should be enabled for the SMTP transport upon connection (SMTPS/POPS).
com.vmware.loginsight.web.actions.explorer.LogExplorerActionBean.webhook,            Webhook
com.vmware.loginsight.web.actions.settings.EventForwardingActionBean.pending,            Pending
com.vmware.loginsight.web.actions.explorer.LogExplorerActionBean.importLogsHeader,           Import Log File
com.vmware.loginsight.web.actions.settings.HealthActionBean.title,           System Monitor | Admin
logInsight.restart.restartButtonNode,            Restart Node
com.vmware.loginsight.web.actions.misc.StartupWizardActionBean.exitText1,            All done!
com.vmware.loginsight.web.actions.misc.StartupWizardActionBean.exitText2,            You&#39;re now ready to start using Log Insight. Enjoy!
com.vmware.loginsight.web.actions.settings.AuthConfigurationActionBean.ssoImitateAdUserLogin,            Allow Active Directory users login
com.vmware.loginsight.web.actions.settings.ClusterActionBean.network.instructions,           To change network settings, please see the {0}. (Note that changes via the console are not supported.)
com.vmware.loginsight.web.actions.settings.UserSettingsActionBean.noRoles,           (no roles)
com.vmware.loginsight.web.actions.settings.VsphereConfigurationActionBean.description,           Integration with vSphere provides many advantages including the ability to collect vCenter Server events, tasks and alarms as well as configure ESXi hosts to forward logs to Log Insight. Up to 10 vCenter Server instances can be configured. For more information, see the {0}.
com.vmware.loginsight.web.actions.settings.LicenseActionBean.osiCount,           OSI Count
com.vmware.loginsight.web.actions.explorer.LogExplorerActionBean.chartName,              Chart Name
com.vmware.loginsight.web.actions.settings.AgentsActionBean.title,           Agent Management | Admin
com.vmware.loginsight.web.actions.settings.EventForwardingActionBean.targetWorkerCount,              Worker Count
com.vmware.loginsight.web.actions.settings.ClusterActionBean.network.ip,             IP Address
com.vmware.loginsight.web.actions.settings.StorageConfigurationActionBean.help.maxStorage,           Maximum amount of storage to use for imported data.
com.vmware.loginsight.web.actions.settings.ClusterActionBean.standaloneMode,             Log Insight is currently operating in standalone mode. You can create a cluster by adding one or more additional nodes.
com.vmware.loginsight.web.actions.settings.VsphereConfigurationActionBean.help.esxiLogsAutomatic,            When new hosts are added to this vCenter Server, they will be automatically configured to send their logs to Log Insight via syslog.
converter.creditCard.invalidCreditCard,              Not a valid credit card number
header.superheader.help,             Help
com.vmware.loginsight.web.actions.settings.ApplianceActionBean.network.networkHeader,            Network
com.vmware.loginsight.web.actions.settings.UsersActionBean.upn,              UPN
com.vmware.loginsight.web.actions.settings.ClusterActionBean.manage.support,             Support
com.vmware.loginsight.web.actions.explorer.LogExplorerActionBean.dateTime,           Time Range
com.vmware.loginsight.web.actions.settings.VcopsConfigurationActionBean.vCOpsChanged,            vC Ops Changed
com.vmware.loginsight.web.actions.settings.SmtpConfigurationActionBean.ssl,              SSL (SMTPS)
com.vmware.loginsight.web.actions.settings.VsphereConfigurationActionBean.esxiDialog.udp,            UDP
com.vmware.loginsight.web.actions.explorer.LogExplorerActionBean.extractFieldAdditionalContext,              Additional context
com.vmware.loginsight.web.actions.explorer.LogExplorerActionBean.revertChart,            Reset
com.vmware.loginsight.web.actions.settings.ApplianceActionBean.manage.versionHeader,             Version
com.vmware.loginsight.web.actions.settings.ApplianceActionBean.network.gateway,              Gateway
com.vmware.loginsight.web.actions.settings.HealthActionBean.stats.dropped,           Dropped events since last restart
com.vmware.loginsight.web.actions.explorer.LogExplorerActionBean.description,            Description:
com.vmware.loginsight.web.actions.settings.StorageConfigurationActionBean.title,             Archiving Configuration | Admin
com.vmware.loginsight.web.actions.settings.ClusterActionBean.manage.versionHeader,           Version
com.vmware.loginsight.web.actions.settings.VsphereConfigurationActionBean.esxiDialog.tcp,            TCP
com.vmware.loginsight.web.actions.settings.StorageConfigurationActionBean.enableArchiving,           Enable Data Archiving
com.vmware.loginsight.api.errors.archiving.nfs_unable_test_mount,            Unable to test NFS mount: failed to create local mount directory
com.vmware.loginsight.web.actions.misc.AboutActionBean.to,           to
logInsight.header.piql,              PIQL
com.vmware.loginsight.web.actions.settings.VsphereConfigurationActionBean.help.target,           IP or hostname where sources should send log events. If at least one virtual IP is defined for the Integrated Load Balancer, logs will be sent to the VIP selected. If the Integrated Load Balancer is not configured, sources will send log events to the master node.
com.vmware.loginsight.web.actions.settings.EventForwardingActionBean.targetPort,             Port
com.vmware.loginsight.web.actions.settings.UsersActionBean.authMethod,           Authentication
com.vmware.loginsight.web.actions.settings.VsphereConfigurationActionBean.unconfigure,           Unconfigure
com.vmware.loginsight.web.actions.settings.EventForwardingActionBean.noTargets,              No Destinations
com.vmware.loginsight.web.actions.settings.AgentsActionBean.agentConfigNote,             <p>See the {0} for Default agent configuration and other examples.</p>
stripes.errors.beforeError,              <li class="validate-style stripes-validation-individual-error">
com.vmware.loginsight.web.actions.settings.LicenseActionBean.status,             Status
com.vmware.loginsight.web.actions.misc.HelpActionBean.community,             Community
com.vmware.loginsight.web.actions.settings.VsphereConfigurationActionBean.esxiLogs,              Configure ESXi hosts to send logs to Log Insight
com.vmware.loginsight.web.actions.settings.ApplianceActionBean.manage.bundle,            Support Bundle
com.vmware.loginsight.api.errors.archiving.nfs_location_failed_mount,            Failed to mount NFS location
com.vmware.loginsight.web.actions.settings.UserSettingsActionBean.role,              Roles
com.vmware.loginsight.web.actions.explorer.LogExplorerActionBean.enableAlertsPre,            The following alerts will be enabled:
com.vmware.loginsight.web.actions.misc.StartupWizardActionBean.title,            Startup
com.vmware.loginsight.web.actions.settings.ClusterConfigurationActionBean.help.fqdn,             To simplify future changes and upgrades, it is recommended to have clients point to a FQDN that resolves to the VIP address, instead of pointing directly to the VIP address. vSphere and vRealize Operations integrations as well as alert messages will use the FQDN if provided otherwise they will use the ILB IP address. Log Insight should be able to resolve the FQDN to the given IP address meaning that the FQDN defined here should match what is defined in DNS.
com.vmware.loginsight.web.actions.settings.ClusterActionBean.network.networkHeader,              Network
com.vmware.loginsight.web.actions.settings.ClusterActionBean.master,             Master
com.vmware.loginsight.web.actions.settings.LicenseActionBean.expiration,             Expiration
com.vmware.loginsight.web.actions.settings.AuthConfigurationActionBean.unableToLoginToVIDM,              Unable to login to VMware Identity Manager
com.vmware.loginsight.web.actions.settings.ApplianceActionBean.manage.lastRestart,           Last Restart:
com.vmware.loginsight.web.actions.settings.HealthActionBean.stats.recentIngestRate,              Recent ingestion rate in the last minute
com.vmware.loginsight.web.actions.piql.PiqlQueryActionBean.title,            PIQL
com.vmware.loginsight.web.actions.settings.VsphereConfigurationActionBean.explain,           Integrate with vCenter to enable tasks and events to be sent to Log Insight, and to collect logs from ESXi hosts.
com.vmware.loginsight.web.actions.settings.HealthActionBean.stats.restartTimestamp,              Time of last restart
com.vmware.loginsight.web.actions.settings.AlertAdminActionBean.suspend,             Suspend all user alerts
com.vmware.loginsight.web.actions.settings.TimeConfigurationActionBean.title,            Time Configuration | Admin
com.vmware.loginsight.web.actions.explorer.LogExplorerActionBean.options,            Options
com.vmware.loginsight.web.actions.explorer.LogExplorerActionBean.before,             Before
com.vmware.loginsight.web.actions.settings.AuthConfigurationActionBean.ssoUser,              Username
com.vmware.loginsight.web.actions.settings.HealthActionBean.stats,           Statistics
com.vmware.loginsight.web.actions.explorer.LogExplorerActionBean.regex,              Regex
com.vmware.loginsight.web.actions.settings.EventForwardingActionBean.targetProtocol,             Protocol
com.vmware.loginsight.web.actions.settings.AuthConfigurationActionBean.ssoPort,              API Port
com.vmware.loginsight.web.actions.settings.VsphereConfigurationActionBean.configInProgress,              ESXi host syslog configuration will proceed in the background. It may take several minutes to complete.
com.vmware.loginsight.web.actions.settings.VcopsConfigurationActionBean.readOnlyTargetTooltip,           Target cannot be changed while vRops is configured. To change this value, first click &quot;Unconfigure&quot; to unconfigure vRops.
com.vmware.loginsight.web.actions.settings.EventForwardingActionBean.cannotSaveConfig,           Cannot save forwarding configuration
errorPage.errorHeader,           Sorry, an error has occurred
stripes.fieldErrors.beforeError,             <span class="validate-style stripes-validation-field-error">
com.vmware.loginsight.web.actions.settings.VsphereConfigurationActionBean.readOnlyTargetTooltip,             Target cannot be changed while ESXi hosts are configured. To change this value, first click &quot;Unconfigure&quot; to unconfigure all hosts.
com.vmware.loginsight.web.actions.settings.AuthConfigurationActionBean.port,             Port:
converter.short.outOfRange,              Must be in the range {2} to {3}
com.vmware.loginsight.web.actions.explorer.AlertActionBean.jsonLogNotifications,             JSON Log File notifications
com.vmware.loginsight.web.actions.settings.HealthActionBean.queries,             Active Queries
com.vmware.loginsight.web.actions.settings.UsersActionBean.noRoles,              (no roles)
stripes.errors.footer,           </ul>
logInsight.search.resultsTextNoMatches,              No matching events
com.vmware.loginsight.web.actions.settings.AlertAdminActionBean.export,              Export
com.vmware.loginsight.web.actions.settings.ApplianceActionBean.title,            Appliance | Admin
com.vmware.loginsight.web.actions.settings.ApplianceActionBean.network.dns,              DNS Servers
com.vmware.loginsight.web.actions.settings.SmtpConfigurationActionBean.sendTest,             Send Test Email
com.vmware.loginsight.web.actions.settings.SmtpConfigurationActionBean.title,            SMTP Configuration | Admin
com.vmware.loginsight.api.errors.field_required,             Field is required
com.vmware.loginsight.web.actions.settings.UsersActionBean.numUser,              user
com.vmware.loginsight.web.actions.settings.AuthConfigurationActionBean.domainControllers,            Domain Controller(s)
com.vmware.loginsight.web.actions.settings.AuthConfigurationActionBean.unconfigured,             UNCONFIGURED
com.vmware.loginsight.web.actions.settings.HealthActionBean.swapCurrent,             Current swap space usage:
com.vmware.loginsight.web.actions.settings.UsersActionBean.dataSets,             Data Sets
com.vmware.loginsight.web.actions.explorer.LogExplorerActionBean.zoomInstructions,           Click and drag over a region to select
com.vmware.loginsight.web.actions.settings.UsersActionBean.role,             Roles
com.vmware.loginsight.web.actions.settings.ClusterActionBean.manage.installedVersion,            Installed Version
com.vmware.loginsight.web.actions.settings.ConfigActionBean.warning,             <b>WARNING:</b> Improperly modifying the server config may cause problems with Log Insight, including data loss. Use at your own risk.
com.vmware.loginsight.web.actions.settings.ApplianceActionBean.manage.restart,           Restart
com.vmware.loginsight.web.actions.settings.VsphereConfigurationActionBean.title,             vSphere Integration | Admin
com.vmware.loginsight.web.actions.settings.LicenseActionBean.title,              License | Admin
com.vmware.loginsight.web.actions.misc.StartupWizardActionBean.workerJoinInProgress,             Initializing worker...
com.vmware.loginsight.web.actions.explorer.LogExplorerActionBean.to,             to
com.vmware.loginsight.web.actions.settings.AuthConfigurationActionBean.title,            Authentication | Admin
logInsight.restart.restartButton,            Restart Log Insight
com.vmware.loginsight.web.actions.settings.HealthActionBean.stats.rateUnitSingle,            event per second
com.vmware.loginsight.web.actions.misc.StartupWizardActionBean.workerAdmittedNoIp,           Worker has been admitted to the Log Insight deployment.
converter.float.outOfRange,              Must be in the range {2} to {3}
com.vmware.loginsight.web.actions.settings.HealthActionBean.stats.lastDropTimestamp,             Time of last dropped event
com.vmware.loginsight.web.actions.settings.VcopsConfigurationActionBean.description,             Integration with vRealize Operations Manager provides many advantages including the ability to send Log Insight alerts to vRealize Operations Manager and enable launch in context between the two products. If integrating with vRealize Operations Manager 6.0 or later then inventory mapping is enabled by default, which tags environment specific information such as vCenter Server, datacenter and cluster from which an event originated. Note that integration requires read-only permissions for a local user account on vRealize Operations Manager. Use of an administrator account is not recommended for security reasons. For more information, see the {0}.
com.vmware.loginsight.web.actions.misc.StartupWizardActionBean.introText2,           We&#39;ll walk through a few settings first. Click 'Next' to begin.
com.vmware.loginsight.web.actions.settings.HealthActionBean.swapHistoryLabel,            Swap space use ({0} available) during last 24 hours:
com.vmware.loginsight.web.actions.settings.UsersActionBean.newPassword,              New Password
com.vmware.loginsight.web.actions.settings.HealthActionBean.stats.rateUnit,              events per second
com.vmware.loginsight.web.actions.explorer.LogExplorerActionBean.shareSearchDialogShorten,           Shorten
com.vmware.loginsight.web.actions.settings.VsphereConfigurationActionBean.help.esxiLogs,             When enabled, ESXi hosts in this vCenter will be automatically configured to send their logs to this Log Insight instance via syslog. ESXi version 5.5 and newer is supported; ESX is not supported. Existing syslog targets on these hosts will not be removed. Click "Advanced options..." to configure specific hosts or change the syslog protocol. This integration requires credentials with a minimum of the following Host.Configuration permissions: Change settings, Network configuration, Advanced Settings, Security profile and firewall. A custom-role should be created with these permissions. Use of an administrator account is not recommended for security reasons.
com.vmware.loginsight.api.errors.archiving.archive_path_not_set,             Archive path is not set
com.vmware.loginsight.web.actions.settings.AbstractConfigurationActionBean.writeConfigWarning,           Configuration was saved successfully but could not be applied to the following workers: {0}
com.vmware.loginsight.web.actions.explorer.LogExplorerActionBean.importFrom,             Choose log file:
com.vmware.loginsight.web.actions.settings.EventForwardingActionBean.targets,            Destinations
com.vmware.loginsight.web.actions.misc.HelpActionBean.support,           Support
com.vmware.loginsight.web.actions.home.HomeActionBean.title,             Dashboards
com.vmware.loginsight.web.actions.settings.ClusterConfigurationActionBean.help.highAvailability,             It is strongly recommended that the Integrated Load Balancer (ILB) be enabled. \The ILB balances incoming ingestion traffic fairly among available Log Insight nodes. \The ILB also ensures that incoming ingestion traffic is accepted even if some Log Insight nodes become unavailable. \Log Insight clients, using both the web user interface and ingestion (via Syslog or the API), should connect to \Log Insight via the specified ILB IP address.<br /><br />The ILB requires that all Log Insight nodes be on the same Layer 2 network, such as behind \the same switch or otherwise able to receive ARP requests from and send ARP responses to each other. \The ILB IP address should be chosen so that any Log Insight node can own it and receive traffic for it. \Typically, this means that the ILB IP address will be in the same subnet as the physical address of the Log Insight nodes. \After you configure the ILB IP address, try to ping it from a different network to ensure that it is routable. <br /><br /> \To simplify future changes and upgrades, it is recommended to have clients point to a FQDN that resolves to the ILB IP address, \instead of pointing directly to the ILB IP address. vSphere integration and alert messages will use FQDN if provided otherwise it will use ILB IP address. \Log Insight should be able to resolve FQDN to given IP address.
com.vmware.loginsight.web.actions.explorer.ShortUrlActionBean.errorShortening,           Unable to shorten URL: {0}
com.vmware.loginsight.web.actions.home.HomeActionBean.newDashboard,              New Dashboard
com.vmware.loginsight.web.actions.settings.ClusterActionBean.clusterConfig,              Configuration
com.vmware.loginsight.web.actions.message.LogMessageActionBean.exportException,              Invalid export format: {0}
com.vmware.loginsight.web.actions.explorer.AlertActionBean.vropsSuiteNotificationErrors,             Sending the alert to vRealize Operations Manager Suite failed
com.vmware.loginsight.web.actions.settings.LicenseActionBean.saveButton,             Add License
com.vmware.loginsight.web.actions.explorer.AlertActionBean.webhookNotificationErrors,            Sending the webhook notification failed
com.vmware.loginsight.web.actions.settings.ClusterActionBean.network.gateway,            Gateway
com.vmware.loginsight.web.actions.settings.AuthConfigurationActionBean.help.domain,              Default domain to be used for authenticating users that do not specify a domain.
logInsight.search.viewCompleteLog,           View event in original context
validation.maxlength.valueTooLong,           Must be no more than {2} characters long
com.vmware.loginsight.web.actions.settings.UsersActionBean.newGroup,             New Group
com.vmware.loginsight.web.actions.piql.PiqlQueryActionBean.searchSimpleExceptionMessageInvalidDataSets,              User has invalid data sets.
converter.date.invalidDate,              Not a valid date
com.vmware.loginsight.web.actions.misc.StartupWizardActionBean.backButton,           Back
logInsight.header.feedback.intro,            We want to hear about your experience with Log Insight. What's good, what's bad, or what's missing? Help us improve Log Insight!
com.vmware.loginsight.web.actions.explorer.LogExplorerActionBean.ofEvents,           of events
com.vmware.loginsight.web.actions.settings.ClusterConfigurationActionBean.help.tags,             Tags allow you to add fields with pre-defined values to events for easier querying and metadata creation.
validation.required.valueWhitespaceOnly,             Value cannot have only whitespace
com.vmware.loginsight.web.actions.settings.VsphereConfigurationActionBean.target,            Target
converter.number.invalidNumber,              Not a valid number
header.superheader.about,            About
com.vmware.loginsight.web.actions.settings.HealthActionBean.osiCheck,            OSI Count
com.vmware.loginsight.web.actions.explorer.LogExplorerActionBean.extractField,           Extract Field
com.vmware.loginsight.web.actions.explorer.AlertActionBean.vropsNotificationErrors,              Sending the alert to vRealize Operations Manager failed
com.vmware.loginsight.web.actions.misc.StartupWizardActionBean.chooseDeployment,             Choose Deployment Type
com.vmware.loginsight.api.errors.license.not_exists,             License Does Not Exist
com.vmware.loginsight.web.actions.settings.LicenseActionBean.cpuCount,           CPU Count
com.vmware.loginsight.web.actions.settings.VcopsConfigurationActionBean.target,              Target
com.vmware.loginsight.web.actions.settings.UsersActionBean.title,            Access Control | Admin
com.vmware.loginsight.web.actions.settings.UsersActionBean.delete,           Delete
com.vmware.loginsight.web.actions.explorer.AlertActionBean.vropsNotifications,           vRealize Operations Manager notifications
com.vmware.loginsight.web.actions.explorer.LogExplorerActionBean.sourceFilter,           Source Filter
com.vmware.loginsight.web.actions.settings.VsphereConfigurationActionBean.esxiLogsUpdatePeriodically,            Automatically configure all ESXi hosts
logInsight.header.feedback.email,            Email us at
stripes.errors.afterError,           </li>
converter.byte.outOfRange,           Must be in the range {2} to {3}
com.vmware.loginsight.web.actions.settings.ClusterActionBean.manage.restart,             Restart
com.vmware.loginsight.web.actions.settings.ApplianceActionBean.network.netmask,              Netmask
com.vmware.loginsight.web.actions.settings.SmtpConfigurationActionBean.port,             Port
com.vmware.loginsight.web.actions.settings.ClusterActionBean.network.netmask,            Netmask
com.vmware.loginsight.web.actions.explorer.LogExplorerActionBean.alsoAddToDashboard,             Also save to dashboard
com.vmware.loginsight.web.actions.settings.ApplianceActionBean.manage.support,           Support
integration,             Integration
com.vmware.loginsight.web.actions.explorer.LogExplorerActionBean.from,           from
stripes.fieldErrors.afterError,              </span><br />
com.vmware.loginsight.web.actions.settings.VsphereConfigurationActionBean.updatePassword,            Update
stripes.errors.header,           <ul class="stripes-validation-global-error">
com.vmware.loginsight.web.actions.settings.ClusterActionBean.requestedMsg,           has requested to be added as a worker
com.vmware.loginsight.web.actions.settings.LicenseActionBean.key,            Key
com.vmware.loginsight.web.actions.explorer.LogExplorerActionBean.setAnchorTip,           Set time range from this event
com.vmware.loginsight.web.actions.settings.EventForwardingActionBean.delete,             Delete
com.vmware.loginsight.web.actions.explorer.LogExplorerActionBean.eventsInGroup,              events occur in a single group
com.vmware.loginsight.web.actions.misc.HelpActionBean.documentation,             Documentation
com.vmware.loginsight.web.actions.settings.HealthActionBean.unavailable,             Not Available
logInsight.header.feedback,              Send Feedback...
com.vmware.loginsight.api.errors.archiving.nfs_location_failed_unmount,              Failed to unmount the testing directory
com.vmware.loginsight.web.actions.explorer.AlertActionBean.vropsSuiteNotifications,              vRealize Operations Manager Suite notifications
com.vmware.loginsight.web.actions.explorer.LogExplorerActionBean.loadSearchDialogHeader,             Favorite Queries
com.vmware.loginsight.web.actions.settings.HealthActionBean.memHistoryLabel,             Memory use ({0} available) during last 24 hours:
validation.file.postBodyTooBig,              Total upload size of {3} KB exceeds the maximum size of {2} KB
com.vmware.loginsight.web.actions.settings.UsersActionBean.confirmPassword,              Confirm
com.vmware.loginsight.web.actions.settings.AuthConfigurationActionBean.needUserAlertInWizard,            To grant access to an Active Directory group or user, visit the Users configuration page.
admin.page.config,           Server Settings
com.vmware.loginsight.web.actions.settings.UsersActionBean.numGroup,             group
com.vmware.loginsight.web.actions.settings.StorageConfigurationActionBean.archiveHeader,             Archiving
com.vmware.loginsight.web.actions.misc.StartupWizardActionBean.changePw,             Admin Credentials
logInsight.search.loadMoreMatches,           Load more events
com.vmware.loginsight.web.actions.settings.SmtpConfigurationActionBean.tls,              STARTTLS Encryption
com.vmware.loginsight.web.actions.misc.StartupWizardActionBean.hasBeenAdmitted,              has been admitted to the Log Insight deployment.
com.vmware.loginsight.api.errors.archiving.hdfs_unable_to_connect,           Unable to connect to the HDFS: {0}
com.vmware.loginsight.web.actions.settings.EventForwardingActionBean.active,             Active
com.vmware.loginsight.web.actions.settings.VsphereConfigurationActionBean.configInProgressRestart,           Restarting Log Insight will not affect the configuration process.
com.vmware.loginsight.web.actions.settings.UsersActionBean.users,            Users
com.vmware.loginsight.api.errors.archiving.cannot_parse_archive_location,            Cannot parse archive location
com.vmware.loginsight.web.actions.settings.AuthConfigurationActionBean.requireSsl,           Require SSL
com.vmware.loginsight.web.actions.misc.HelpActionBean.title,             Help
com.vmware.loginsight.web.actions.settings.HealthActionBean.refreshData,             Refresh data
com.vmware.loginsight.api.errors.archiving.hdfs_unable_to_write,             Unable to write to the HDFS location: {0}
com.vmware.loginsight.web.actions.explorer.LogExplorerActionBean.title,              Interactive Analytics
com.vmware.loginsight.web.actions.settings.UsersActionBean.disableAutocomplete,              Disable search autocomplete ({0})
com.vmware.loginsight.web.actions.settings.AuthConfigurationActionBean.needUserAlert,            To grant access to an Active Directory group or user, visit the <a href="/admin/users">Users configuration page</a>.
com.vmware.loginsight.web.actions.settings.ClusterActionBean.manage.upgrade,             Upgrade Log Insight
com.vmware.loginsight.web.actions.settings.HealthActionBean.stats.syslogReceived,            Received syslog events since last restart
com.vmware.loginsight.web.actions.settings.ClusterConfigurationActionBean.enableHA,              Enable Integrated Load Balancer
com.vmware.loginsight.web.actions.explorer.LogExplorerActionBean.after,              After
com.vmware.loginsight.web.actions.settings.ApplianceActionBean.manage.supportBundleInfo,             Downloading a support bundle is only necessary if requested by VMware Support Services. Generating a support bundle may take several minutes. The download will begin once the bundle is ready.
com.vmware.loginsight.web.actions.settings.AuthConfigurationActionBean.ssoStatus,            Status
com.vmware.loginsight.api.errors.archiving.nfs_location_not_writable,            The NFS location is not writable
com.vmware.loginsight.web.actions.settings.AuthConfigurationActionBean.ssoRedirectIp,            Redirect URL Host
com.vmware.loginsight.web.actions.settings.LicenseActionBean.type,           Type
com.vmware.loginsight.web.actions.misc.StartupWizardActionBean.joinDeployment,           Join Existing Deployment
com.vmware.loginsight.web.actions.explorer.AlertActionBean.webhookNotifications,             Webhook notifications
com.vmware.loginsight.web.actions.settings.UserSettingsActionBean.title,             My Settings
com.vmware.loginsight.web.actions.misc.StartupWizardActionBean.exitTextRestart2,             Log Insight must restart in order to complete the setup process.
com.vmware.loginsight.web.actions.misc.StartupWizardActionBean.exitTextRestart1,             Restart Required
com.vmware.loginsight.web.actions.explorer.LogExplorerActionBean.intervalLabel,              Run query every:
logInsight.search.resultsTextSearching,              Searching events
stripes.fieldErrors.header,              
errorPage.forSupport,            For support, contact
com.vmware.loginsight.web.actions.settings.AlertAdminActionBean.title,           User Alerts | Admin
com.vmware.loginsight.web.actions.settings.AuthConfigurationActionBean.adminUsername,            AD Server Username
com.vmware.loginsight.web.actions.settings.EventForwardingActionBean.targetDiskCacheSize,            Disk Cache
com.vmware.loginsight.web.actions.settings.AuthConfigurationActionBean.deprecatedAD,             Warning: <a href="{0}" target="_blank">Active Directory support is deprecated</a>. Please use VMware Identity Manager.
com.vmware.loginsight.web.actions.explorer.LogExplorerActionBean.of,             of
com.vmware.loginsight.web.actions.explorer.AlertActionBean.emailNotificationErrors,              Sending the email failed
com.vmware.loginsight.web.actions.settings.AuthConfigurationActionBean.UntrustedCertificateHeader,           Untrusted Certificate
com.vmware.loginsight.web.actions.settings.EventForwardingActionBean.help.tags,              Tags allow you to add fields with pre-defined values to events for easier querying.
com.vmware.loginsight.web.actions.settings.ClusterActionBean.clusterUpsell,              Log Insight is currently operating in standalone mode. It has the ability to scale out to use multiple nodes and to support multiple virtual IPs for ingestion, but this is not enabled with your current license.
com.vmware.loginsight.api.errors.license.already_exists,             License Already Exists
com.vmware.loginsight.api.errors.license.expired,            License Expired
com.vmware.loginsight.web.actions.explorer.LogExplorerActionBean.custom,             Custom
com.vmware.loginsight.web.actions.settings.HealthActionBean.stats.truncated,             Truncated events since last restart
com.vmware.loginsight.web.actions.settings.ClusterActionBean.warningContent,             2-node clusters are not supported. It is recommended that you add at least one more node to the cluster.
com.vmware.loginsight.web.actions.settings.HealthActionBean.stats.lastIngestTimestamp,           Time of last ingested event
com.vmware.loginsight.web.actions.settings.ClusterActionBean.vipsTitle,              Integrated Load Balancer
com.vmware.loginsight.web.actions.settings.VcopsConfigurationActionBean.title,           vRealize Operations Manager Integration | Admin
com.vmware.loginsight.web.actions.settings.VcopsConfigurationActionBean.enabled,             Enable alerts integration
logInsight.fieldUpdate.field.updateConfirm,              Modifying this field will update all the dependent items.
logInsight.header.alerts,            Alerts
com.vmware.loginsight.web.actions.settings.EventForwardingActionBean.idle,           Idle
com.vmware.loginsight.web.actions.misc.StartupWizardActionBean.introText1,           Welcome to vRealize Log Insight