2017-07-07 16:24:29,571 ERROR key not legal, sourcePath is : D:\strata\loginsight\components\analytics\lib\src\com\vmware\loginsight\piql0\AppearFunctionExpr.java, key is com.vmware.loginsight.piql.AppearFunctionExpr.messageNotDefined
2017-07-07 16:24:29,571 ERROR key not legal, sourcePath is : D:\strata\loginsight\components\analytics\lib\src\com\vmware\loginsight\piql0\AppearFunctionExpr.java, key is com.vmware.loginsight.piql.AppearFunctionExpr.onlyAngleAreValid
2017-07-07 16:24:29,571 ERROR key not legal, sourcePath is : D:\strata\loginsight\components\analytics\lib\src\com\vmware\loginsight\piql0\AppearFunctionExpr.java, key is com.vmware.loginsight.piql.AppearFunctionExpr.rightValGreateThanZ
2017-07-07 16:24:29,571 ERROR key not legal, sourcePath is : D:\strata\loginsight\components\analytics\lib\src\com\vmware\loginsight\piql0\AppearFunctionExpr.java, key is com.vmware.loginsight.piql.AppearFunctionExpr.conditionGreaterThanZTrue
2017-07-07 16:24:29,621 ERROR key not legal, sourcePath is : D:\strata\loginsight\components\analytics\lib\src\com\vmware\loginsight\piql0\BeforeFunctionExpr.java, key is com.vmware.loginsight.piql.BeforeFunctionExpr.messageNotDefined
2017-07-07 16:24:29,621 ERROR key not legal, sourcePath is : D:\strata\loginsight\components\analytics\lib\src\com\vmware\loginsight\piql0\BeforeFunctionExpr.java, key is com.vmware.loginsight.piql.BeforeFunctionExpr.messageNotDefined
2017-07-07 16:24:29,621 ERROR key not legal, sourcePath is : D:\strata\loginsight\components\analytics\lib\src\com\vmware\loginsight\piql0\BeforeFunctionExpr.java, key is com.vmware.loginsight.piql.BeforeFunctionExpr.messageInBeforeDifferent
2017-07-07 16:24:29,634 ERROR key not legal, sourcePath is : D:\strata\loginsight\components\analytics\lib\src\com\vmware\loginsight\piql0\BeforeMinDistFunctionExpr.java, key is com.vmware.loginsight.piql.BeforeMinDistFunctionExpr.minDistanceGreaterThanZ
2017-07-07 16:24:29,861 ERROR key not legal, sourcePath is : D:\strata\loginsight\components\analytics\lib\src\com\vmware\loginsight\piql0\GroupByExpr.java, key is com.vmware.loginsight.piql.GroupByExpr.messageInGroupNotDefined
2017-07-07 16:24:29,861 ERROR key not legal, sourcePath is : D:\strata\loginsight\components\analytics\lib\src\com\vmware\loginsight\piql0\GroupByExpr.java, key is com.vmware.loginsight.piql.GroupByExpr.noGroupFieldSpecified
2017-07-07 16:24:29,861 ERROR key not legal, sourcePath is : D:\strata\loginsight\components\analytics\lib\src\com\vmware\loginsight\piql0\GroupByExpr.java, key is com.vmware.loginsight.piql.GroupByExpr.groupByFieldsNotFromSameMsg
2017-07-07 16:24:30,255 ERROR key not legal, sourcePath is : D:\strata\loginsight\components\analytics\lib\src\com\vmware\loginsight\piql0\ItemFieldExpr.java, key is com.vmware.loginsight.piql.ItemFieldExpr.matchingError
2017-07-07 16:24:30,255 ERROR key not legal, sourcePath is : D:\strata\loginsight\components\analytics\lib\src\com\vmware\loginsight\piql0\ItemFieldExpr.java, key is com.vmware.loginsight.piql.ItemFieldExpr.matchingError
2017-07-07 16:24:30,256 ERROR key not legal, sourcePath is : D:\strata\loginsight\components\analytics\lib\src\com\vmware\loginsight\piql0\ItemFieldExpr.java, key is com.vmware.loginsight.piql.ItemFieldExpr.operatorValidForNum
2017-07-07 16:24:30,256 ERROR key not legal, sourcePath is : D:\strata\loginsight\components\analytics\lib\src\com\vmware\loginsight\piql0\ItemFieldExpr.java, key is com.vmware.loginsight.piql.ItemFieldExpr.operatorValidForSets
2017-07-07 16:24:30,256 ERROR key not legal, sourcePath is : D:\strata\loginsight\components\analytics\lib\src\com\vmware\loginsight\piql0\ItemFieldExpr.java, key is com.vmware.loginsight.piql.ItemFieldExpr.invalidOperator
2017-07-07 16:24:30,273 ERROR key not legal, sourcePath is : D:\strata\loginsight\components\analytics\lib\src\com\vmware\loginsight\piql0\LimitExpr.java, key is com.vmware.loginsight.piql.LimitExpr.invalidLIMIT
2017-07-07 16:24:30,493 ERROR key not legal, sourcePath is : D:\strata\loginsight\components\analytics\lib\src\com\vmware\loginsight\piql0\OrderByItem.java, key is com.vmware.loginsight.piql.OrderByItem.messageInOrderNotDefined
2017-07-07 16:24:30,493 ERROR key not legal, sourcePath is : D:\strata\loginsight\components\analytics\lib\src\com\vmware\loginsight\piql0\OrderByItem.java, key is com.vmware.loginsight.piql.OrderByItem.msgCannotAppearInORDER
2017-07-07 16:24:38,648 ERROR key not legal, sourcePath is : D:\strata\loginsight\components\auth\lib\src\com\vmware\loginsight\aaa\krb5\ActiveDirectoryQueryHelper.java, key is com.vmware.loginsight.aaa.krb5.ActiveDirectoryQueryHelper.cannotParseGroups
2017-07-07 16:24:42,073 ERROR key not legal, sourcePath is : D:\strata\loginsight\components\commons-lib\lib\src\com\vmware\loginsight\commons\Errors.java, key is daemonConfigurationException
2017-07-07 16:24:42,073 ERROR key not legal, sourcePath is : D:\strata\loginsight\components\commons-lib\lib\src\com\vmware\loginsight\commons\Errors.java, key is daemonStartupException
2017-07-07 16:24:42,073 ERROR key not legal, sourcePath is : D:\strata\loginsight\components\commons-lib\lib\src\com\vmware\loginsight\commons\Errors.java, key is daemonNotRunning
2017-07-07 16:24:42,073 ERROR key not legal, sourcePath is : D:\strata\loginsight\components\commons-lib\lib\src\com\vmware\loginsight\commons\Errors.java, key is daemonIsRunning
2017-07-07 16:24:42,073 ERROR key not legal, sourcePath is : D:\strata\loginsight\components\commons-lib\lib\src\com\vmware\loginsight\commons\Errors.java, key is configurationWriteError
2017-07-07 16:24:42,073 ERROR key not legal, sourcePath is : D:\strata\loginsight\components\commons-lib\lib\src\com\vmware\loginsight\commons\Errors.java, key is com.vmware.loginsight.commons.Errors.
2017-07-07 16:24:44,285 ERROR key not legal, sourcePath is : D:\strata\loginsight\components\commons-lib\lib\src\com\vmware\loginsight\commons\contentpack\ConstraintOperator.java, key is com.vmware.loginsight.commons.contentpack.ConstraintOperator.
2017-07-07 16:24:44,322 ERROR key not legal, sourcePath is : D:\strata\loginsight\components\commons-lib\lib\src\com\vmware\loginsight\commons\contentpack\ConstraintToggleType.java, key is com.vmware.loginsight.commons.contentpack.ConstraintToggleType.
2017-07-07 16:24:44,588 ERROR key not legal, sourcePath is : D:\strata\loginsight\components\commons-lib\lib\src\com\vmware\loginsight\commons\contentpack\ExtractedFieldPreset.java, key is com.vmware.loginsight.commons.contentpack.ExtractedFieldPreset.
2017-07-07 16:24:45,040 ERROR key not legal, sourcePath is : D:\strata\loginsight\components\commons-lib\lib\src\com\vmware\loginsight\commons\enums\AuthenticationAttribute.java, key is com.vmware.loginsight.commons.enums.AuthenticationAttribute.
2017-07-07 16:24:45,078 ERROR key not legal, sourcePath is : D:\strata\loginsight\components\commons-lib\lib\src\com\vmware\loginsight\commons\enums\AuthenticationMethod.java, key is com.vmware.loginsight.commons.enums.AuthenticationMethod.
2017-07-07 16:24:45,088 ERROR key not legal, sourcePath is : D:\strata\loginsight\components\commons-lib\lib\src\com\vmware\loginsight\commons\enums\AuthenticationResult.java, key is com.vmware.loginsight.commons.enums.AuthenticationResult.
2017-07-07 16:24:45,148 ERROR key not legal, sourcePath is : D:\strata\loginsight\components\commons-lib\lib\src\com\vmware\loginsight\commons\enums\DirectoryType.java, key is com.vmware.loginsight.commons.enums.DirectoryType.
2017-07-07 16:24:45,255 ERROR key not legal, sourcePath is : D:\strata\loginsight\components\commons-lib\lib\src\com\vmware\loginsight\commons\enums\LicenseStateEnum.java, key is com.vmware.loginsight.commons.enums.LicenseStateEnum.
2017-07-07 16:24:45,266 ERROR key not legal, sourcePath is : D:\strata\loginsight\components\commons-lib\lib\src\com\vmware\loginsight\commons\enums\LicenseType.java, key is com.vmware.loginsight.commons.enums.LicenseType.
2017-07-07 16:24:45,279 ERROR key not legal, sourcePath is : D:\strata\loginsight\components\commons-lib\lib\src\com\vmware\loginsight\commons\enums\LicenseVersion.java, key is com.vmware.loginsight.commons.enums.LicenseVersion.
2017-07-07 16:24:45,292 ERROR key not legal, sourcePath is : D:\strata\loginsight\components\commons-lib\lib\src\com\vmware\loginsight\commons\enums\NtpMode.java, key is com.vmware.loginsight.commons.enums.NtpMode.
2017-07-07 16:24:45,305 ERROR key not legal, sourcePath is : D:\strata\loginsight\components\commons-lib\lib\src\com\vmware\loginsight\commons\enums\RntUnit.java, key is com.vmware.loginsight.commons.enums.RntUnit.
2017-07-07 16:24:45,316 ERROR key not legal, sourcePath is : D:\strata\loginsight\components\commons-lib\lib\src\com\vmware\loginsight\commons\enums\ScheduleType.java, key is com.vmware.loginsight.commons.enums.ScheduleType.
2017-07-07 16:24:45,329 ERROR key not legal, sourcePath is : D:\strata\loginsight\components\commons-lib\lib\src\com\vmware\loginsight\commons\enums\SearcherConfigPartialResultsType.java, key is com.vmware.loginsight.commons.enums.SearcherConfigPartialResultsType.
2017-07-07 16:24:45,354 ERROR key not legal, sourcePath is : D:\strata\loginsight\components\commons-lib\lib\src\com\vmware\loginsight\commons\enums\SortOrder.java, key is com.vmware.loginsight.commons.enums.SortOrder.
2017-07-07 16:24:49,596 ERROR key not legal, sourcePath is : D:\strata\loginsight\components\commons-lib\lib\src\com\vmware\loginsight\config\AuthenticationAdPortType.java, key is com.vmware.loginsight.config.AuthenticationAdPortType.portType.
2017-07-07 16:24:52,216 ERROR key not legal, sourcePath is : D:\strata\loginsight\components\commons-lib\lib\src\com\vmware\loginsight\config\distributed\ServiceGroup.java, key is com.vmware.loginsight.config.distributed.KnownServiceGroup.
2017-07-07 16:24:53,141 ERROR key not legal, sourcePath is : D:\strata\loginsight\components\commons-lib\lib\src\com\vmware\loginsight\rbac\Capability.java, key is com.vmware.loginsight.rbac.Capability.
2017-07-07 16:24:53,141 ERROR key not legal, sourcePath is : D:\strata\loginsight\components\commons-lib\lib\src\com\vmware\loginsight\rbac\Capability.java, key is com.vmware.loginsight.rbac.Capability.
2017-07-07 16:24:59,270 ERROR key not legal, sourcePath is : D:\strata\loginsight\components\commons-lib\lib\test\com\vmware\loginsight\rbac\CapabilityTestCase.java, key is com.vmware.loginsight.rbac.Capability.
2017-07-07 16:24:59,270 ERROR key not legal, sourcePath is : D:\strata\loginsight\components\commons-lib\lib\test\com\vmware\loginsight\rbac\CapabilityTestCase.java, key is com.vmware.loginsight.rbac.Capability.
2017-07-07 16:24:59,270 ERROR key not legal, sourcePath is : D:\strata\loginsight\components\commons-lib\lib\test\com\vmware\loginsight\rbac\CapabilityTestCase.java, key is com.vmware.loginsight.rbac.Capability.
2017-07-07 16:24:59,272 ERROR key not legal, sourcePath is : D:\strata\loginsight\components\commons-lib\lib\test\com\vmware\loginsight\rbac\CapabilityTestCase.java, key is com.vmware.loginsight.rbac.Capability.
2017-07-07 16:25:03,993 ERROR key not legal, sourcePath is : D:\strata\loginsight\components\database-lib\lib\src\com\vmware\loginsight\database\cache\LicenseCheck.java, key is com.vmware.loginsight.database.cache.LicenseCheck.LicenseExpiredMessage
2017-07-07 16:25:32,076 ERROR key not legal, sourcePath is : D:\strata\loginsight\components\ui\application\src\com\vmware\loginsight\web\actions\settings\AuthConfigurationActionBean.java, key is com.vmware.loginsight.web.actions.settings.AuthConfigurationActionBean.
2017-07-07 16:25:32,078 ERROR key not legal, sourcePath is : D:\strata\loginsight\components\ui\application\src\com\vmware\loginsight\web\actions\settings\AuthConfigurationActionBean.java, key is com.vmware.loginsight.web.actions.settings.AuthConfigurationActionBean.
2017-07-07 16:25:32,155 ERROR key not legal, sourcePath is : D:\strata\loginsight\components\ui\application\src\com\vmware\loginsight\web\actions\settings\EventForwardingActionBean.java, key is com.vmware.loginsight.web.actions.settings.EventForwardingActionBean.
2017-07-07 16:25:32,770 ERROR key not legal, sourcePath is : D:\strata\loginsight\components\ui\application\src\com\vmware\loginsight\web\search\executor\AbstractMessageSearchExecutor.java, key is com.vmware.loginsight.web.actions.message.LogMessageActionBean.exportException
2017-07-07 16:25:33,052 ERROR key not legal, sourcePath is : D:\strata\loginsight\components\ui\application\src\com\vmware\loginsight\web\settings\ClusterNodeStatus.java, key is com.vmware.loginsight.web.settings.ClusterNodeStatus.
2017-07-07 16:25:33,229 ERROR key not legal, sourcePath is : D:\strata\loginsight\components\ui\application\src\com\vmware\loginsight\web\settings\stats\StatsTableType.java, key is com.vmware.loginsight.web.settings.stats.StatsTableType.
2017-07-07 16:25:33,229 ERROR key not legal, sourcePath is : D:\strata\loginsight\components\ui\application\src\com\vmware\loginsight\web\settings\stats\StatsTableType.java, key is com.vmware.loginsight.web.settings.stats.StatsTableType.
2017-07-07 16:25:38,362 ERROR key not legal, sourcePath is : D:\strata\loginsight\components\ui\application\WebContent\js\widgets-yui3\IncrementalChart\Renderers\IncrementalChartRenderer.js, key is widgetsYui3_incrementalChart_legendInfo_action
2017-07-07 16:25:38,362 ERROR key not legal, sourcePath is : D:\strata\loginsight\components\ui\application\WebContent\js\widgets-yui3\IncrementalChart\Renderers\IncrementalChartRenderer.js, key is widgetsYui3_incrementalChart_legendInfo_result
2017-07-07 16:25:39,822 ERROR key not legal, sourcePath is : D:\strata\loginsight\components\ui\application\WebContent\js\widgets-yui3\TimeChooser\TimeChooser.js, key is home_content_homeContentHeaderView_
2017-07-07 16:25:40,006 ERROR key not legal, sourcePath is : D:\strata\loginsight\components\ui\application\WebContent\js\widgets-yui3\ValidatingTextBox\ValidatingTextBox.js, key is widgets-yui3_ValidatingTextBox_ValidatingTextBox_validateNowValueIsRequired
2017-07-07 16:26:22,641 ERROR key not legal, sourcePath is : D:\strata\loginsight\components\ui\application\WebContent\loginsight\admin\agents\agents-config.jsp, key is ${beanClass}.agentConfigNote
2017-07-07 16:26:22,693 ERROR key not legal, sourcePath is : D:\strata\loginsight\components\ui\application\WebContent\loginsight\admin\agents\agents-table-view.jsp, key is ${beanClass}.tooltip.export
2017-07-07 16:26:22,693 ERROR key not legal, sourcePath is : D:\strata\loginsight\components\ui\application\WebContent\loginsight\admin\agents\agents-table-view.jsp, key is ${beanClass}.export
2017-07-07 16:26:22,711 ERROR key not legal, sourcePath is : D:\strata\loginsight\components\ui\application\WebContent\loginsight\admin\agents\agents-view.jsp, key is ${beanClass}.downloadAgent
2017-07-07 16:26:22,713 ERROR key not legal, sourcePath is : D:\strata\loginsight\components\ui\application\WebContent\loginsight\admin\agents\agents-view.jsp, key is ${beanClass}.newGroup
2017-07-07 16:26:22,713 ERROR key not legal, sourcePath is : D:\strata\loginsight\components\ui\application\WebContent\loginsight\admin\agents\agents-view.jsp, key is ${beanClass}.refresh
2017-07-07 16:26:22,713 ERROR key not legal, sourcePath is : D:\strata\loginsight\components\ui\application\WebContent\loginsight\admin\agents\agents-view.jsp, key is ${beanClass}.noAgents
2017-07-07 16:26:22,907 ERROR key not legal, sourcePath is : D:\strata\loginsight\components\ui\application\WebContent\loginsight\admin\agents\agents.jsp, key is ${beanClass}.downloadAgent
2017-07-07 16:26:23,184 ERROR key not legal, sourcePath is : D:\strata\loginsight\components\ui\application\WebContent\loginsight\admin\alerts\alerts-view.jsp, key is ${beanClass}.suspend
2017-07-07 16:26:23,186 ERROR key not legal, sourcePath is : D:\strata\loginsight\components\ui\application\WebContent\loginsight\admin\alerts\alerts-view.jsp, key is ${beanClass}.help.suspend
2017-07-07 16:26:23,186 ERROR key not legal, sourcePath is : D:\strata\loginsight\components\ui\application\WebContent\loginsight\admin\alerts\alerts-view.jsp, key is ${beanClass}.tooltip.export
2017-07-07 16:26:23,187 ERROR key not legal, sourcePath is : D:\strata\loginsight\components\ui\application\WebContent\loginsight\admin\alerts\alerts-view.jsp, key is ${beanClass}.export
2017-07-07 16:26:23,224 ERROR key not legal, sourcePath is : D:\strata\loginsight\components\ui\application\WebContent\loginsight\admin\appliance\appliance.jsp, key is ${beanClass}.manage.versionHeader
2017-07-07 16:26:23,224 ERROR key not legal, sourcePath is : D:\strata\loginsight\components\ui\application\WebContent\loginsight\admin\appliance\appliance.jsp, key is ${beanClass}.manage.installedVersion
2017-07-07 16:26:23,226 ERROR key not legal, sourcePath is : D:\strata\loginsight\components\ui\application\WebContent\loginsight\admin\appliance\appliance.jsp, key is ${beanClass}.manage.upgrade
2017-07-07 16:26:23,226 ERROR key not legal, sourcePath is : D:\strata\loginsight\components\ui\application\WebContent\loginsight\admin\appliance\appliance.jsp, key is ${beanClass}.network.networkHeader
2017-07-07 16:26:23,226 ERROR key not legal, sourcePath is : D:\strata\loginsight\components\ui\application\WebContent\loginsight\admin\appliance\appliance.jsp, key is ${beanClass}.network.instructions
2017-07-07 16:26:23,226 ERROR key not legal, sourcePath is : D:\strata\loginsight\components\ui\application\WebContent\loginsight\admin\appliance\appliance.jsp, key is ${beanClass}.network.netmask
2017-07-07 16:26:23,226 ERROR key not legal, sourcePath is : D:\strata\loginsight\components\ui\application\WebContent\loginsight\admin\appliance\appliance.jsp, key is ${beanClass}.network.gateway
2017-07-07 16:26:23,227 ERROR key not legal, sourcePath is : D:\strata\loginsight\components\ui\application\WebContent\loginsight\admin\appliance\appliance.jsp, key is ${beanClass}.network.dns
2017-07-07 16:26:23,227 ERROR key not legal, sourcePath is : D:\strata\loginsight\components\ui\application\WebContent\loginsight\admin\appliance\appliance.jsp, key is ${beanClass}.manage.support
2017-07-07 16:26:23,229 ERROR key not legal, sourcePath is : D:\strata\loginsight\components\ui\application\WebContent\loginsight\admin\appliance\appliance.jsp, key is ${beanClass}.manage.bundle
2017-07-07 16:26:23,229 ERROR key not legal, sourcePath is : D:\strata\loginsight\components\ui\application\WebContent\loginsight\admin\appliance\appliance.jsp, key is ${beanClass}.manage.downloadBundle
2017-07-07 16:26:23,229 ERROR key not legal, sourcePath is : D:\strata\loginsight\components\ui\application\WebContent\loginsight\admin\appliance\appliance.jsp, key is ${beanClass}.manage.supportBundleInfo
2017-07-07 16:26:23,229 ERROR key not legal, sourcePath is : D:\strata\loginsight\components\ui\application\WebContent\loginsight\admin\appliance\appliance.jsp, key is ${beanClass}.manage.vaRequiredBundle
2017-07-07 16:26:23,230 ERROR key not legal, sourcePath is : D:\strata\loginsight\components\ui\application\WebContent\loginsight\admin\appliance\appliance.jsp, key is ${beanClass}.manage.restart
2017-07-07 16:26:23,230 ERROR key not legal, sourcePath is : D:\strata\loginsight\components\ui\application\WebContent\loginsight\admin\appliance\appliance.jsp, key is ${beanClass}.manage.lastRestart
2017-07-07 16:26:23,230 ERROR key not legal, sourcePath is : D:\strata\loginsight\components\ui\application\WebContent\loginsight\admin\appliance\appliance.jsp, key is ${beanClass}.unavailable
2017-07-07 16:26:23,247 ERROR key not legal, sourcePath is : D:\strata\loginsight\components\ui\application\WebContent\loginsight\admin\auth\auth-ad-view.jsp, key is ${beanClass}.deprecatedAD
2017-07-07 16:26:23,250 ERROR key not legal, sourcePath is : D:\strata\loginsight\components\ui\application\WebContent\loginsight\admin\auth\auth-ad-view.jsp, key is ${beanClass}.enableAD
2017-07-07 16:26:23,250 ERROR key not legal, sourcePath is : D:\strata\loginsight\components\ui\application\WebContent\loginsight\admin\auth\auth-ad-view.jsp, key is ${beanClass}.domain
2017-07-07 16:26:23,250 ERROR key not legal, sourcePath is : D:\strata\loginsight\components\ui\application\WebContent\loginsight\admin\auth\auth-ad-view.jsp, key is ${beanClass}.help.domain
2017-07-07 16:26:23,250 ERROR key not legal, sourcePath is : D:\strata\loginsight\components\ui\application\WebContent\loginsight\admin\auth\auth-ad-view.jsp, key is ${beanClass}.domainControllers
2017-07-07 16:26:23,252 ERROR key not legal, sourcePath is : D:\strata\loginsight\components\ui\application\WebContent\loginsight\admin\auth\auth-ad-view.jsp, key is ${beanClass}.port
2017-07-07 16:26:23,253 ERROR key not legal, sourcePath is : D:\strata\loginsight\components\ui\application\WebContent\loginsight\admin\auth\auth-ad-view.jsp, key is ${beanClass}.requireSsl
2017-07-07 16:26:23,253 ERROR key not legal, sourcePath is : D:\strata\loginsight\components\ui\application\WebContent\loginsight\admin\auth\auth-ad-view.jsp, key is ${beanClass}.needUserAlert
2017-07-07 16:26:23,306 ERROR key not legal, sourcePath is : D:\strata\loginsight\components\ui\application\WebContent\loginsight\admin\auth\auth-tab-view.jsp, key is ${empty currentSection ? 'configuration' : currentSection}
2017-07-07 16:26:23,325 ERROR key not legal, sourcePath is : D:\strata\loginsight\components\ui\application\WebContent\loginsight\admin\auth\auth-vidm-view.jsp, key is ${beanClass}.enableSSO
2017-07-07 16:26:23,325 ERROR key not legal, sourcePath is : D:\strata\loginsight\components\ui\application\WebContent\loginsight\admin\auth\auth-vidm-view.jsp, key is ${beanClass}.ssoHost
2017-07-07 16:26:23,325 ERROR key not legal, sourcePath is : D:\strata\loginsight\components\ui\application\WebContent\loginsight\admin\auth\auth-vidm-view.jsp, key is ${beanClass}.ssoPort
2017-07-07 16:26:23,326 ERROR key not legal, sourcePath is : D:\strata\loginsight\components\ui\application\WebContent\loginsight\admin\auth\auth-vidm-view.jsp, key is ${beanClass}.ssoTenant
2017-07-07 16:26:23,328 ERROR key not legal, sourcePath is : D:\strata\loginsight\components\ui\application\WebContent\loginsight\admin\auth\auth-vidm-view.jsp, key is ${beanClass}.ssoUser
2017-07-07 16:26:23,328 ERROR key not legal, sourcePath is : D:\strata\loginsight\components\ui\application\WebContent\loginsight\admin\auth\auth-vidm-view.jsp, key is ${beanClass}.ssoRedirectIp
2017-07-07 16:26:23,329 ERROR key not legal, sourcePath is : D:\strata\loginsight\components\ui\application\WebContent\loginsight\admin\auth\auth-vidm-view.jsp, key is ${beanClass}.ssoStatus
2017-07-07 16:26:23,331 ERROR key not legal, sourcePath is : D:\strata\loginsight\components\ui\application\WebContent\loginsight\admin\auth\auth-vidm-view.jsp, key is ${beanClass}.ssoImitateAdUserLogin
2017-07-07 16:26:23,414 ERROR key not legal, sourcePath is : D:\strata\loginsight\components\ui\application\WebContent\loginsight\admin\base\config-base.jsp, key is ${currentPage}
2017-07-07 16:26:23,414 ERROR key not legal, sourcePath is : D:\strata\loginsight\components\ui\application\WebContent\loginsight\admin\base\config-base.jsp, key is ${empty currentSection ? 'configuration' : currentSection}
2017-07-07 16:26:23,549 ERROR key not legal, sourcePath is : D:\strata\loginsight\components\ui\application\WebContent\loginsight\admin\cluster\cluster-config-view.jsp, key is ${beanClass}.noVipsMessage
2017-07-07 16:26:23,552 ERROR key not legal, sourcePath is : D:\strata\loginsight\components\ui\application\WebContent\loginsight\admin\cluster\cluster-config-view.jsp, key is ${beanClass}.help.fqdn
2017-07-07 16:26:23,552 ERROR key not legal, sourcePath is : D:\strata\loginsight\components\ui\application\WebContent\loginsight\admin\cluster\cluster-config-view.jsp, key is ${beanClass}.help.tags
2017-07-07 16:26:23,575 ERROR key not legal, sourcePath is : D:\strata\loginsight\components\ui\application\WebContent\loginsight\admin\cluster\cluster-view.jsp, key is ${clusterBeanClass}.clusterNtpWarn
2017-07-07 16:26:23,575 ERROR key not legal, sourcePath is : D:\strata\loginsight\components\ui\application\WebContent\loginsight\admin\cluster\cluster-view.jsp, key is ${clusterBeanClass}.warningTitle
2017-07-07 16:26:23,575 ERROR key not legal, sourcePath is : D:\strata\loginsight\components\ui\application\WebContent\loginsight\admin\cluster\cluster-view.jsp, key is ${clusterBeanClass}.warningContent
2017-07-07 16:26:23,575 ERROR key not legal, sourcePath is : D:\strata\loginsight\components\ui\application\WebContent\loginsight\admin\cluster\cluster-view.jsp, key is ${clusterBeanClass}.clusterDataNotAvailable
2017-07-07 16:26:23,575 ERROR key not legal, sourcePath is : D:\strata\loginsight\components\ui\application\WebContent\loginsight\admin\cluster\cluster-view.jsp, key is ${clusterBeanClass}.workers
2017-07-07 16:26:23,575 ERROR key not legal, sourcePath is : D:\strata\loginsight\components\ui\application\WebContent\loginsight\admin\cluster\cluster-view.jsp, key is ${clusterBeanClass}.standaloneMode
2017-07-07 16:26:23,575 ERROR key not legal, sourcePath is : D:\strata\loginsight\components\ui\application\WebContent\loginsight\admin\cluster\cluster-view.jsp, key is ${clusterBeanClass}.addWorker
2017-07-07 16:26:23,575 ERROR key not legal, sourcePath is : D:\strata\loginsight\components\ui\application\WebContent\loginsight\admin\cluster\cluster-view.jsp, key is ${clusterBeanClass}.clusterUpsell
2017-07-07 16:26:23,575 ERROR key not legal, sourcePath is : D:\strata\loginsight\components\ui\application\WebContent\loginsight\admin\cluster\cluster-view.jsp, key is ${clusterBeanClass}.addWorker
2017-07-07 16:26:23,578 ERROR key not legal, sourcePath is : D:\strata\loginsight\components\ui\application\WebContent\loginsight\admin\cluster\cluster-view.jsp, key is ${beanClass}.manage.downloadBundle
2017-07-07 16:26:23,578 ERROR key not legal, sourcePath is : D:\strata\loginsight\components\ui\application\WebContent\loginsight\admin\cluster\cluster-view.jsp, key is ${beanClass}.manage.supportBundleInfo
2017-07-07 16:26:23,579 ERROR key not legal, sourcePath is : D:\strata\loginsight\components\ui\application\WebContent\loginsight\admin\cluster\cluster-view.jsp, key is ${beanClass}.manage.downloadBundle
2017-07-07 16:26:23,579 ERROR key not legal, sourcePath is : D:\strata\loginsight\components\ui\application\WebContent\loginsight\admin\cluster\cluster-view.jsp, key is ${beanClass}.manage.versionHeader
2017-07-07 16:26:23,581 ERROR key not legal, sourcePath is : D:\strata\loginsight\components\ui\application\WebContent\loginsight\admin\cluster\cluster-view.jsp, key is ${beanClass}.manage.installedVersion
2017-07-07 16:26:23,581 ERROR key not legal, sourcePath is : D:\strata\loginsight\components\ui\application\WebContent\loginsight\admin\cluster\cluster-view.jsp, key is ${beanClass}.network.networkHeader
2017-07-07 16:26:23,581 ERROR key not legal, sourcePath is : D:\strata\loginsight\components\ui\application\WebContent\loginsight\admin\cluster\cluster-view.jsp, key is ${beanClass}.network.ip
2017-07-07 16:26:23,582 ERROR key not legal, sourcePath is : D:\strata\loginsight\components\ui\application\WebContent\loginsight\admin\cluster\cluster-view.jsp, key is ${beanClass}.network.netmask
2017-07-07 16:26:23,582 ERROR key not legal, sourcePath is : D:\strata\loginsight\components\ui\application\WebContent\loginsight\admin\cluster\cluster-view.jsp, key is ${beanClass}.network.gateway
2017-07-07 16:26:23,582 ERROR key not legal, sourcePath is : D:\strata\loginsight\components\ui\application\WebContent\loginsight\admin\cluster\cluster-view.jsp, key is ${beanClass}.network.dns
2017-07-07 16:26:23,582 ERROR key not legal, sourcePath is : D:\strata\loginsight\components\ui\application\WebContent\loginsight\admin\cluster\cluster-view.jsp, key is ${beanClass}.manage.restart
2017-07-07 16:26:23,584 ERROR key not legal, sourcePath is : D:\strata\loginsight\components\ui\application\WebContent\loginsight\admin\cluster\cluster-view.jsp, key is ${beanClass}.manage.lastRestart
2017-07-07 16:26:23,584 ERROR key not legal, sourcePath is : D:\strata\loginsight\components\ui\application\WebContent\loginsight\admin\cluster\cluster-view.jsp, key is ${beanClass}.manage.support
2017-07-07 16:26:23,584 ERROR key not legal, sourcePath is : D:\strata\loginsight\components\ui\application\WebContent\loginsight\admin\cluster\cluster-view.jsp, key is ${beanClass}.manage.downloadBundle
2017-07-07 16:26:23,585 ERROR key not legal, sourcePath is : D:\strata\loginsight\components\ui\application\WebContent\loginsight\admin\cluster\cluster-view.jsp, key is ${beanClass}.manage.supportBundleInfo
2017-07-07 16:26:23,585 ERROR key not legal, sourcePath is : D:\strata\loginsight\components\ui\application\WebContent\loginsight\admin\cluster\cluster-view.jsp, key is ${beanClass}.manage.vaRequiredBundle
2017-07-07 16:26:23,585 ERROR key not legal, sourcePath is : D:\strata\loginsight\components\ui\application\WebContent\loginsight\admin\cluster\cluster-view.jsp, key is ${clusterBeanClass}.vipsTitle
2017-07-07 16:26:23,585 ERROR key not legal, sourcePath is : D:\strata\loginsight\components\ui\application\WebContent\loginsight\admin\cluster\cluster-view.jsp, key is ${beanClass}.deprecatedExternalLoadBalancer
2017-07-07 16:26:23,586 ERROR key not legal, sourcePath is : D:\strata\loginsight\components\ui\application\WebContent\loginsight\admin\cluster\cluster-view.jsp, key is ${clusterBeanClass}.requestedMsg
2017-07-07 16:26:23,609 ERROR key not legal, sourcePath is : D:\strata\loginsight\components\ui\application\WebContent\loginsight\admin\cluster\cluster.jsp, key is ${beanClass}.refreshData
2017-07-07 16:26:23,677 ERROR key not legal, sourcePath is : D:\strata\loginsight\components\ui\application\WebContent\loginsight\admin\config\config-view.jsp, key is ${beanClass}.warning
2017-07-07 16:26:23,700 ERROR key not legal, sourcePath is : D:\strata\loginsight\components\ui\application\WebContent\loginsight\admin\forward\forward-edit.jsp, key is ${beanClass}.help.ssl
2017-07-07 16:26:23,700 ERROR key not legal, sourcePath is : D:\strata\loginsight\components\ui\application\WebContent\loginsight\admin\forward\forward-edit.jsp, key is ${beanClass}.help.tags
2017-07-07 16:26:23,753 ERROR key not legal, sourcePath is : D:\strata\loginsight\components\ui\application\WebContent\loginsight\admin\forward\forwarding-view.jsp, key is ${beanClass}.targets
2017-07-07 16:26:23,755 ERROR key not legal, sourcePath is : D:\strata\loginsight\components\ui\application\WebContent\loginsight\admin\forward\forwarding-view.jsp, key is ${beanClass}.delete
2017-07-07 16:26:23,809 ERROR key not legal, sourcePath is : D:\strata\loginsight\components\ui\application\WebContent\loginsight\admin\general\general-view.jsp, key is ${beanClass}.alerts
2017-07-07 16:26:23,809 ERROR key not legal, sourcePath is : D:\strata\loginsight\components\ui\application\WebContent\loginsight\admin\general\general-view.jsp, key is ${beanClass}.emailList
2017-07-07 16:26:23,809 ERROR key not legal, sourcePath is : D:\strata\loginsight\components\ui\application\WebContent\loginsight\admin\general\general-view.jsp, key is ${beanClass}.webhooksList
2017-07-07 16:26:23,811 ERROR key not legal, sourcePath is : D:\strata\loginsight\components\ui\application\WebContent\loginsight\admin\general\general-view.jsp, key is ${beanClass}.rnt
2017-07-07 16:26:23,812 ERROR key not legal, sourcePath is : D:\strata\loginsight\components\ui\application\WebContent\loginsight\admin\general\general-view.jsp, key is ${beanClass}.timeout
2017-07-07 16:26:23,812 ERROR key not legal, sourcePath is : D:\strata\loginsight\components\ui\application\WebContent\loginsight\admin\general\general-view.jsp, key is ${beanClass}.phoneHome
2017-07-07 16:26:23,812 ERROR key not legal, sourcePath is : D:\strata\loginsight\components\ui\application\WebContent\loginsight\admin\general\general-view.jsp, key is ${beanClass}.phoneHome
2017-07-07 16:26:23,813 ERROR key not legal, sourcePath is : D:\strata\loginsight\components\ui\application\WebContent\loginsight\admin\general\general-view.jsp, key is ${beanClass}.phoneHomeFeedback
2017-07-07 16:26:23,815 ERROR key not legal, sourcePath is : D:\strata\loginsight\components\ui\application\WebContent\loginsight\admin\general\general-view.jsp, key is ${beanClass}.phoneHome
2017-07-07 16:26:23,815 ERROR key not legal, sourcePath is : D:\strata\loginsight\components\ui\application\WebContent\loginsight\admin\general\general-view.jsp, key is ${beanClass}.phoneHomeFeedbackText
2017-07-07 16:26:23,816 ERROR key not legal, sourcePath is : D:\strata\loginsight\components\ui\application\WebContent\loginsight\admin\general\general-view.jsp, key is ${beanClass}.help.experimental
2017-07-07 16:26:23,816 ERROR key not legal, sourcePath is : D:\strata\loginsight\components\ui\application\WebContent\loginsight\admin\general\general-view.jsp, key is ${beanClass}.enableImpersonate
2017-07-07 16:26:23,875 ERROR key not legal, sourcePath is : D:\strata\loginsight\components\ui\application\WebContent\loginsight\admin\health\health-resources.jsp, key is ${beanClass}.unavailable
2017-07-07 16:26:23,877 ERROR key not legal, sourcePath is : D:\strata\loginsight\components\ui\application\WebContent\loginsight\admin\health\health-resources.jsp, key is ${beanClass}.unavailable
2017-07-07 16:26:23,878 ERROR key not legal, sourcePath is : D:\strata\loginsight\components\ui\application\WebContent\loginsight\admin\health\health-resources.jsp, key is ${beanClass}.resources.memory
2017-07-07 16:26:23,878 ERROR key not legal, sourcePath is : D:\strata\loginsight\components\ui\application\WebContent\loginsight\admin\health\health-resources.jsp, key is ${beanClass}.unavailable
2017-07-07 16:26:23,881 ERROR key not legal, sourcePath is : D:\strata\loginsight\components\ui\application\WebContent\loginsight\admin\health\health-resources.jsp, key is ${beanClass}.unavailable
2017-07-07 16:26:23,882 ERROR key not legal, sourcePath is : D:\strata\loginsight\components\ui\application\WebContent\loginsight\admin\health\health-resources.jsp, key is ${beanClass}.unavailable
2017-07-07 16:26:23,885 ERROR key not legal, sourcePath is : D:\strata\loginsight\components\ui\application\WebContent\loginsight\admin\health\health-resources.jsp, key is ${beanClass}.resources.${empty actionBean.repoConfig.archiveDirectory ? 'archiveDisabled' : 'archiveNotMounted'}
2017-07-07 16:26:23,915 ERROR key not legal, sourcePath is : D:\strata\loginsight\components\ui\application\WebContent\loginsight\admin\health\health.js, key is admin_health_section_
2017-07-07 16:26:23,917 ERROR key not legal, sourcePath is : D:\strata\loginsight\components\ui\application\WebContent\loginsight\admin\health\health.js, key is admin_health_section_
2017-07-07 16:26:23,953 ERROR key not legal, sourcePath is : D:\strata\loginsight\components\ui\application\WebContent\loginsight\admin\health\health.jsp, key is ${beanClass}.queries
2017-07-07 16:26:23,953 ERROR key not legal, sourcePath is : D:\strata\loginsight\components\ui\application\WebContent\loginsight\admin\health\health.jsp, key is ${beanClass}.stats
2017-07-07 16:26:23,984 ERROR key not legal, sourcePath is : D:\strata\loginsight\components\ui\application\WebContent\loginsight\admin\hosts\hosts-view.jsp, key is ${beanClass}.tooltip.export
2017-07-07 16:26:23,984 ERROR key not legal, sourcePath is : D:\strata\loginsight\components\ui\application\WebContent\loginsight\admin\hosts\hosts-view.jsp, key is ${beanClass}.export
2017-07-07 16:26:23,984 ERROR key not legal, sourcePath is : D:\strata\loginsight\components\ui\application\WebContent\loginsight\admin\hosts\hosts-view.jsp, key is ${beanClass}.noHosts
2017-07-07 16:26:24,003 ERROR key not legal, sourcePath is : D:\strata\loginsight\components\ui\application\WebContent\loginsight\admin\hosts\hosts.jsp, key is ${beanClass}.missingHosts
2017-07-07 16:26:24,026 ERROR key not legal, sourcePath is : D:\strata\loginsight\components\ui\application\WebContent\loginsight\admin\license\license-status.jsp, key is ${beanClass}.type
2017-07-07 16:26:24,029 ERROR key not legal, sourcePath is : D:\strata\loginsight\components\ui\application\WebContent\loginsight\admin\license\license-status.jsp, key is ${beanClass}.averageOsis
2017-07-07 16:26:24,049 ERROR key not legal, sourcePath is : D:\strata\loginsight\components\ui\application\WebContent\loginsight\admin\license\license-view.jsp, key is ${beanClass}.saveButton
2017-07-07 16:26:24,092 ERROR key not legal, sourcePath is : D:\strata\loginsight\components\ui\application\WebContent\loginsight\admin\shared\restart-view-button.jsp, key is logInsight.restart.restartButton${restartButtonTextSuffix}
2017-07-07 16:26:24,188 ERROR key not legal, sourcePath is : D:\strata\loginsight\components\ui\application\WebContent\loginsight\admin\smtp\smtp-view.jsp, key is ${beanClass}.server
2017-07-07 16:26:24,190 ERROR key not legal, sourcePath is : D:\strata\loginsight\components\ui\application\WebContent\loginsight\admin\smtp\smtp-view.jsp, key is ${beanClass}.port
2017-07-07 16:26:24,190 ERROR key not legal, sourcePath is : D:\strata\loginsight\components\ui\application\WebContent\loginsight\admin\smtp\smtp-view.jsp, key is ${beanClass}.ssl
2017-07-07 16:26:24,190 ERROR key not legal, sourcePath is : D:\strata\loginsight\components\ui\application\WebContent\loginsight\admin\smtp\smtp-view.jsp, key is ${beanClass}.help.ssl
2017-07-07 16:26:24,190 ERROR key not legal, sourcePath is : D:\strata\loginsight\components\ui\application\WebContent\loginsight\admin\smtp\smtp-view.jsp, key is ${beanClass}.tls
2017-07-07 16:26:24,190 ERROR key not legal, sourcePath is : D:\strata\loginsight\components\ui\application\WebContent\loginsight\admin\smtp\smtp-view.jsp, key is ${beanClass}.sender
2017-07-07 16:26:24,191 ERROR key not legal, sourcePath is : D:\strata\loginsight\components\ui\application\WebContent\loginsight\admin\smtp\smtp-view.jsp, key is ${beanClass}.sendTest
2017-07-07 16:26:24,242 ERROR key not legal, sourcePath is : D:\strata\loginsight\components\ui\application\WebContent\loginsight\admin\ssl\ssl-view.jsp, key is ${beanClass}.help.certificate
2017-07-07 16:26:24,243 ERROR key not legal, sourcePath is : D:\strata\loginsight\components\ui\application\WebContent\loginsight\admin\ssl\ssl-view.jsp, key is ${beanClass}.certificate
2017-07-07 16:26:24,243 ERROR key not legal, sourcePath is : D:\strata\loginsight\components\ui\application\WebContent\loginsight\admin\ssl\ssl-view.jsp, key is ${beanClass}.existing
2017-07-07 16:26:24,243 ERROR key not legal, sourcePath is : D:\strata\loginsight\components\ui\application\WebContent\loginsight\admin\ssl\ssl-view.jsp, key is ${beanClass}.help.certificate
2017-07-07 16:26:24,243 ERROR key not legal, sourcePath is : D:\strata\loginsight\components\ui\application\WebContent\loginsight\admin\ssl\ssl-view.jsp, key is ${beanClass}.certificateFile
2017-07-07 16:26:24,244 ERROR key not legal, sourcePath is : D:\strata\loginsight\components\ui\application\WebContent\loginsight\admin\ssl\ssl-view.jsp, key is ${beanClass}.sslOnly
2017-07-07 16:26:24,246 ERROR key not legal, sourcePath is : D:\strata\loginsight\components\ui\application\WebContent\loginsight\admin\ssl\ssl-view.jsp, key is ${beanClass}.uploadingCustomCertificate
2017-07-07 16:26:24,292 ERROR key not legal, sourcePath is : D:\strata\loginsight\components\ui\application\WebContent\loginsight\admin\storage\storage-view.jsp, key is ${beanClass}.enableArchiving
2017-07-07 16:26:24,292 ERROR key not legal, sourcePath is : D:\strata\loginsight\components\ui\application\WebContent\loginsight\admin\storage\storage-view.jsp, key is ${beanClass}.archiveLocation
2017-07-07 16:26:24,322 ERROR key not legal, sourcePath is : D:\strata\loginsight\components\ui\application\WebContent\loginsight\admin\time\time-view.jsp, key is ${beanClass}.hostTime
2017-07-07 16:26:24,355 ERROR key not legal, sourcePath is : D:\strata\loginsight\components\ui\application\WebContent\loginsight\admin\users\data-set-edit.jsp, key is ${beanClass}.description
2017-07-07 16:26:24,430 ERROR key not legal, sourcePath is : D:\strata\loginsight\components\ui\application\WebContent\loginsight\admin\users\rbac-group-edit.jsp, key is ${beanClass}.description
2017-07-07 16:26:24,467 ERROR key not legal, sourcePath is : D:\strata\loginsight\components\ui\application\WebContent\loginsight\admin\users\users-data-sets-tab.jsp, key is ${beanClass}.dataSets
2017-07-07 16:26:24,467 ERROR key not legal, sourcePath is : D:\strata\loginsight\components\ui\application\WebContent\loginsight\admin\users\users-data-sets-tab.jsp, key is ${beanClass}.delete
2017-07-07 16:26:24,469 ERROR key not legal, sourcePath is : D:\strata\loginsight\components\ui\application\WebContent\loginsight\admin\users\users-data-sets-tab.jsp, key is ${beanClass}.disableAutocomplete
2017-07-07 16:26:24,496 ERROR key not legal, sourcePath is : D:\strata\loginsight\components\ui\application\WebContent\loginsight\admin\users\users-rbac-groups-tab.jsp, key is ${beanClass}.delete
2017-07-07 16:26:24,517 ERROR key not legal, sourcePath is : D:\strata\loginsight\components\ui\application\WebContent\loginsight\admin\users\users-users-tab.jsp, key is ${beanClass}.numUser
2017-07-07 16:26:24,519 ERROR key not legal, sourcePath is : D:\strata\loginsight\components\ui\application\WebContent\loginsight\admin\users\users-users-tab.jsp, key is ${beanClass}.users
2017-07-07 16:26:24,519 ERROR key not legal, sourcePath is : D:\strata\loginsight\components\ui\application\WebContent\loginsight\admin\users\users-users-tab.jsp, key is ${beanClass}.delete
2017-07-07 16:26:24,519 ERROR key not legal, sourcePath is : D:\strata\loginsight\components\ui\application\WebContent\loginsight\admin\users\users-users-tab.jsp, key is ${beanClass}.noRoles
2017-07-07 16:26:24,520 ERROR key not legal, sourcePath is : D:\strata\loginsight\components\ui\application\WebContent\loginsight\admin\users\users-users-tab.jsp, key is ${beanClass}.numGroup
2017-07-07 16:26:24,522 ERROR key not legal, sourcePath is : D:\strata\loginsight\components\ui\application\WebContent\loginsight\admin\users\users-users-tab.jsp, key is ${beanClass}.newGroup
2017-07-07 16:26:24,522 ERROR key not legal, sourcePath is : D:\strata\loginsight\components\ui\application\WebContent\loginsight\admin\users\users-users-tab.jsp, key is ${beanClass}.delete
2017-07-07 16:26:24,523 ERROR key not legal, sourcePath is : D:\strata\loginsight\components\ui\application\WebContent\loginsight\admin\users\users-users-tab.jsp, key is ${beanClass}.noRoles
2017-07-07 16:26:24,551 ERROR key not legal, sourcePath is : D:\strata\loginsight\components\ui\application\WebContent\loginsight\admin\users\users-view.jsp, key is ${beanClass}.${actionBean.authDirectoryEnabled ? 'usersAndGroups' : 'users'}
2017-07-07 16:26:24,552 ERROR key not legal, sourcePath is : D:\strata\loginsight\components\ui\application\WebContent\loginsight\admin\users\users-view.jsp, key is ${beanClass}.dataSets
2017-07-07 16:26:24,585 ERROR key not legal, sourcePath is : D:\strata\loginsight\components\ui\application\WebContent\loginsight\admin\users\users.jsp, key is ${beanClass}.editUser
2017-07-07 16:26:24,585 ERROR key not legal, sourcePath is : D:\strata\loginsight\components\ui\application\WebContent\loginsight\admin\users\users.jsp, key is ${beanClass}.newGroup
2017-07-07 16:26:24,585 ERROR key not legal, sourcePath is : D:\strata\loginsight\components\ui\application\WebContent\loginsight\admin\users\users.jsp, key is ${beanClass}.editGroup
2017-07-07 16:26:24,585 ERROR key not legal, sourcePath is : D:\strata\loginsight\components\ui\application\WebContent\loginsight\admin\users\users.jsp, key is ${beanClass}.dataSets
2017-07-07 16:26:24,608 ERROR key not legal, sourcePath is : D:\strata\loginsight\components\ui\application\WebContent\loginsight\admin\vcops\vcops-view.jsp, key is ${beanClass}.explain
2017-07-07 16:26:24,609 ERROR key not legal, sourcePath is : D:\strata\loginsight\components\ui\application\WebContent\loginsight\admin\vcops\vcops-view.jsp, key is ${beanClass}.description
2017-07-07 16:26:24,611 ERROR key not legal, sourcePath is : D:\strata\loginsight\components\ui\application\WebContent\loginsight\admin\vcops\vcops-view.jsp, key is ${beanClass}.enabled
2017-07-07 16:26:24,611 ERROR key not legal, sourcePath is : D:\strata\loginsight\components\ui\application\WebContent\loginsight\admin\vcops\vcops-view.jsp, key is ${beanClass}.target
2017-07-07 16:26:24,611 ERROR key not legal, sourcePath is : D:\strata\loginsight\components\ui\application\WebContent\loginsight\admin\vcops\vcops-view.jsp, key is ${beanClass}.readOnlyTargetTooltip
2017-07-07 16:26:24,612 ERROR key not legal, sourcePath is : D:\strata\loginsight\components\ui\application\WebContent\loginsight\admin\vcops\vcops-view.jsp, key is ${beanClass}.help.target
2017-07-07 16:26:24,706 ERROR key not legal, sourcePath is : D:\strata\loginsight\components\ui\application\WebContent\loginsight\admin\vsphere\vsphere-view.jsp, key is ${beanClass}.explain
2017-07-07 16:26:24,707 ERROR key not legal, sourcePath is : D:\strata\loginsight\components\ui\application\WebContent\loginsight\admin\vsphere\vsphere-view.jsp, key is ${beanClass}.description
2017-07-07 16:26:24,709 ERROR key not legal, sourcePath is : D:\strata\loginsight\components\ui\application\WebContent\loginsight\admin\vsphere\vsphere-view.jsp, key is ${beanClass}.vsphereEvents
2017-07-07 16:26:24,710 ERROR key not legal, sourcePath is : D:\strata\loginsight\components\ui\application\WebContent\loginsight\admin\vsphere\vsphere-view.jsp, key is ${beanClass}.esxiLogs
2017-07-07 16:26:24,710 ERROR key not legal, sourcePath is : D:\strata\loginsight\components\ui\application\WebContent\loginsight\admin\vsphere\vsphere-view.jsp, key is ${beanClass}.help.esxiLogs
2017-07-07 16:26:24,710 ERROR key not legal, sourcePath is : D:\strata\loginsight\components\ui\application\WebContent\loginsight\admin\vsphere\vsphere-view.jsp, key is ${beanClass}.unconfigure
2017-07-07 16:26:24,710 ERROR key not legal, sourcePath is : D:\strata\loginsight\components\ui\application\WebContent\loginsight\admin\vsphere\vsphere-view.jsp, key is ${beanClass}.target
2017-07-07 16:26:24,711 ERROR key not legal, sourcePath is : D:\strata\loginsight\components\ui\application\WebContent\loginsight\admin\vsphere\vsphere-view.jsp, key is ${beanClass}.readOnlyTargetTooltip
2017-07-07 16:26:24,711 ERROR key not legal, sourcePath is : D:\strata\loginsight\components\ui\application\WebContent\loginsight\admin\vsphere\vsphere-view.jsp, key is ${beanClass}.help.target
2017-07-07 16:26:24,713 ERROR key not legal, sourcePath is : D:\strata\loginsight\components\ui\application\WebContent\loginsight\admin\vsphere\vsphere-view.jsp, key is ${beanClass}.esxiLogsUpdatePeriodically
2017-07-07 16:26:24,766 ERROR key not legal, sourcePath is : D:\strata\loginsight\components\ui\application\WebContent\loginsight\admin\wizard\wizard-changepassword-view.jsp, key is ${beanClass}.newPassword
2017-07-07 16:26:24,792 ERROR key not legal, sourcePath is : D:\strata\loginsight\components\ui\application\WebContent\loginsight\admin\wizard\wizard-master-views.jsp, key is ${wizardBeanClass}.changePw
2017-07-07 16:26:24,792 ERROR key not legal, sourcePath is : D:\strata\loginsight\components\ui\application\WebContent\loginsight\admin\wizard\wizard-master-views.jsp, key is ${timeBeanClass}.timeConfigTitle
2017-07-07 16:26:24,792 ERROR key not legal, sourcePath is : D:\strata\loginsight\components\ui\application\WebContent\loginsight\admin\wizard\wizard-master-views.jsp, key is ${generalBeanClass}.generalConfiguration
2017-07-07 16:26:24,811 ERROR key not legal, sourcePath is : D:\strata\loginsight\components\ui\application\WebContent\loginsight\admin\wizard\wizard-worker-view.jsp, key is ${beanClass}.help.fqdn
2017-07-07 16:26:24,855 ERROR key not legal, sourcePath is : D:\strata\loginsight\components\ui\application\WebContent\loginsight\admin\wizard\wizard.jsp, key is ${wizardBeanClass}.introText1
2017-07-07 16:26:24,855 ERROR key not legal, sourcePath is : D:\strata\loginsight\components\ui\application\WebContent\loginsight\admin\wizard\wizard.jsp, key is ${wizardBeanClass}.introText2
2017-07-07 16:26:24,855 ERROR key not legal, sourcePath is : D:\strata\loginsight\components\ui\application\WebContent\loginsight\admin\wizard\wizard.jsp, key is ${wizardBeanClass}.exitTextRestart1
2017-07-07 16:26:24,855 ERROR key not legal, sourcePath is : D:\strata\loginsight\components\ui\application\WebContent\loginsight\admin\wizard\wizard.jsp, key is ${wizardBeanClass}.exitTextRestart2
2017-07-07 16:26:24,857 ERROR key not legal, sourcePath is : D:\strata\loginsight\components\ui\application\WebContent\loginsight\admin\wizard\wizard.jsp, key is ${wizardBeanClass}.exitText1
2017-07-07 16:26:24,857 ERROR key not legal, sourcePath is : D:\strata\loginsight\components\ui\application\WebContent\loginsight\admin\wizard\wizard.jsp, key is ${wizardBeanClass}.exitText2
2017-07-07 16:26:24,857 ERROR key not legal, sourcePath is : D:\strata\loginsight\components\ui\application\WebContent\loginsight\admin\wizard\wizard.jsp, key is ${wizardBeanClass}.chooseDeployment
2017-07-07 16:26:24,857 ERROR key not legal, sourcePath is : D:\strata\loginsight\components\ui\application\WebContent\loginsight\admin\wizard\wizard.jsp, key is ${wizardBeanClass}.joinDeployment
2017-07-07 16:26:24,857 ERROR key not legal, sourcePath is : D:\strata\loginsight\components\ui\application\WebContent\loginsight\admin\wizard\wizard.jsp, key is ${wizardBeanClass}.backButton
2017-07-07 16:26:24,857 ERROR key not legal, sourcePath is : D:\strata\loginsight\components\ui\application\WebContent\loginsight\admin\wizard\wizard.jsp, key is ${wizardBeanClass}.saveButton
2017-07-07 16:26:24,865 ERROR key not legal, sourcePath is : D:\strata\loginsight\components\ui\application\WebContent\loginsight\base\li-base.jsp, key is ${beanClass}.title
2017-07-07 16:26:24,960 ERROR key not legal, sourcePath is : D:\strata\loginsight\components\ui\application\WebContent\loginsight\contentpack\content\contentpack-content-view.jsp, key is ${beanClass}.dashboards
2017-07-07 16:26:24,960 ERROR key not legal, sourcePath is : D:\strata\loginsight\components\ui\application\WebContent\loginsight\contentpack\content\contentpack-content-view.jsp, key is ${beanClass}.queries
2017-07-07 16:26:24,960 ERROR key not legal, sourcePath is : D:\strata\loginsight\components\ui\application\WebContent\loginsight\contentpack\content\contentpack-content-view.jsp, key is ${beanClass}.alerts
2017-07-07 16:26:24,961 ERROR key not legal, sourcePath is : D:\strata\loginsight\components\ui\application\WebContent\loginsight\contentpack\content\contentpack-content-view.jsp, key is ${beanClass}.agentClasses
2017-07-07 16:26:24,961 ERROR key not legal, sourcePath is : D:\strata\loginsight\components\ui\application\WebContent\loginsight\contentpack\content\contentpack-content-view.jsp, key is ${beanClass}.fields
2017-07-07 16:26:24,961 ERROR key not legal, sourcePath is : D:\strata\loginsight\components\ui\application\WebContent\loginsight\contentpack\content\contentpack-content-view.jsp, key is ${beanClass}.dashboards
2017-07-07 16:26:24,963 ERROR key not legal, sourcePath is : D:\strata\loginsight\components\ui\application\WebContent\loginsight\contentpack\content\contentpack-content-view.jsp, key is ${beanClass}.bookmarkedQueries
2017-07-07 16:26:24,963 ERROR key not legal, sourcePath is : D:\strata\loginsight\components\ui\application\WebContent\loginsight\contentpack\content\contentpack-content-view.jsp, key is ${beanClass}.dashboardQueries
2017-07-07 16:26:24,963 ERROR key not legal, sourcePath is : D:\strata\loginsight\components\ui\application\WebContent\loginsight\contentpack\content\contentpack-content-view.jsp, key is ${beanClass}.alerts
2017-07-07 16:26:24,963 ERROR key not legal, sourcePath is : D:\strata\loginsight\components\ui\application\WebContent\loginsight\contentpack\content\contentpack-content-view.jsp, key is ${beanClass}.agentClasses
2017-07-07 16:26:24,964 ERROR key not legal, sourcePath is : D:\strata\loginsight\components\ui\application\WebContent\loginsight\contentpack\content\contentpack-content-view.jsp, key is ${beanClass}.fields
2017-07-07 16:26:24,973 ERROR key not legal, sourcePath is : D:\strata\loginsight\components\ui\application\WebContent\loginsight\contentpack\content\contentpack-export-view.js, key is contentpack_content_contentpackMetadataView_editInfoTitle_
2017-07-07 16:26:25,007 ERROR key not legal, sourcePath is : D:\strata\loginsight\components\ui\application\WebContent\loginsight\contentpack\content\contentpack-marketplace-items-view.jsp, key is ${beanClass}.updateAll
2017-07-07 16:26:25,007 ERROR key not legal, sourcePath is : D:\strata\loginsight\components\ui\application\WebContent\loginsight\contentpack\content\contentpack-marketplace-items-view.jsp, key is ${beanClass}.version
2017-07-07 16:26:25,009 ERROR key not legal, sourcePath is : D:\strata\loginsight\components\ui\application\WebContent\loginsight\contentpack\content\contentpack-marketplace-items-view.jsp, key is ${beanClass}.author
2017-07-07 16:26:25,009 ERROR key not legal, sourcePath is : D:\strata\loginsight\components\ui\application\WebContent\loginsight\contentpack\content\contentpack-marketplace-items-view.jsp, key is ${beanClass}.installed
2017-07-07 16:26:25,012 ERROR key not legal, sourcePath is : D:\strata\loginsight\components\ui\application\WebContent\loginsight\contentpack\content\contentpack-marketplace-items-view.jsp, key is ${beanClass}.version
2017-07-07 16:26:25,012 ERROR key not legal, sourcePath is : D:\strata\loginsight\components\ui\application\WebContent\loginsight\contentpack\content\contentpack-marketplace-items-view.jsp, key is ${beanClass}.installed
2017-07-07 16:26:25,085 ERROR key not legal, sourcePath is : D:\strata\loginsight\components\ui\application\WebContent\loginsight\contentpack\content\contentpack-metadata-view.jsp, key is ${beanClass}.export
2017-07-07 16:26:25,085 ERROR key not legal, sourcePath is : D:\strata\loginsight\components\ui\application\WebContent\loginsight\contentpack\content\contentpack-metadata-view.jsp, key is ${beanClass}.disable
2017-07-07 16:26:25,085 ERROR key not legal, sourcePath is : D:\strata\loginsight\components\ui\application\WebContent\loginsight\contentpack\content\contentpack-metadata-view.jsp, key is ${beanClass}.enable
2017-07-07 16:26:25,085 ERROR key not legal, sourcePath is : D:\strata\loginsight\components\ui\application\WebContent\loginsight\contentpack\content\contentpack-metadata-view.jsp, key is ${beanClass}.instructions
2017-07-07 16:26:25,085 ERROR key not legal, sourcePath is : D:\strata\loginsight\components\ui\application\WebContent\loginsight\contentpack\content\contentpack-metadata-view.jsp, key is ${beanClass}.upgradeInstructions
2017-07-07 16:26:25,085 ERROR key not legal, sourcePath is : D:\strata\loginsight\components\ui\application\WebContent\loginsight\contentpack\content\contentpack-metadata-view.jsp, key is ${beanClass}.uninstall
2017-07-07 16:26:25,173 ERROR key not legal, sourcePath is : D:\strata\loginsight\components\ui\application\WebContent\loginsight\contentpack\content\contentpack-select-contents-view.jsp, key is ${beanClass}.dashboards
2017-07-07 16:26:25,173 ERROR key not legal, sourcePath is : D:\strata\loginsight\components\ui\application\WebContent\loginsight\contentpack\content\contentpack-select-contents-view.jsp, key is ${beanClass}.bookmarkedQueries
2017-07-07 16:26:25,173 ERROR key not legal, sourcePath is : D:\strata\loginsight\components\ui\application\WebContent\loginsight\contentpack\content\contentpack-select-contents-view.jsp, key is ${beanClass}.alerts
2017-07-07 16:26:25,174 ERROR key not legal, sourcePath is : D:\strata\loginsight\components\ui\application\WebContent\loginsight\contentpack\content\contentpack-select-contents-view.jsp, key is ${beanClass}.fields
2017-07-07 16:26:25,174 ERROR key not legal, sourcePath is : D:\strata\loginsight\components\ui\application\WebContent\loginsight\contentpack\content\contentpack-select-contents-view.jsp, key is ${beanClass}.agentClasses
2017-07-07 16:26:25,221 ERROR key not legal, sourcePath is : D:\strata\loginsight\components\ui\application\WebContent\loginsight\contentpack\sidebar\contentpack-import-view.jsp, key is ${beanClass}.importDialog.header
2017-07-07 16:26:25,223 ERROR key not legal, sourcePath is : D:\strata\loginsight\components\ui\application\WebContent\loginsight\contentpack\sidebar\contentpack-import-view.jsp, key is ${beanClass}.importDialog.asPack
2017-07-07 16:26:25,223 ERROR key not legal, sourcePath is : D:\strata\loginsight\components\ui\application\WebContent\loginsight\contentpack\sidebar\contentpack-import-view.jsp, key is ${beanClass}.importDialog.asUser
2017-07-07 16:26:25,348 ERROR key not legal, sourcePath is : D:\strata\loginsight\components\ui\application\WebContent\loginsight\contentpack\sidebar\contentpack-sidebar-view.jsp, key is ${beanClass}.importContent
2017-07-07 16:26:25,509 ERROR key not legal, sourcePath is : D:\strata\loginsight\components\ui\application\WebContent\loginsight\explorer\explorer-alerts-view.jsp, key is ${beanClass}.webhook
2017-07-07 16:26:25,516 ERROR key not legal, sourcePath is : D:\strata\loginsight\components\ui\application\WebContent\loginsight\explorer\explorer-alerts-view.jsp, key is ${beanClass}.description
2017-07-07 16:26:25,520 ERROR key not legal, sourcePath is : D:\strata\loginsight\components\ui\application\WebContent\loginsight\explorer\explorer-alerts-view.jsp, key is ${beanClass}.custom
2017-07-07 16:26:25,522 ERROR key not legal, sourcePath is : D:\strata\loginsight\components\ui\application\WebContent\loginsight\explorer\explorer-alerts-view.jsp, key is ${beanClass}.matchesInLast
2017-07-07 16:26:25,523 ERROR key not legal, sourcePath is : D:\strata\loginsight\components\ui\application\WebContent\loginsight\explorer\explorer-alerts-view.jsp, key is ${beanClass}.custom
2017-07-07 16:26:25,526 ERROR key not legal, sourcePath is : D:\strata\loginsight\components\ui\application\WebContent\loginsight\explorer\explorer-alerts-view.jsp, key is ${beanClass}.eventsInGroup
2017-07-07 16:26:25,529 ERROR key not legal, sourcePath is : D:\strata\loginsight\components\ui\application\WebContent\loginsight\explorer\explorer-alerts-view.jsp, key is ${beanClass}.custom
2017-07-07 16:26:25,644 ERROR key not legal, sourcePath is : D:\strata\loginsight\components\ui\application\WebContent\loginsight\explorer\explorer-extract-fields-view.jsp, key is ${beanClass}.extractFieldAdditionalContext
2017-07-07 16:26:25,644 ERROR key not legal, sourcePath is : D:\strata\loginsight\components\ui\application\WebContent\loginsight\explorer\explorer-extract-fields-view.jsp, key is ${beanClass}.extractFieldAdditionalContext
2017-07-07 16:26:25,671 ERROR key not legal, sourcePath is : D:\strata\loginsight\components\ui\application\WebContent\loginsight\explorer\explorer-faceting-charts-view.jsp, key is ${beanClass}.fields
2017-07-07 16:26:25,719 ERROR key not legal, sourcePath is : D:\strata\loginsight\components\ui\application\WebContent\loginsight\explorer\explorer-filter-date-view-time-ranges.jsp, key is ${beanClass}.to
2017-07-07 16:26:25,750 ERROR key not legal, sourcePath is : D:\strata\loginsight\components\ui\application\WebContent\loginsight\explorer\explorer-main-chart-view.jsp, key is ${beanClass}.revertChart
2017-07-07 16:26:25,819 ERROR key not legal, sourcePath is : D:\strata\loginsight\components\ui\application\WebContent\loginsight\explorer\explorer-saved-fields-view.js, key is explorer_explorerExtractFieldsView_textFollowingFieldsWillDeleted
2017-07-07 16:26:25,819 ERROR key not legal, sourcePath is : D:\strata\loginsight\components\ui\application\WebContent\loginsight\explorer\explorer-saved-fields-view.js, key is explorer_explorerExtractFieldsView_textFollowingFieldWillDeleted
2017-07-07 16:26:25,819 ERROR key not legal, sourcePath is : D:\strata\loginsight\components\ui\application\WebContent\loginsight\explorer\explorer-saved-fields-view.js, key is explorer_explorerExtractFieldsView_textContentPackFieldsCannotDeleted
2017-07-07 16:26:25,821 ERROR key not legal, sourcePath is : D:\strata\loginsight\components\ui\application\WebContent\loginsight\explorer\explorer-saved-fields-view.js, key is explorer_explorerExtractFieldsView_textAreYouSureDeleteTheseFields
2017-07-07 16:26:25,821 ERROR key not legal, sourcePath is : D:\strata\loginsight\components\ui\application\WebContent\loginsight\explorer\explorer-saved-fields-view.js, key is explorer_explorerExtractFieldsView_textAreYouSureDeleteThisField
2017-07-07 16:26:25,904 ERROR key not legal, sourcePath is : D:\strata\loginsight\components\ui\application\WebContent\loginsight\explorer\explorer-set-anchor-view.jsp, key is ${beanClass}.before
2017-07-07 16:26:25,904 ERROR key not legal, sourcePath is : D:\strata\loginsight\components\ui\application\WebContent\loginsight\explorer\explorer-set-anchor-view.jsp, key is ${beanClass}.after
2017-07-07 16:26:26,177 ERROR key not legal, sourcePath is : D:\strata\loginsight\components\ui\application\WebContent\loginsight\help\help.jsp, key is ${beanClass}.documentation
2017-07-07 16:26:26,177 ERROR key not legal, sourcePath is : D:\strata\loginsight\components\ui\application\WebContent\loginsight\help\help.jsp, key is ${beanClass}.support
2017-07-07 16:26:26,177 ERROR key not legal, sourcePath is : D:\strata\loginsight\components\ui\application\WebContent\loginsight\help\help.jsp, key is ${beanClass}.community
2017-07-07 16:26:26,336 ERROR key not legal, sourcePath is : D:\strata\loginsight\components\ui\application\WebContent\loginsight\home\content\home-content-parent-view.js, key is home_content_homeContentSidebarView_errorGettingContentPack
2017-07-07 16:26:26,469 ERROR key not legal, sourcePath is : D:\strata\loginsight\components\ui\application\WebContent\loginsight\home\sidebar\home-sidebar-accordion-view.js, key is home_content_homeContentSidebarView_errorGettingContentPack
2017-07-07 16:26:26,496 ERROR key not legal, sourcePath is : D:\strata\loginsight\components\ui\application\WebContent\loginsight\home\sidebar\home-sidebar-accordion-view.jsp, key is ${beanClass}.newDashboard
2017-07-07 16:26:26,561 ERROR key not legal, sourcePath is : D:\strata\loginsight\components\ui\application\WebContent\loginsight\home\sidebar\home-sidebar-view.js, key is home_content_homeContentSidebarView_errorGettingContentPack
2017-07-07 16:26:26,591 ERROR key not legal, sourcePath is : D:\strata\loginsight\components\ui\application\WebContent\loginsight\login\login.jsp, key is ${beanClass}.title
2017-07-07 16:26:27,841 ERROR key not legal, sourcePath is : D:\strata\loginsight\components\ui\application\WebContent\loginsight\usersettings\usersettings.jsp, key is ${beanClass}.title
2017-07-07 16:26:27,842 ERROR key not legal, sourcePath is : D:\strata\loginsight\components\ui\application\WebContent\loginsight\usersettings\usersettings.jsp, key is ${beanClass}.role
2017-07-07 16:26:27,842 ERROR key not legal, sourcePath is : D:\strata\loginsight\components\ui\application\WebContent\loginsight\usersettings\usersettings.jsp, key is ${beanClass}.noRoles
2017-07-07 16:26:27,842 ERROR key not legal, sourcePath is : D:\strata\loginsight\components\ui\application\WebContent\loginsight\usersettings\usersettings.jsp, key is ${beanClass}.newPassword
2017-07-07 16:26:32,250 ERROR key not legal, sourcePath is : D:\strata\loginsight\components\vcops\service\src\com\vmware\loginsight\vcops\VcopsInventoryMatcher.java, key is com.vmware.loginsight.vcops.VcopsInventoryMatcher.
2017-07-07 16:26:32,625 ERROR key not legal, sourcePath is : D:\strata\loginsight\components\vsphere\lib\src\com\vmware\loginsight\vsphere\config\VimVsphereConfigurer.java, key is com.vmware.loginsight.vsphere.config.VimVsphereConfigurer.skippingHostNote
2017-07-07 16:26:33,176 ERROR key not legal, sourcePath is : D:\strata\loginsight\components\web-lib\lib\src\com\vmware\loginsight\web\enums\MessageViewType.java, key is com.vmware.loginsight.web.enums.messageViewType.
2017-07-07 16:26:33,200 ERROR key not legal, sourcePath is : D:\strata\loginsight\components\web-lib\lib\src\com\vmware\loginsight\web\piql\DateFilterPreset.java, key is com.vmware.loginsight.web.piql.DateFilterPreset.
2017-07-07 16:26:33,233 ERROR key not legal, sourcePath is : D:\strata\loginsight\components\web-lib\lib\src\com\vmware\loginsight\web\piql\PiqlFunction.java, key is com.vmware.loginsight.web.piql.PiqlFunction.
2017-07-07 16:26:33,392 ERROR key not legal, sourcePath is : D:\strata\loginsight\components\web-lib\lib\src\com\vmware\loginsight\web\piql\TimeWindowGrouping.java, key is com.vmware.loginsight.web.piql.TimeWindowGrouping.
2017-07-07 16:26:33,628 ERROR key not legal, sourcePath is : D:\strata\loginsight\components\web-lib\lib\src\com\vmware\loginsight\web\search\ExportFormat.java, key is com.vmware.loginsight.web.search.ExportFormat.
2017-07-07 16:26:34,411 ERROR key not legal, sourcePath is : D:\strata\loginsight\components\web-lib\lib\src\com\vmware\loginsight\web\search\NumericGroupByType.java, key is com.vmware.loginsight.web.search.NumericGroupByType.
2017-07-07 16:26:38,582 ERROR key not legal, sourcePath is : D:\strata\loginsight\components\webservice\providers\src\com\vmware\loginsight\api\providers\query\QueryApiResponse.java, key is com.vmware.loginsight.web.actions.settings.HealthActionBean.osiCheck
