2017-08-14 19:34:27,941 ERROR key not legal, sourcePath is : D:\strata\loginsight\components\analytics\lib\src\com\vmware\loginsight\piql0\AppearFunctionExpr.java, key is com.vmware.loginsight.piql.AppearFunctionExpr.messageNotDefined
2017-08-14 19:34:27,941 ERROR key not legal, sourcePath is : D:\strata\loginsight\components\analytics\lib\src\com\vmware\loginsight\piql0\AppearFunctionExpr.java, key is com.vmware.loginsight.piql.AppearFunctionExpr.onlyAngleAreValid
2017-08-14 19:34:27,941 ERROR key not legal, sourcePath is : D:\strata\loginsight\components\analytics\lib\src\com\vmware\loginsight\piql0\AppearFunctionExpr.java, key is com.vmware.loginsight.piql.AppearFunctionExpr.rightValGreateThanZ
2017-08-14 19:34:27,941 ERROR key not legal, sourcePath is : D:\strata\loginsight\components\analytics\lib\src\com\vmware\loginsight\piql0\AppearFunctionExpr.java, key is com.vmware.loginsight.piql.AppearFunctionExpr.conditionGreaterThanZTrue
2017-08-14 19:34:27,961 ERROR key not legal, sourcePath is : D:\strata\loginsight\components\analytics\lib\src\com\vmware\loginsight\piql0\BeforeFunctionExpr.java, key is com.vmware.loginsight.piql.BeforeFunctionExpr.messageNotDefined
2017-08-14 19:34:27,971 ERROR key not legal, sourcePath is : D:\strata\loginsight\components\analytics\lib\src\com\vmware\loginsight\piql0\BeforeFunctionExpr.java, key is com.vmware.loginsight.piql.BeforeFunctionExpr.messageNotDefined
2017-08-14 19:34:27,971 ERROR key not legal, sourcePath is : D:\strata\loginsight\components\analytics\lib\src\com\vmware\loginsight\piql0\BeforeFunctionExpr.java, key is com.vmware.loginsight.piql.BeforeFunctionExpr.messageInBeforeDifferent
2017-08-14 19:34:27,982 ERROR key not legal, sourcePath is : D:\strata\loginsight\components\analytics\lib\src\com\vmware\loginsight\piql0\BeforeMinDistFunctionExpr.java, key is com.vmware.loginsight.piql.BeforeMinDistFunctionExpr.minDistanceGreaterThanZ
2017-08-14 19:34:28,101 ERROR key not legal, sourcePath is : D:\strata\loginsight\components\analytics\lib\src\com\vmware\loginsight\piql0\GroupByExpr.java, key is com.vmware.loginsight.piql.GroupByExpr.messageInGroupNotDefined
2017-08-14 19:34:28,101 ERROR key not legal, sourcePath is : D:\strata\loginsight\components\analytics\lib\src\com\vmware\loginsight\piql0\GroupByExpr.java, key is com.vmware.loginsight.piql.GroupByExpr.noGroupFieldSpecified
2017-08-14 19:34:28,101 ERROR key not legal, sourcePath is : D:\strata\loginsight\components\analytics\lib\src\com\vmware\loginsight\piql0\GroupByExpr.java, key is com.vmware.loginsight.piql.GroupByExpr.groupByFieldsNotFromSameMsg
2017-08-14 19:34:28,171 ERROR key not legal, sourcePath is : D:\strata\loginsight\components\analytics\lib\src\com\vmware\loginsight\piql0\ItemFieldExpr.java, key is com.vmware.loginsight.piql.ItemFieldExpr.matchingError
2017-08-14 19:34:28,171 ERROR key not legal, sourcePath is : D:\strata\loginsight\components\analytics\lib\src\com\vmware\loginsight\piql0\ItemFieldExpr.java, key is com.vmware.loginsight.piql.ItemFieldExpr.matchingError
2017-08-14 19:34:28,171 ERROR key not legal, sourcePath is : D:\strata\loginsight\components\analytics\lib\src\com\vmware\loginsight\piql0\ItemFieldExpr.java, key is com.vmware.loginsight.piql.ItemFieldExpr.operatorValidForNum
2017-08-14 19:34:28,171 ERROR key not legal, sourcePath is : D:\strata\loginsight\components\analytics\lib\src\com\vmware\loginsight\piql0\ItemFieldExpr.java, key is com.vmware.loginsight.piql.ItemFieldExpr.operatorValidForSets
2017-08-14 19:34:28,171 ERROR key not legal, sourcePath is : D:\strata\loginsight\components\analytics\lib\src\com\vmware\loginsight\piql0\ItemFieldExpr.java, key is com.vmware.loginsight.piql.ItemFieldExpr.invalidOperator
2017-08-14 19:34:28,181 ERROR key not legal, sourcePath is : D:\strata\loginsight\components\analytics\lib\src\com\vmware\loginsight\piql0\LimitExpr.java, key is com.vmware.loginsight.piql.LimitExpr.invalidLIMIT
2017-08-14 19:34:28,252 ERROR key not legal, sourcePath is : D:\strata\loginsight\components\analytics\lib\src\com\vmware\loginsight\piql0\OrderByItem.java, key is com.vmware.loginsight.piql.OrderByItem.messageInOrderNotDefined
2017-08-14 19:34:28,252 ERROR key not legal, sourcePath is : D:\strata\loginsight\components\analytics\lib\src\com\vmware\loginsight\piql0\OrderByItem.java, key is com.vmware.loginsight.piql.OrderByItem.msgCannotAppearInORDER
2017-08-14 19:34:31,911 ERROR key not legal, sourcePath is : D:\strata\loginsight\components\auth\lib\src\com\vmware\loginsight\aaa\krb5\ActiveDirectoryQueryHelper.java, key is com.vmware.loginsight.aaa.krb5.ActiveDirectoryQueryHelper.cannotParseGroups
2017-08-14 19:34:33,242 ERROR key not legal, sourcePath is : D:\strata\loginsight\components\commons-lib\lib\src\com\vmware\loginsight\commons\Errors.java, key is daemonConfigurationException
2017-08-14 19:34:33,242 ERROR key not legal, sourcePath is : D:\strata\loginsight\components\commons-lib\lib\src\com\vmware\loginsight\commons\Errors.java, key is daemonStartupException
2017-08-14 19:34:33,252 ERROR key not legal, sourcePath is : D:\strata\loginsight\components\commons-lib\lib\src\com\vmware\loginsight\commons\Errors.java, key is daemonNotRunning
2017-08-14 19:34:33,252 ERROR key not legal, sourcePath is : D:\strata\loginsight\components\commons-lib\lib\src\com\vmware\loginsight\commons\Errors.java, key is daemonIsRunning
2017-08-14 19:34:33,252 ERROR key not legal, sourcePath is : D:\strata\loginsight\components\commons-lib\lib\src\com\vmware\loginsight\commons\Errors.java, key is configurationWriteError
2017-08-14 19:34:33,252 ERROR key not legal, sourcePath is : D:\strata\loginsight\components\commons-lib\lib\src\com\vmware\loginsight\commons\Errors.java, key is com.vmware.loginsight.commons.Errors.
2017-08-14 19:34:34,211 ERROR key not legal, sourcePath is : D:\strata\loginsight\components\commons-lib\lib\src\com\vmware\loginsight\commons\contentpack\ConstraintOperator.java, key is com.vmware.loginsight.commons.contentpack.ConstraintOperator.
2017-08-14 19:34:34,242 ERROR key not legal, sourcePath is : D:\strata\loginsight\components\commons-lib\lib\src\com\vmware\loginsight\commons\contentpack\ConstraintToggleType.java, key is com.vmware.loginsight.commons.contentpack.ConstraintToggleType.
2017-08-14 19:34:34,371 ERROR key not legal, sourcePath is : D:\strata\loginsight\components\commons-lib\lib\src\com\vmware\loginsight\commons\contentpack\ExtractedFieldPreset.java, key is com.vmware.loginsight.commons.contentpack.ExtractedFieldPreset.
2017-08-14 19:34:34,542 ERROR key not legal, sourcePath is : D:\strata\loginsight\components\commons-lib\lib\src\com\vmware\loginsight\commons\enums\AuthenticationAttribute.java, key is com.vmware.loginsight.commons.enums.AuthenticationAttribute.
2017-08-14 19:34:34,552 ERROR key not legal, sourcePath is : D:\strata\loginsight\components\commons-lib\lib\src\com\vmware\loginsight\commons\enums\AuthenticationMethod.java, key is com.vmware.loginsight.commons.enums.AuthenticationMethod.
2017-08-14 19:34:34,572 ERROR key not legal, sourcePath is : D:\strata\loginsight\components\commons-lib\lib\src\com\vmware\loginsight\commons\enums\AuthenticationResult.java, key is com.vmware.loginsight.commons.enums.AuthenticationResult.
2017-08-14 19:34:34,601 ERROR key not legal, sourcePath is : D:\strata\loginsight\components\commons-lib\lib\src\com\vmware\loginsight\commons\enums\DirectoryType.java, key is com.vmware.loginsight.commons.enums.DirectoryType.
2017-08-14 19:34:34,651 ERROR key not legal, sourcePath is : D:\strata\loginsight\components\commons-lib\lib\src\com\vmware\loginsight\commons\enums\LicenseStateEnum.java, key is com.vmware.loginsight.commons.enums.LicenseStateEnum.
2017-08-14 19:34:34,671 ERROR key not legal, sourcePath is : D:\strata\loginsight\components\commons-lib\lib\src\com\vmware\loginsight\commons\enums\LicenseType.java, key is com.vmware.loginsight.commons.enums.LicenseType.
2017-08-14 19:34:34,681 ERROR key not legal, sourcePath is : D:\strata\loginsight\components\commons-lib\lib\src\com\vmware\loginsight\commons\enums\LicenseVersion.java, key is com.vmware.loginsight.commons.enums.LicenseVersion.
2017-08-14 19:34:34,691 ERROR key not legal, sourcePath is : D:\strata\loginsight\components\commons-lib\lib\src\com\vmware\loginsight\commons\enums\NtpMode.java, key is com.vmware.loginsight.commons.enums.NtpMode.
2017-08-14 19:34:34,701 ERROR key not legal, sourcePath is : D:\strata\loginsight\components\commons-lib\lib\src\com\vmware\loginsight\commons\enums\RntUnit.java, key is com.vmware.loginsight.commons.enums.RntUnit.
2017-08-14 19:34:34,711 ERROR key not legal, sourcePath is : D:\strata\loginsight\components\commons-lib\lib\src\com\vmware\loginsight\commons\enums\ScheduleType.java, key is com.vmware.loginsight.commons.enums.ScheduleType.
2017-08-14 19:34:34,721 ERROR key not legal, sourcePath is : D:\strata\loginsight\components\commons-lib\lib\src\com\vmware\loginsight\commons\enums\SearcherConfigPartialResultsType.java, key is com.vmware.loginsight.commons.enums.SearcherConfigPartialResultsType.
2017-08-14 19:34:34,732 ERROR key not legal, sourcePath is : D:\strata\loginsight\components\commons-lib\lib\src\com\vmware\loginsight\commons\enums\SortOrder.java, key is com.vmware.loginsight.commons.enums.SortOrder.
2017-08-14 19:34:36,941 ERROR key not legal, sourcePath is : D:\strata\loginsight\components\commons-lib\lib\src\com\vmware\loginsight\config\AuthenticationAdPortType.java, key is com.vmware.loginsight.config.AuthenticationAdPortType.portType.
2017-08-14 19:34:37,921 ERROR key not legal, sourcePath is : D:\strata\loginsight\components\commons-lib\lib\src\com\vmware\loginsight\config\distributed\ServiceGroup.java, key is com.vmware.loginsight.config.distributed.KnownServiceGroup.
2017-08-14 19:34:38,421 ERROR key not legal, sourcePath is : D:\strata\loginsight\components\commons-lib\lib\src\com\vmware\loginsight\rbac\Capability.java, key is com.vmware.loginsight.rbac.Capability.
2017-08-14 19:34:38,421 ERROR key not legal, sourcePath is : D:\strata\loginsight\components\commons-lib\lib\src\com\vmware\loginsight\rbac\Capability.java, key is com.vmware.loginsight.rbac.Capability.
2017-08-14 19:34:41,092 ERROR key not legal, sourcePath is : D:\strata\loginsight\components\commons-lib\lib\test\com\vmware\loginsight\rbac\CapabilityTestCase.java, key is com.vmware.loginsight.rbac.Capability.
2017-08-14 19:34:41,092 ERROR key not legal, sourcePath is : D:\strata\loginsight\components\commons-lib\lib\test\com\vmware\loginsight\rbac\CapabilityTestCase.java, key is com.vmware.loginsight.rbac.Capability.
2017-08-14 19:34:41,092 ERROR key not legal, sourcePath is : D:\strata\loginsight\components\commons-lib\lib\test\com\vmware\loginsight\rbac\CapabilityTestCase.java, key is com.vmware.loginsight.rbac.Capability.
2017-08-14 19:34:41,092 ERROR key not legal, sourcePath is : D:\strata\loginsight\components\commons-lib\lib\test\com\vmware\loginsight\rbac\CapabilityTestCase.java, key is com.vmware.loginsight.rbac.Capability.
2017-08-14 19:34:42,992 ERROR key not legal, sourcePath is : D:\strata\loginsight\components\database-lib\lib\src\com\vmware\loginsight\database\cache\LicenseCheck.java, key is com.vmware.loginsight.database.cache.LicenseCheck.LicenseExpiredMessage
2017-08-14 19:34:55,272 ERROR key not legal, sourcePath is : D:\strata\loginsight\components\ui\application\src\com\vmware\loginsight\web\actions\settings\AuthConfigurationActionBean.java, key is com.vmware.loginsight.web.actions.settings.AuthConfigurationActionBean.
2017-08-14 19:34:55,272 ERROR key not legal, sourcePath is : D:\strata\loginsight\components\ui\application\src\com\vmware\loginsight\web\actions\settings\AuthConfigurationActionBean.java, key is com.vmware.loginsight.web.actions.settings.AuthConfigurationActionBean.
2017-08-14 19:34:55,342 ERROR key not legal, sourcePath is : D:\strata\loginsight\components\ui\application\src\com\vmware\loginsight\web\actions\settings\EventForwardingActionBean.java, key is com.vmware.loginsight.web.actions.settings.EventForwardingActionBean.
2017-08-14 19:34:55,732 ERROR key not legal, sourcePath is : D:\strata\loginsight\components\ui\application\src\com\vmware\loginsight\web\search\executor\AbstractMessageSearchExecutor.java, key is com.vmware.loginsight.web.actions.message.LogMessageActionBean.exportException
2017-08-14 19:34:55,871 ERROR key not legal, sourcePath is : D:\strata\loginsight\components\ui\application\src\com\vmware\loginsight\web\settings\ClusterNodeStatus.java, key is com.vmware.loginsight.web.settings.ClusterNodeStatus.
2017-08-14 19:34:55,992 ERROR key not legal, sourcePath is : D:\strata\loginsight\components\ui\application\src\com\vmware\loginsight\web\settings\stats\StatsTableType.java, key is com.vmware.loginsight.web.settings.stats.StatsTableType.
2017-08-14 19:34:55,992 ERROR key not legal, sourcePath is : D:\strata\loginsight\components\ui\application\src\com\vmware\loginsight\web\settings\stats\StatsTableType.java, key is com.vmware.loginsight.web.settings.stats.StatsTableType.
2017-08-14 19:34:58,461 ERROR key not legal, sourcePath is : D:\strata\loginsight\components\ui\application\WebContent\js\widgets-yui3\IncrementalChart\Renderers\IncrementalChartRenderer.js, key is widgetsYui3_incrementalChart_legendInfo_action
2017-08-14 19:34:58,461 ERROR key not legal, sourcePath is : D:\strata\loginsight\components\ui\application\WebContent\js\widgets-yui3\IncrementalChart\Renderers\IncrementalChartRenderer.js, key is widgetsYui3_incrementalChart_legendInfo_result
2017-08-14 19:34:59,111 ERROR key not legal, sourcePath is : D:\strata\loginsight\components\ui\application\WebContent\js\widgets-yui3\TimeChooser\TimeChooser.js, key is home_content_homeContentHeaderView_
2017-08-14 19:34:59,171 ERROR key not legal, sourcePath is : D:\strata\loginsight\components\ui\application\WebContent\js\widgets-yui3\ValidatingTextBox\ValidatingTextBox.js, key is widgets-yui3_ValidatingTextBox_ValidatingTextBox_validateNowValueIsRequired
2017-08-14 19:35:18,361 ERROR key not legal, sourcePath is : D:\strata\loginsight\components\ui\application\WebContent\loginsight\admin\agents\agents-config.jsp, key is ${beanClass}.agentConfigNote
2017-08-14 19:35:18,411 ERROR key not legal, sourcePath is : D:\strata\loginsight\components\ui\application\WebContent\loginsight\admin\agents\agents-table-view.jsp, key is ${beanClass}.tooltip.export
2017-08-14 19:35:18,411 ERROR key not legal, sourcePath is : D:\strata\loginsight\components\ui\application\WebContent\loginsight\admin\agents\agents-table-view.jsp, key is ${beanClass}.export
2017-08-14 19:35:18,441 ERROR key not legal, sourcePath is : D:\strata\loginsight\components\ui\application\WebContent\loginsight\admin\agents\agents-view.jsp, key is ${beanClass}.newGroup
2017-08-14 19:35:18,441 ERROR key not legal, sourcePath is : D:\strata\loginsight\components\ui\application\WebContent\loginsight\admin\agents\agents-view.jsp, key is ${beanClass}.refresh
2017-08-14 19:35:18,592 ERROR key not legal, sourcePath is : D:\strata\loginsight\components\ui\application\WebContent\loginsight\admin\alerts\alerts-view.jsp, key is ${beanClass}.suspend
2017-08-14 19:35:18,592 ERROR key not legal, sourcePath is : D:\strata\loginsight\components\ui\application\WebContent\loginsight\admin\alerts\alerts-view.jsp, key is ${beanClass}.help.suspend
2017-08-14 19:35:18,592 ERROR key not legal, sourcePath is : D:\strata\loginsight\components\ui\application\WebContent\loginsight\admin\alerts\alerts-view.jsp, key is ${beanClass}.tooltip.export
2017-08-14 19:35:18,592 ERROR key not legal, sourcePath is : D:\strata\loginsight\components\ui\application\WebContent\loginsight\admin\alerts\alerts-view.jsp, key is ${beanClass}.export
2017-08-14 19:35:18,641 ERROR key not legal, sourcePath is : D:\strata\loginsight\components\ui\application\WebContent\loginsight\admin\appliance\appliance.jsp, key is ${beanClass}.manage.versionHeader
2017-08-14 19:35:18,641 ERROR key not legal, sourcePath is : D:\strata\loginsight\components\ui\application\WebContent\loginsight\admin\appliance\appliance.jsp, key is ${beanClass}.manage.installedVersion
2017-08-14 19:35:18,641 ERROR key not legal, sourcePath is : D:\strata\loginsight\components\ui\application\WebContent\loginsight\admin\appliance\appliance.jsp, key is ${beanClass}.manage.upgrade
2017-08-14 19:35:18,641 ERROR key not legal, sourcePath is : D:\strata\loginsight\components\ui\application\WebContent\loginsight\admin\appliance\appliance.jsp, key is ${beanClass}.network.networkHeader
2017-08-14 19:35:18,641 ERROR key not legal, sourcePath is : D:\strata\loginsight\components\ui\application\WebContent\loginsight\admin\appliance\appliance.jsp, key is ${beanClass}.network.instructions
2017-08-14 19:35:18,641 ERROR key not legal, sourcePath is : D:\strata\loginsight\components\ui\application\WebContent\loginsight\admin\appliance\appliance.jsp, key is ${beanClass}.network.netmask
2017-08-14 19:35:18,641 ERROR key not legal, sourcePath is : D:\strata\loginsight\components\ui\application\WebContent\loginsight\admin\appliance\appliance.jsp, key is ${beanClass}.network.gateway
2017-08-14 19:35:18,641 ERROR key not legal, sourcePath is : D:\strata\loginsight\components\ui\application\WebContent\loginsight\admin\appliance\appliance.jsp, key is ${beanClass}.network.dns
2017-08-14 19:35:18,641 ERROR key not legal, sourcePath is : D:\strata\loginsight\components\ui\application\WebContent\loginsight\admin\appliance\appliance.jsp, key is ${beanClass}.manage.support
2017-08-14 19:35:18,641 ERROR key not legal, sourcePath is : D:\strata\loginsight\components\ui\application\WebContent\loginsight\admin\appliance\appliance.jsp, key is ${beanClass}.manage.bundle
2017-08-14 19:35:18,641 ERROR key not legal, sourcePath is : D:\strata\loginsight\components\ui\application\WebContent\loginsight\admin\appliance\appliance.jsp, key is ${beanClass}.manage.downloadBundle
2017-08-14 19:35:18,641 ERROR key not legal, sourcePath is : D:\strata\loginsight\components\ui\application\WebContent\loginsight\admin\appliance\appliance.jsp, key is ${beanClass}.manage.supportBundleInfo
2017-08-14 19:35:18,641 ERROR key not legal, sourcePath is : D:\strata\loginsight\components\ui\application\WebContent\loginsight\admin\appliance\appliance.jsp, key is ${beanClass}.manage.vaRequiredBundle
2017-08-14 19:35:18,641 ERROR key not legal, sourcePath is : D:\strata\loginsight\components\ui\application\WebContent\loginsight\admin\appliance\appliance.jsp, key is ${beanClass}.manage.restart
2017-08-14 19:35:18,641 ERROR key not legal, sourcePath is : D:\strata\loginsight\components\ui\application\WebContent\loginsight\admin\appliance\appliance.jsp, key is ${beanClass}.manage.lastRestart
2017-08-14 19:35:18,671 ERROR key not legal, sourcePath is : D:\strata\loginsight\components\ui\application\WebContent\loginsight\admin\auth\auth-ad-view.jsp, key is ${beanClass}.enableAD
2017-08-14 19:35:18,671 ERROR key not legal, sourcePath is : D:\strata\loginsight\components\ui\application\WebContent\loginsight\admin\auth\auth-ad-view.jsp, key is ${beanClass}.domain
2017-08-14 19:35:18,671 ERROR key not legal, sourcePath is : D:\strata\loginsight\components\ui\application\WebContent\loginsight\admin\auth\auth-ad-view.jsp, key is ${beanClass}.domainControllers
2017-08-14 19:35:18,681 ERROR key not legal, sourcePath is : D:\strata\loginsight\components\ui\application\WebContent\loginsight\admin\auth\auth-ad-view.jsp, key is ${beanClass}.port
2017-08-14 19:35:18,681 ERROR key not legal, sourcePath is : D:\strata\loginsight\components\ui\application\WebContent\loginsight\admin\auth\auth-ad-view.jsp, key is ${beanClass}.requireSsl
2017-08-14 19:35:18,711 ERROR key not legal, sourcePath is : D:\strata\loginsight\components\ui\application\WebContent\loginsight\admin\auth\auth-tab-view.jsp, key is ${empty currentSection ? 'configuration' : currentSection}
2017-08-14 19:35:18,732 ERROR key not legal, sourcePath is : D:\strata\loginsight\components\ui\application\WebContent\loginsight\admin\auth\auth-vidm-view.jsp, key is ${beanClass}.enableSSO
2017-08-14 19:35:18,742 ERROR key not legal, sourcePath is : D:\strata\loginsight\components\ui\application\WebContent\loginsight\admin\auth\auth-vidm-view.jsp, key is ${beanClass}.ssoHost
2017-08-14 19:35:18,742 ERROR key not legal, sourcePath is : D:\strata\loginsight\components\ui\application\WebContent\loginsight\admin\auth\auth-vidm-view.jsp, key is ${beanClass}.ssoPort
2017-08-14 19:35:18,742 ERROR key not legal, sourcePath is : D:\strata\loginsight\components\ui\application\WebContent\loginsight\admin\auth\auth-vidm-view.jsp, key is ${beanClass}.ssoTenant
2017-08-14 19:35:18,742 ERROR key not legal, sourcePath is : D:\strata\loginsight\components\ui\application\WebContent\loginsight\admin\auth\auth-vidm-view.jsp, key is ${beanClass}.ssoUser
2017-08-14 19:35:18,742 ERROR key not legal, sourcePath is : D:\strata\loginsight\components\ui\application\WebContent\loginsight\admin\auth\auth-vidm-view.jsp, key is ${beanClass}.ssoRedirectIp
2017-08-14 19:35:18,752 ERROR key not legal, sourcePath is : D:\strata\loginsight\components\ui\application\WebContent\loginsight\admin\auth\auth-vidm-view.jsp, key is ${beanClass}.ssoStatus
2017-08-14 19:35:18,752 ERROR key not legal, sourcePath is : D:\strata\loginsight\components\ui\application\WebContent\loginsight\admin\auth\auth-vidm-view.jsp, key is ${beanClass}.ssoImitateAdUserLogin
2017-08-14 19:35:18,792 ERROR key not legal, sourcePath is : D:\strata\loginsight\components\ui\application\WebContent\loginsight\admin\base\config-base.jsp, key is ${currentPage}
2017-08-14 19:35:18,792 ERROR key not legal, sourcePath is : D:\strata\loginsight\components\ui\application\WebContent\loginsight\admin\base\config-base.jsp, key is ${empty currentSection ? 'configuration' : currentSection}
2017-08-14 19:35:18,861 ERROR key not legal, sourcePath is : D:\strata\loginsight\components\ui\application\WebContent\loginsight\admin\cluster\cluster-config-view.jsp, key is ${beanClass}.help.fqdn
2017-08-14 19:35:18,861 ERROR key not legal, sourcePath is : D:\strata\loginsight\components\ui\application\WebContent\loginsight\admin\cluster\cluster-config-view.jsp, key is ${beanClass}.help.tags
2017-08-14 19:35:18,891 ERROR key not legal, sourcePath is : D:\strata\loginsight\components\ui\application\WebContent\loginsight\admin\cluster\cluster-view.jsp, key is ${clusterBeanClass}.clusterNtpWarn
2017-08-14 19:35:18,891 ERROR key not legal, sourcePath is : D:\strata\loginsight\components\ui\application\WebContent\loginsight\admin\cluster\cluster-view.jsp, key is ${clusterBeanClass}.warningTitle
2017-08-14 19:35:18,891 ERROR key not legal, sourcePath is : D:\strata\loginsight\components\ui\application\WebContent\loginsight\admin\cluster\cluster-view.jsp, key is ${clusterBeanClass}.warningContent
2017-08-14 19:35:18,891 ERROR key not legal, sourcePath is : D:\strata\loginsight\components\ui\application\WebContent\loginsight\admin\cluster\cluster-view.jsp, key is ${clusterBeanClass}.clusterDataNotAvailable
2017-08-14 19:35:18,891 ERROR key not legal, sourcePath is : D:\strata\loginsight\components\ui\application\WebContent\loginsight\admin\cluster\cluster-view.jsp, key is ${clusterBeanClass}.workers
2017-08-14 19:35:18,891 ERROR key not legal, sourcePath is : D:\strata\loginsight\components\ui\application\WebContent\loginsight\admin\cluster\cluster-view.jsp, key is ${clusterBeanClass}.standaloneMode
2017-08-14 19:35:18,891 ERROR key not legal, sourcePath is : D:\strata\loginsight\components\ui\application\WebContent\loginsight\admin\cluster\cluster-view.jsp, key is ${clusterBeanClass}.addWorker
2017-08-14 19:35:18,891 ERROR key not legal, sourcePath is : D:\strata\loginsight\components\ui\application\WebContent\loginsight\admin\cluster\cluster-view.jsp, key is ${clusterBeanClass}.clusterUpsell
2017-08-14 19:35:18,891 ERROR key not legal, sourcePath is : D:\strata\loginsight\components\ui\application\WebContent\loginsight\admin\cluster\cluster-view.jsp, key is ${clusterBeanClass}.addWorker
2017-08-14 19:35:18,901 ERROR key not legal, sourcePath is : D:\strata\loginsight\components\ui\application\WebContent\loginsight\admin\cluster\cluster-view.jsp, key is ${beanClass}.manage.downloadBundle
2017-08-14 19:35:18,901 ERROR key not legal, sourcePath is : D:\strata\loginsight\components\ui\application\WebContent\loginsight\admin\cluster\cluster-view.jsp, key is ${beanClass}.manage.supportBundleInfo
2017-08-14 19:35:18,901 ERROR key not legal, sourcePath is : D:\strata\loginsight\components\ui\application\WebContent\loginsight\admin\cluster\cluster-view.jsp, key is ${beanClass}.manage.downloadBundle
2017-08-14 19:35:18,901 ERROR key not legal, sourcePath is : D:\strata\loginsight\components\ui\application\WebContent\loginsight\admin\cluster\cluster-view.jsp, key is ${beanClass}.manage.versionHeader
2017-08-14 19:35:18,901 ERROR key not legal, sourcePath is : D:\strata\loginsight\components\ui\application\WebContent\loginsight\admin\cluster\cluster-view.jsp, key is ${beanClass}.manage.installedVersion
2017-08-14 19:35:18,901 ERROR key not legal, sourcePath is : D:\strata\loginsight\components\ui\application\WebContent\loginsight\admin\cluster\cluster-view.jsp, key is ${beanClass}.network.networkHeader
2017-08-14 19:35:18,901 ERROR key not legal, sourcePath is : D:\strata\loginsight\components\ui\application\WebContent\loginsight\admin\cluster\cluster-view.jsp, key is ${beanClass}.network.netmask
2017-08-14 19:35:18,901 ERROR key not legal, sourcePath is : D:\strata\loginsight\components\ui\application\WebContent\loginsight\admin\cluster\cluster-view.jsp, key is ${beanClass}.network.gateway
2017-08-14 19:35:18,901 ERROR key not legal, sourcePath is : D:\strata\loginsight\components\ui\application\WebContent\loginsight\admin\cluster\cluster-view.jsp, key is ${beanClass}.network.dns
2017-08-14 19:35:18,901 ERROR key not legal, sourcePath is : D:\strata\loginsight\components\ui\application\WebContent\loginsight\admin\cluster\cluster-view.jsp, key is ${beanClass}.manage.restart
2017-08-14 19:35:18,901 ERROR key not legal, sourcePath is : D:\strata\loginsight\components\ui\application\WebContent\loginsight\admin\cluster\cluster-view.jsp, key is ${beanClass}.manage.lastRestart
2017-08-14 19:35:18,901 ERROR key not legal, sourcePath is : D:\strata\loginsight\components\ui\application\WebContent\loginsight\admin\cluster\cluster-view.jsp, key is ${beanClass}.manage.support
2017-08-14 19:35:18,911 ERROR key not legal, sourcePath is : D:\strata\loginsight\components\ui\application\WebContent\loginsight\admin\cluster\cluster-view.jsp, key is ${beanClass}.manage.downloadBundle
2017-08-14 19:35:18,911 ERROR key not legal, sourcePath is : D:\strata\loginsight\components\ui\application\WebContent\loginsight\admin\cluster\cluster-view.jsp, key is ${beanClass}.manage.supportBundleInfo
2017-08-14 19:35:18,911 ERROR key not legal, sourcePath is : D:\strata\loginsight\components\ui\application\WebContent\loginsight\admin\cluster\cluster-view.jsp, key is ${beanClass}.manage.vaRequiredBundle
2017-08-14 19:35:18,911 ERROR key not legal, sourcePath is : D:\strata\loginsight\components\ui\application\WebContent\loginsight\admin\cluster\cluster-view.jsp, key is ${clusterBeanClass}.vipsTitle
2017-08-14 19:35:18,911 ERROR key not legal, sourcePath is : D:\strata\loginsight\components\ui\application\WebContent\loginsight\admin\cluster\cluster-view.jsp, key is ${clusterBeanClass}.requestedMsg
2017-08-14 19:35:18,941 ERROR key not legal, sourcePath is : D:\strata\loginsight\components\ui\application\WebContent\loginsight\admin\cluster\cluster.jsp, key is ${beanClass}.refreshData
2017-08-14 19:35:19,002 ERROR key not legal, sourcePath is : D:\strata\loginsight\components\ui\application\WebContent\loginsight\admin\forward\forward-edit.jsp, key is ${beanClass}.help.ssl
2017-08-14 19:35:19,002 ERROR key not legal, sourcePath is : D:\strata\loginsight\components\ui\application\WebContent\loginsight\admin\forward\forward-edit.jsp, key is ${beanClass}.help.tags
2017-08-14 19:35:19,042 ERROR key not legal, sourcePath is : D:\strata\loginsight\components\ui\application\WebContent\loginsight\admin\forward\forwarding-view.jsp, key is ${beanClass}.targets
2017-08-14 19:35:19,042 ERROR key not legal, sourcePath is : D:\strata\loginsight\components\ui\application\WebContent\loginsight\admin\forward\forwarding-view.jsp, key is ${beanClass}.delete
2017-08-14 19:35:19,101 ERROR key not legal, sourcePath is : D:\strata\loginsight\components\ui\application\WebContent\loginsight\admin\general\general-view.jsp, key is ${beanClass}.alerts
2017-08-14 19:35:19,101 ERROR key not legal, sourcePath is : D:\strata\loginsight\components\ui\application\WebContent\loginsight\admin\general\general-view.jsp, key is ${beanClass}.emailList
2017-08-14 19:35:19,101 ERROR key not legal, sourcePath is : D:\strata\loginsight\components\ui\application\WebContent\loginsight\admin\general\general-view.jsp, key is ${beanClass}.webhooksList
2017-08-14 19:35:19,101 ERROR key not legal, sourcePath is : D:\strata\loginsight\components\ui\application\WebContent\loginsight\admin\general\general-view.jsp, key is ${beanClass}.rnt
2017-08-14 19:35:19,171 ERROR key not legal, sourcePath is : D:\strata\loginsight\components\ui\application\WebContent\loginsight\admin\health\health-resources.jsp, key is ${beanClass}.resources.${empty actionBean.repoConfig.archiveDirectory ? 'archiveDisabled' : 'archiveNotMounted'}
2017-08-14 19:35:19,211 ERROR key not legal, sourcePath is : D:\strata\loginsight\components\ui\application\WebContent\loginsight\admin\health\health.js, key is admin_health_section_
2017-08-14 19:35:19,211 ERROR key not legal, sourcePath is : D:\strata\loginsight\components\ui\application\WebContent\loginsight\admin\health\health.js, key is admin_health_section_
2017-08-14 19:35:19,242 ERROR key not legal, sourcePath is : D:\strata\loginsight\components\ui\application\WebContent\loginsight\admin\health\health.jsp, key is ${beanClass}.queries
2017-08-14 19:35:19,262 ERROR key not legal, sourcePath is : D:\strata\loginsight\components\ui\application\WebContent\loginsight\admin\hosts\hosts-view.js, key is admin_hosts_hostsView_interactiveURL
2017-08-14 19:35:19,272 ERROR key not legal, sourcePath is : D:\strata\loginsight\components\ui\application\WebContent\loginsight\admin\hosts\hosts-view.jsp, key is ${beanClass}.tooltip.export
2017-08-14 19:35:19,272 ERROR key not legal, sourcePath is : D:\strata\loginsight\components\ui\application\WebContent\loginsight\admin\hosts\hosts-view.jsp, key is ${beanClass}.export
2017-08-14 19:35:19,312 ERROR key not legal, sourcePath is : D:\strata\loginsight\components\ui\application\WebContent\loginsight\admin\license\license-status.jsp, key is ${beanClass}.type
2017-08-14 19:35:19,312 ERROR key not legal, sourcePath is : D:\strata\loginsight\components\ui\application\WebContent\loginsight\admin\license\license-status.jsp, key is ${beanClass}.averageOsis
2017-08-14 19:35:19,332 ERROR key not legal, sourcePath is : D:\strata\loginsight\components\ui\application\WebContent\loginsight\admin\license\license-view.jsp, key is ${beanClass}.saveButton
2017-08-14 19:35:19,381 ERROR key not legal, sourcePath is : D:\strata\loginsight\components\ui\application\WebContent\loginsight\admin\shared\restart-view-button.jsp, key is logInsight.restart.restartButton${restartButtonTextSuffix}
2017-08-14 19:35:19,441 ERROR key not legal, sourcePath is : D:\strata\loginsight\components\ui\application\WebContent\loginsight\admin\smtp\smtp-view.jsp, key is ${beanClass}.port
2017-08-14 19:35:19,441 ERROR key not legal, sourcePath is : D:\strata\loginsight\components\ui\application\WebContent\loginsight\admin\smtp\smtp-view.jsp, key is ${beanClass}.ssl
2017-08-14 19:35:19,441 ERROR key not legal, sourcePath is : D:\strata\loginsight\components\ui\application\WebContent\loginsight\admin\smtp\smtp-view.jsp, key is ${beanClass}.help.ssl
2017-08-14 19:35:19,451 ERROR key not legal, sourcePath is : D:\strata\loginsight\components\ui\application\WebContent\loginsight\admin\smtp\smtp-view.jsp, key is ${beanClass}.tls
2017-08-14 19:35:19,451 ERROR key not legal, sourcePath is : D:\strata\loginsight\components\ui\application\WebContent\loginsight\admin\smtp\smtp-view.jsp, key is ${beanClass}.sender
2017-08-14 19:35:19,482 ERROR key not legal, sourcePath is : D:\strata\loginsight\components\ui\application\WebContent\loginsight\admin\ssl\ssl-view.jsp, key is ${beanClass}.certificate
2017-08-14 19:35:19,482 ERROR key not legal, sourcePath is : D:\strata\loginsight\components\ui\application\WebContent\loginsight\admin\ssl\ssl-view.jsp, key is ${beanClass}.certificateFile
2017-08-14 19:35:19,482 ERROR key not legal, sourcePath is : D:\strata\loginsight\components\ui\application\WebContent\loginsight\admin\ssl\ssl-view.jsp, key is ${beanClass}.sslOnly
2017-08-14 19:35:19,522 ERROR key not legal, sourcePath is : D:\strata\loginsight\components\ui\application\WebContent\loginsight\admin\storage\storage-view.jsp, key is ${beanClass}.enableArchiving
2017-08-14 19:35:19,522 ERROR key not legal, sourcePath is : D:\strata\loginsight\components\ui\application\WebContent\loginsight\admin\storage\storage-view.jsp, key is ${beanClass}.archiveLocation
2017-08-14 19:35:19,601 ERROR key not legal, sourcePath is : D:\strata\loginsight\components\ui\application\WebContent\loginsight\admin\users\data-set-edit.jsp, key is ${beanClass}.description
2017-08-14 19:35:19,641 ERROR key not legal, sourcePath is : D:\strata\loginsight\components\ui\application\WebContent\loginsight\admin\users\rbac-group-edit.jsp, key is ${beanClass}.description
2017-08-14 19:35:19,671 ERROR key not legal, sourcePath is : D:\strata\loginsight\components\ui\application\WebContent\loginsight\admin\users\users-data-sets-tab.jsp, key is ${beanClass}.dataSets
2017-08-14 19:35:19,681 ERROR key not legal, sourcePath is : D:\strata\loginsight\components\ui\application\WebContent\loginsight\admin\users\users-data-sets-tab.jsp, key is ${beanClass}.delete
2017-08-14 19:35:19,711 ERROR key not legal, sourcePath is : D:\strata\loginsight\components\ui\application\WebContent\loginsight\admin\users\users-rbac-groups-tab.jsp, key is ${beanClass}.delete
2017-08-14 19:35:19,721 ERROR key not legal, sourcePath is : D:\strata\loginsight\components\ui\application\WebContent\loginsight\admin\users\users-users-tab.jsp, key is ${beanClass}.users
2017-08-14 19:35:19,721 ERROR key not legal, sourcePath is : D:\strata\loginsight\components\ui\application\WebContent\loginsight\admin\users\users-users-tab.jsp, key is ${beanClass}.delete
2017-08-14 19:35:19,721 ERROR key not legal, sourcePath is : D:\strata\loginsight\components\ui\application\WebContent\loginsight\admin\users\users-users-tab.jsp, key is ${beanClass}.noRoles
2017-08-14 19:35:19,732 ERROR key not legal, sourcePath is : D:\strata\loginsight\components\ui\application\WebContent\loginsight\admin\users\users-users-tab.jsp, key is ${beanClass}.newGroup
2017-08-14 19:35:19,732 ERROR key not legal, sourcePath is : D:\strata\loginsight\components\ui\application\WebContent\loginsight\admin\users\users-users-tab.jsp, key is ${beanClass}.delete
2017-08-14 19:35:19,732 ERROR key not legal, sourcePath is : D:\strata\loginsight\components\ui\application\WebContent\loginsight\admin\users\users-users-tab.jsp, key is ${beanClass}.noRoles
2017-08-14 19:35:19,762 ERROR key not legal, sourcePath is : D:\strata\loginsight\components\ui\application\WebContent\loginsight\admin\users\users-view.jsp, key is ${beanClass}.${actionBean.authDirectoryEnabled ? 'usersAndGroups' : 'users'}
2017-08-14 19:35:19,762 ERROR key not legal, sourcePath is : D:\strata\loginsight\components\ui\application\WebContent\loginsight\admin\users\users-view.jsp, key is ${beanClass}.dataSets
2017-08-14 19:35:19,792 ERROR key not legal, sourcePath is : D:\strata\loginsight\components\ui\application\WebContent\loginsight\admin\users\users.jsp, key is ${beanClass}.newGroup
2017-08-14 19:35:19,792 ERROR key not legal, sourcePath is : D:\strata\loginsight\components\ui\application\WebContent\loginsight\admin\users\users.jsp, key is ${beanClass}.dataSets
2017-08-14 19:35:19,822 ERROR key not legal, sourcePath is : D:\strata\loginsight\components\ui\application\WebContent\loginsight\admin\vcops\vcops-view.jsp, key is ${beanClass}.explain
2017-08-14 19:35:19,822 ERROR key not legal, sourcePath is : D:\strata\loginsight\components\ui\application\WebContent\loginsight\admin\vcops\vcops-view.jsp, key is ${beanClass}.description
2017-08-14 19:35:19,822 ERROR key not legal, sourcePath is : D:\strata\loginsight\components\ui\application\WebContent\loginsight\admin\vcops\vcops-view.jsp, key is ${beanClass}.target
2017-08-14 19:35:19,822 ERROR key not legal, sourcePath is : D:\strata\loginsight\components\ui\application\WebContent\loginsight\admin\vcops\vcops-view.jsp, key is ${beanClass}.readOnlyTargetTooltip
2017-08-14 19:35:19,822 ERROR key not legal, sourcePath is : D:\strata\loginsight\components\ui\application\WebContent\loginsight\admin\vcops\vcops-view.jsp, key is ${beanClass}.help.target
2017-08-14 19:35:19,891 ERROR key not legal, sourcePath is : D:\strata\loginsight\components\ui\application\WebContent\loginsight\admin\vsphere\vsphere-view.jsp, key is ${beanClass}.explain
2017-08-14 19:35:19,891 ERROR key not legal, sourcePath is : D:\strata\loginsight\components\ui\application\WebContent\loginsight\admin\vsphere\vsphere-view.jsp, key is ${beanClass}.description
2017-08-14 19:35:19,901 ERROR key not legal, sourcePath is : D:\strata\loginsight\components\ui\application\WebContent\loginsight\admin\vsphere\vsphere-view.jsp, key is ${beanClass}.vsphereEvents
2017-08-14 19:35:19,901 ERROR key not legal, sourcePath is : D:\strata\loginsight\components\ui\application\WebContent\loginsight\admin\vsphere\vsphere-view.jsp, key is ${beanClass}.esxiLogs
2017-08-14 19:35:19,901 ERROR key not legal, sourcePath is : D:\strata\loginsight\components\ui\application\WebContent\loginsight\admin\vsphere\vsphere-view.jsp, key is ${beanClass}.target
2017-08-14 19:35:19,901 ERROR key not legal, sourcePath is : D:\strata\loginsight\components\ui\application\WebContent\loginsight\admin\vsphere\vsphere-view.jsp, key is ${beanClass}.readOnlyTargetTooltip
2017-08-14 19:35:19,901 ERROR key not legal, sourcePath is : D:\strata\loginsight\components\ui\application\WebContent\loginsight\admin\vsphere\vsphere-view.jsp, key is ${beanClass}.help.target
2017-08-14 19:35:19,901 ERROR key not legal, sourcePath is : D:\strata\loginsight\components\ui\application\WebContent\loginsight\admin\vsphere\vsphere-view.jsp, key is ${beanClass}.esxiLogsUpdatePeriodically
2017-08-14 19:35:19,961 ERROR key not legal, sourcePath is : D:\strata\loginsight\components\ui\application\WebContent\loginsight\admin\wizard\wizard-changepassword-view.jsp, key is ${beanClass}.newPassword
2017-08-14 19:35:20,002 ERROR key not legal, sourcePath is : D:\strata\loginsight\components\ui\application\WebContent\loginsight\admin\wizard\wizard-master-views.jsp, key is ${wizardBeanClass}.changePw
2017-08-14 19:35:20,002 ERROR key not legal, sourcePath is : D:\strata\loginsight\components\ui\application\WebContent\loginsight\admin\wizard\wizard-master-views.jsp, key is ${timeBeanClass}.timeConfigTitle
2017-08-14 19:35:20,002 ERROR key not legal, sourcePath is : D:\strata\loginsight\components\ui\application\WebContent\loginsight\admin\wizard\wizard-master-views.jsp, key is ${generalBeanClass}.generalConfiguration
2017-08-14 19:35:20,032 ERROR key not legal, sourcePath is : D:\strata\loginsight\components\ui\application\WebContent\loginsight\admin\wizard\wizard-worker-view.jsp, key is ${beanClass}.help.fqdn
2017-08-14 19:35:20,052 ERROR key not legal, sourcePath is : D:\strata\loginsight\components\ui\application\WebContent\loginsight\admin\wizard\wizard.jsp, key is ${wizardBeanClass}.introText1
2017-08-14 19:35:20,062 ERROR key not legal, sourcePath is : D:\strata\loginsight\components\ui\application\WebContent\loginsight\admin\wizard\wizard.jsp, key is ${wizardBeanClass}.introText2
2017-08-14 19:35:20,062 ERROR key not legal, sourcePath is : D:\strata\loginsight\components\ui\application\WebContent\loginsight\admin\wizard\wizard.jsp, key is ${wizardBeanClass}.exitTextRestart1
2017-08-14 19:35:20,062 ERROR key not legal, sourcePath is : D:\strata\loginsight\components\ui\application\WebContent\loginsight\admin\wizard\wizard.jsp, key is ${wizardBeanClass}.exitTextRestart2
2017-08-14 19:35:20,062 ERROR key not legal, sourcePath is : D:\strata\loginsight\components\ui\application\WebContent\loginsight\admin\wizard\wizard.jsp, key is ${wizardBeanClass}.exitText1
2017-08-14 19:35:20,062 ERROR key not legal, sourcePath is : D:\strata\loginsight\components\ui\application\WebContent\loginsight\admin\wizard\wizard.jsp, key is ${wizardBeanClass}.exitText2
2017-08-14 19:35:20,062 ERROR key not legal, sourcePath is : D:\strata\loginsight\components\ui\application\WebContent\loginsight\admin\wizard\wizard.jsp, key is ${wizardBeanClass}.chooseDeployment
2017-08-14 19:35:20,062 ERROR key not legal, sourcePath is : D:\strata\loginsight\components\ui\application\WebContent\loginsight\admin\wizard\wizard.jsp, key is ${wizardBeanClass}.joinDeployment
2017-08-14 19:35:20,062 ERROR key not legal, sourcePath is : D:\strata\loginsight\components\ui\application\WebContent\loginsight\admin\wizard\wizard.jsp, key is ${wizardBeanClass}.backButton
2017-08-14 19:35:20,062 ERROR key not legal, sourcePath is : D:\strata\loginsight\components\ui\application\WebContent\loginsight\admin\wizard\wizard.jsp, key is ${wizardBeanClass}.saveButton
2017-08-14 19:35:20,082 ERROR key not legal, sourcePath is : D:\strata\loginsight\components\ui\application\WebContent\loginsight\base\li-base.jsp, key is ${beanClass}.title
2017-08-14 19:35:20,165 ERROR key not legal, sourcePath is : D:\strata\loginsight\components\ui\application\WebContent\loginsight\contentpack\content\contentpack-content-view.jsp, key is ${beanClass}.dashboards
2017-08-14 19:35:20,167 ERROR key not legal, sourcePath is : D:\strata\loginsight\components\ui\application\WebContent\loginsight\contentpack\content\contentpack-content-view.jsp, key is ${beanClass}.queries
2017-08-14 19:35:20,167 ERROR key not legal, sourcePath is : D:\strata\loginsight\components\ui\application\WebContent\loginsight\contentpack\content\contentpack-content-view.jsp, key is ${beanClass}.alerts
2017-08-14 19:35:20,170 ERROR key not legal, sourcePath is : D:\strata\loginsight\components\ui\application\WebContent\loginsight\contentpack\content\contentpack-content-view.jsp, key is ${beanClass}.fields
2017-08-14 19:35:20,170 ERROR key not legal, sourcePath is : D:\strata\loginsight\components\ui\application\WebContent\loginsight\contentpack\content\contentpack-content-view.jsp, key is ${beanClass}.dashboards
2017-08-14 19:35:20,176 ERROR key not legal, sourcePath is : D:\strata\loginsight\components\ui\application\WebContent\loginsight\contentpack\content\contentpack-content-view.jsp, key is ${beanClass}.alerts
2017-08-14 19:35:20,180 ERROR key not legal, sourcePath is : D:\strata\loginsight\components\ui\application\WebContent\loginsight\contentpack\content\contentpack-content-view.jsp, key is ${beanClass}.fields
2017-08-14 19:35:20,204 ERROR key not legal, sourcePath is : D:\strata\loginsight\components\ui\application\WebContent\loginsight\contentpack\content\contentpack-export-view.js, key is contentpack_content_contentpackMetadataView_editInfoTitle_
2017-08-14 19:35:20,311 ERROR key not legal, sourcePath is : D:\strata\loginsight\components\ui\application\WebContent\loginsight\contentpack\content\contentpack-marketplace-items-view.jsp, key is ${beanClass}.version
2017-08-14 19:35:20,312 ERROR key not legal, sourcePath is : D:\strata\loginsight\components\ui\application\WebContent\loginsight\contentpack\content\contentpack-marketplace-items-view.jsp, key is ${beanClass}.author
2017-08-14 19:35:20,321 ERROR key not legal, sourcePath is : D:\strata\loginsight\components\ui\application\WebContent\loginsight\contentpack\content\contentpack-marketplace-items-view.jsp, key is ${beanClass}.version
2017-08-14 19:35:20,395 ERROR key not legal, sourcePath is : D:\strata\loginsight\components\ui\application\WebContent\loginsight\contentpack\content\contentpack-metadata-view.jsp, key is ${beanClass}.export
2017-08-14 19:35:20,405 ERROR key not legal, sourcePath is : D:\strata\loginsight\components\ui\application\WebContent\loginsight\contentpack\content\contentpack-metadata-view.jsp, key is ${beanClass}.instructions
2017-08-14 19:35:20,405 ERROR key not legal, sourcePath is : D:\strata\loginsight\components\ui\application\WebContent\loginsight\contentpack\content\contentpack-metadata-view.jsp, key is ${beanClass}.upgradeInstructions
2017-08-14 19:35:20,446 ERROR key not legal, sourcePath is : D:\strata\loginsight\components\ui\application\WebContent\loginsight\contentpack\content\contentpack-select-contents-view.jsp, key is ${beanClass}.dashboards
2017-08-14 19:35:20,446 ERROR key not legal, sourcePath is : D:\strata\loginsight\components\ui\application\WebContent\loginsight\contentpack\content\contentpack-select-contents-view.jsp, key is ${beanClass}.alerts
2017-08-14 19:35:20,446 ERROR key not legal, sourcePath is : D:\strata\loginsight\components\ui\application\WebContent\loginsight\contentpack\content\contentpack-select-contents-view.jsp, key is ${beanClass}.fields
2017-08-14 19:35:20,756 ERROR key not legal, sourcePath is : D:\strata\loginsight\components\ui\application\WebContent\loginsight\explorer\explorer-alerts-view.jsp, key is ${beanClass}.description
2017-08-14 19:35:20,936 ERROR key not legal, sourcePath is : D:\strata\loginsight\components\ui\application\WebContent\loginsight\explorer\explorer-faceting-charts-view.jsp, key is ${beanClass}.fields
2017-08-14 19:35:20,966 ERROR key not legal, sourcePath is : D:\strata\loginsight\components\ui\application\WebContent\loginsight\explorer\explorer-filter-date-view-time-ranges.jsp, key is ${beanClass}.to
2017-08-14 19:35:21,075 ERROR key not legal, sourcePath is : D:\strata\loginsight\components\ui\application\WebContent\loginsight\explorer\explorer-saved-fields-view.js, key is explorer_explorerExtractFieldsView_textFollowingFieldsWillDeleted
2017-08-14 19:35:21,075 ERROR key not legal, sourcePath is : D:\strata\loginsight\components\ui\application\WebContent\loginsight\explorer\explorer-saved-fields-view.js, key is explorer_explorerExtractFieldsView_textFollowingFieldWillDeleted
2017-08-14 19:35:21,075 ERROR key not legal, sourcePath is : D:\strata\loginsight\components\ui\application\WebContent\loginsight\explorer\explorer-saved-fields-view.js, key is explorer_explorerExtractFieldsView_textContentPackFieldsCannotDeleted
2017-08-14 19:35:21,075 ERROR key not legal, sourcePath is : D:\strata\loginsight\components\ui\application\WebContent\loginsight\explorer\explorer-saved-fields-view.js, key is explorer_explorerExtractFieldsView_textAreYouSureDeleteTheseFields
2017-08-14 19:35:21,075 ERROR key not legal, sourcePath is : D:\strata\loginsight\components\ui\application\WebContent\loginsight\explorer\explorer-saved-fields-view.js, key is explorer_explorerExtractFieldsView_textAreYouSureDeleteThisField
2017-08-14 19:35:21,355 ERROR key not legal, sourcePath is : D:\strata\loginsight\components\ui\application\WebContent\loginsight\help\help.jsp, key is ${beanClass}.support
2017-08-14 19:35:21,456 ERROR key not legal, sourcePath is : D:\strata\loginsight\components\ui\application\WebContent\loginsight\home\content\home-content-parent-view.js, key is home_content_homeContentSidebarView_errorGettingContentPack
2017-08-14 19:35:21,546 ERROR key not legal, sourcePath is : D:\strata\loginsight\components\ui\application\WebContent\loginsight\home\sidebar\home-sidebar-accordion-view.js, key is home_content_homeContentSidebarView_errorGettingContentPack
2017-08-14 19:35:21,555 ERROR key not legal, sourcePath is : D:\strata\loginsight\components\ui\application\WebContent\loginsight\home\sidebar\home-sidebar-accordion-view.jsp, key is ${beanClass}.newDashboard
2017-08-14 19:35:21,625 ERROR key not legal, sourcePath is : D:\strata\loginsight\components\ui\application\WebContent\loginsight\home\sidebar\home-sidebar-view.js, key is home_content_homeContentSidebarView_errorGettingContentPack
2017-08-14 19:35:21,655 ERROR key not legal, sourcePath is : D:\strata\loginsight\components\ui\application\WebContent\loginsight\login\login.jsp, key is ${beanClass}.title
2017-08-14 19:35:22,095 ERROR key not legal, sourcePath is : D:\strata\loginsight\components\ui\application\WebContent\loginsight\usersettings\usersettings.jsp, key is ${beanClass}.title
2017-08-14 19:35:22,095 ERROR key not legal, sourcePath is : D:\strata\loginsight\components\ui\application\WebContent\loginsight\usersettings\usersettings.jsp, key is ${beanClass}.role
2017-08-14 19:35:22,095 ERROR key not legal, sourcePath is : D:\strata\loginsight\components\ui\application\WebContent\loginsight\usersettings\usersettings.jsp, key is ${beanClass}.noRoles
2017-08-14 19:35:22,095 ERROR key not legal, sourcePath is : D:\strata\loginsight\components\ui\application\WebContent\loginsight\usersettings\usersettings.jsp, key is ${beanClass}.newPassword
2017-08-14 19:35:24,236 ERROR key not legal, sourcePath is : D:\strata\loginsight\components\vcops\service\src\com\vmware\loginsight\vcops\VcopsInventoryMatcher.java, key is com.vmware.loginsight.vcops.VcopsInventoryMatcher.
2017-08-14 19:35:24,415 ERROR key not legal, sourcePath is : D:\strata\loginsight\components\vsphere\lib\src\com\vmware\loginsight\vsphere\config\VimVsphereConfigurer.java, key is com.vmware.loginsight.vsphere.config.VimVsphereConfigurer.skippingHostNote
2017-08-14 19:35:24,625 ERROR key not legal, sourcePath is : D:\strata\loginsight\components\web-lib\lib\src\com\vmware\loginsight\web\enums\MessageViewType.java, key is com.vmware.loginsight.web.enums.messageViewType.
2017-08-14 19:35:24,635 ERROR key not legal, sourcePath is : D:\strata\loginsight\components\web-lib\lib\src\com\vmware\loginsight\web\piql\DateFilterPreset.java, key is com.vmware.loginsight.web.piql.DateFilterPreset.
2017-08-14 19:35:24,645 ERROR key not legal, sourcePath is : D:\strata\loginsight\components\web-lib\lib\src\com\vmware\loginsight\web\piql\PiqlFunction.java, key is com.vmware.loginsight.web.piql.PiqlFunction.
2017-08-14 19:35:24,706 ERROR key not legal, sourcePath is : D:\strata\loginsight\components\web-lib\lib\src\com\vmware\loginsight\web\piql\TimeWindowGrouping.java, key is com.vmware.loginsight.web.piql.TimeWindowGrouping.
2017-08-14 19:35:24,746 ERROR key not legal, sourcePath is : D:\strata\loginsight\components\web-lib\lib\src\com\vmware\loginsight\web\search\ExportFormat.java, key is com.vmware.loginsight.web.search.ExportFormat.
2017-08-14 19:35:24,855 ERROR key not legal, sourcePath is : D:\strata\loginsight\components\web-lib\lib\src\com\vmware\loginsight\web\search\NumericGroupByType.java, key is com.vmware.loginsight.web.search.NumericGroupByType.
2017-08-14 19:35:26,885 ERROR key not legal, sourcePath is : D:\strata\loginsight\components\webservice\providers\src\com\vmware\loginsight\api\providers\query\QueryApiResponse.java, key is com.vmware.loginsight.web.actions.settings.HealthActionBean.osiCheck
