webui============================================
# new method
<d:column titleKey="${beanClass}.resources.archiveSize" escapeXml="true">
    ${elf:formatMemorySize(archiveBucket.size)}
</d:column>
com.vmware.loginsight.web.actions.settings.HealthActionBean.resources.archiveSize,           Archive Size
com.vmware.loginsight.web.actions.settings.HealthActionBean.resources.archiveEnd,            End Time
com.vmware.loginsight.web.actions.settings.HealthActionBean.resources.archiveStart,              Start Time

<td class="label-td wide-label"><s:label class="dialog-label" for="${beanClass}.targetHost" /></td>
com.vmware.loginsight.web.actions.settings.EventForwardingActionBean.targetHost,             Host
com.vmware.loginsight.web.actions.settings.EventForwardingActionBean.targetTags,             Tags
com.vmware.loginsight.web.actions.settings.EventForwardingActionBean.targetFilter,           Filter
com.vmware.loginsight.web.actions.settings.EventForwardingActionBean.targetTransport,            Transport
com.vmware.loginsight.web.actions.settings.EventForwardingActionBean.targetWorkerCount,              Worker Count
com.vmware.loginsight.web.actions.settings.EventForwardingActionBean.targetPort,             Port
com.vmware.loginsight.web.actions.settings.EventForwardingActionBean.targetProtocol,             Protocol
com.vmware.loginsight.web.actions.settings.EventForwardingActionBean.targetDiskCacheSize,            Disk Cache
com.vmware.loginsight.web.actions.settings.LicenseActionBean.osiCount,           OSI Count
com.vmware.loginsight.web.actions.settings.LicenseActionBean.cpuCount,           CPU Count
com.vmware.loginsight.web.actions.settings.UsersActionBean.directoryType,            Type


<td class="label-td"><s:label class="dialog-label" for="${beanClass}.authMethod" /></td>
com.vmware.loginsight.web.actions.settings.UsersActionBean.authMethod,           Authentication

<h2><s:label for="errorPage.errorHeader" /></h2>
errorPage.errorHeader,           Sorry, an error has occurred


# put(WebhookNotificationProvider.class.getName(), "com.vmware.loginsight.web.actions.explorer.AlertActionBean.webhookNotificationErrors");
# com.vmware.loginsight.web.actions.explorer.AlertActionBean.emailNotifications,           Email notifications
# com.vmware.loginsight.web.actions.explorer.AlertActionBean.jsonLogNotifications,             JSON Log File notifications
# com.vmware.loginsight.web.actions.explorer.AlertActionBean.vropsSuiteNotificationErrors,             Sending the alert to vRealize Operations Manager Suite failed
# com.vmware.loginsight.web.actions.explorer.AlertActionBean.webhookNotificationErrors,            Sending the webhook notification failed
# com.vmware.loginsight.web.actions.explorer.AlertActionBean.vropsNotificationErrors,              Sending the alert to vRealize Operations Manager failed
# com.vmware.loginsight.web.actions.explorer.AlertActionBean.vropsNotifications,           vRealize Operations Manager notifications
# com.vmware.loginsight.web.actions.explorer.AlertActionBean.vropsSuiteNotifications,              vRealize Operations Manager Suite notifications
# com.vmware.loginsight.web.actions.explorer.AlertActionBean.webhookNotifications,             Webhook notifications
# com.vmware.loginsight.web.actions.explorer.AlertActionBean.emailNotificationErrors,              Sending the email failed


# not cover
com.vmware.loginsight.web.actions.settings.HealthActionBean.resources.memory,            Memory
com.vmware.loginsight.web.actions.settings.HealthActionBean.unavailable,             Not Available
com.vmware.loginsight.web.actions.settings.HealthActionBean.refreshData,             Refresh data
com.vmware.loginsight.web.actions.misc.ContentPackActionBean.upgradeInstructions,            Upgrade Instructions...
com.vmware.loginsight.web.actions.settings.EventForwardingActionBean.help.ssl,           Event forwarding via SSL will not work with the self-signed certificate installed on destination servers by default. A custom SSL certificate must be created and uploaded. Additionally, the corresponding trusted root certificate must be imported into the certificate store of the forwarder instance.<br /><br />Refer to the section "<i>Configure vRealize Log Insight Event Forwarding with SSL</i>" of the Online Help.
com.vmware.loginsight.web.actions.settings.EventForwardingActionBean.targets,            Destinations
com.vmware.loginsight.web.actions.settings.EventForwardingActionBean.help.tags,              Tags allow you to add fields with pre-defined values to events for easier querying.
com.vmware.loginsight.web.actions.explorer.LogExplorerActionBean.matchesInLast,              matches are found in the last
com.vmware.loginsight.web.actions.explorer.LogExplorerActionBean.fields,             Fields
com.vmware.loginsight.web.actions.explorer.LogExplorerActionBean.webhook,            Webhook
com.vmware.loginsight.web.actions.explorer.LogExplorerActionBean.extractFieldAdditionalContext,              Additional context
com.vmware.loginsight.web.actions.explorer.LogExplorerActionBean.revertChart,            Reset
com.vmware.loginsight.web.actions.explorer.LogExplorerActionBean.eventsInGroup,              events occur in a single group
com.vmware.loginsight.web.actions.settings.ApplianceActionBean.network.instructions,             To change network settings, please see the {0}. (Note that changes via the console are not supported.)
com.vmware.loginsight.web.actions.settings.ApplianceActionBean.manage.upgrade,           Upgrade Log Insight
com.vmware.loginsight.web.actions.settings.ApplianceActionBean.manage.bundle,            Support Bundle
com.vmware.loginsight.web.actions.settings.LicenseActionBean.averageOsis,            Average Active OSIs:
com.vmware.loginsight.web.actions.home.HomeActionBean.newDashboard,              New Dashboard
com.vmware.loginsight.web.actions.settings.ClusterActionBean.addWorker,              To add a node, deploy a new Log Insight instance and choose &quot;Join Deployment&quot; in the startup wizard.
com.vmware.loginsight.web.actions.settings.ClusterActionBean.clusterNtpWarn,             Cluster mode is now enabled. To ensure proper operation, please verify the following configuration settings:\<ul class="standard-list">\<li><b>NTP is required</b>. Make sure you have correctly configured and validated NTP on the <a href="/admin/time">Time Configuration page</a>. Using at least two NTP servers is strongly recommended.</li>\<li><b>DNS is required</b>. Make sure you have correctly configured and validated DNS through the vApp options (see the {0} for details). Using two DNS servers and setting the hostname for each node is strongly recommended.</li>\<li>Enabling the Integrated Load Balancer is recommended. This can be done in the configuration section below.</li>\</ul>
com.vmware.loginsight.web.actions.settings.ClusterActionBean.warningTitle,           Warning:
com.vmware.loginsight.web.actions.settings.ClusterActionBean.refreshData,            Refresh data
com.vmware.loginsight.web.actions.settings.ClusterActionBean.clusterDataNotAvailable,            The latest cluster data is not currently available, most likely because the master node is not accessible.
com.vmware.loginsight.web.actions.settings.ClusterActionBean.deprecatedExternalLoadBalancer,             Warning: <a href="{0}" target="_blank">External load balancer support is deprecated</a>
com.vmware.loginsight.web.actions.settings.ClusterActionBean.network.ip,             IP Address
com.vmware.loginsight.web.actions.settings.ClusterActionBean.standaloneMode,             Log Insight is currently operating in standalone mode. You can create a cluster by adding one or more additional nodes.
com.vmware.loginsight.web.actions.settings.ClusterActionBean.requestedMsg,           has requested to be added as a worker
com.vmware.loginsight.web.actions.settings.ClusterActionBean.clusterUpsell,              Log Insight is currently operating in standalone mode. It has the ability to scale out to use multiple nodes and to support multiple virtual IPs for ingestion, but this is not enabled with your current license.
com.vmware.loginsight.web.actions.settings.ClusterActionBean.warningContent,             2-node clusters are not supported. It is recommended that you add at least one more node to the cluster.
com.vmware.loginsight.web.actions.settings.ClusterActionBean.vipsTitle,              Integrated Load Balancer
com.vmware.loginsight.web.actions.settings.StorageConfigurationActionBean.enableArchiving,           Enable Data Archiving
com.vmware.loginsight.web.actions.settings.AuthConfigurationActionBean.ssoTenant,            Tenant
com.vmware.loginsight.web.actions.settings.AuthConfigurationActionBean.ssoHost,              Host
com.vmware.loginsight.web.actions.settings.AuthConfigurationActionBean.enableSSO,            Enable Single Sign-On
com.vmware.loginsight.web.actions.settings.AuthConfigurationActionBean.enableAD,             Enable Active Directory support
com.vmware.loginsight.web.actions.settings.AuthConfigurationActionBean.ssoImitateAdUserLogin,            Allow Active Directory users login
com.vmware.loginsight.web.actions.settings.AuthConfigurationActionBean.ssoUser,              Username
com.vmware.loginsight.web.actions.settings.AuthConfigurationActionBean.ssoPort,              API Port
com.vmware.loginsight.web.actions.settings.AuthConfigurationActionBean.domainControllers,            Domain Controller(s)
com.vmware.loginsight.web.actions.settings.AuthConfigurationActionBean.help.domain,              Default domain to be used for authenticating users that do not specify a domain.
com.vmware.loginsight.web.actions.settings.AuthConfigurationActionBean.requireSsl,           Require SSL
com.vmware.loginsight.web.actions.settings.AuthConfigurationActionBean.needUserAlert,            To grant access to an Active Directory group or user, visit the <a href="/admin/users">Users configuration page</a>.
com.vmware.loginsight.web.actions.settings.AuthConfigurationActionBean.ssoStatus,            Status
com.vmware.loginsight.web.actions.settings.AuthConfigurationActionBean.ssoRedirectIp,            Redirect URL Host
com.vmware.loginsight.web.actions.settings.AuthConfigurationActionBean.deprecatedAD,             Warning: <a href="{0}" target="_blank">Active Directory support is deprecated</a>. Please use VMware Identity Manager.
com.vmware.loginsight.web.actions.misc.StartupWizardActionBean.exitText1,            All done!
com.vmware.loginsight.web.actions.misc.StartupWizardActionBean.exitText2,            You&#39;re now ready to start using Log Insight. Enjoy!
com.vmware.loginsight.web.actions.misc.StartupWizardActionBean.introText2,           We&#39;ll walk through a few settings first. Click 'Next' to begin.
com.vmware.loginsight.web.actions.misc.StartupWizardActionBean.backButton,           Back
com.vmware.loginsight.web.actions.misc.StartupWizardActionBean.chooseDeployment,             Choose Deployment Type
com.vmware.loginsight.web.actions.misc.StartupWizardActionBean.changePw,             Admin Credentials
com.vmware.loginsight.web.actions.misc.StartupWizardActionBean.joinDeployment,           Join Existing Deployment
com.vmware.loginsight.web.actions.misc.StartupWizardActionBean.exitTextRestart2,             Log Insight must restart in order to complete the setup process.
com.vmware.loginsight.web.actions.misc.StartupWizardActionBean.exitTextRestart1,             Restart Required
com.vmware.loginsight.web.actions.misc.StartupWizardActionBean.introText1,           Welcome to vRealize Log Insight
com.vmware.loginsight.web.actions.settings.AgentsActionBean.noAgents,            No Agent Information Available
com.vmware.loginsight.web.actions.settings.AgentsActionBean.agentConfigNote,             <p>See the {0} for Default agent configuration and other examples.</p>
com.vmware.loginsight.web.actions.settings.AlertAdminActionBean.help.suspend,            Administratively suspend the execution of all user-defined alerts (for example, such as during maintenance). This switch leaves <b>system notifications</b> unaffected, including those regarding node connectivity.
com.vmware.loginsight.web.actions.settings.AlertAdminActionBean.suspend,             Suspend all user alerts
com.vmware.loginsight.web.actions.settings.AlertAdminActionBean.export,              Export
com.vmware.loginsight.web.actions.settings.AlertAdminActionBean.title,           User Alerts | Admin
com.vmware.loginsight.web.actions.settings.UsersActionBean.editGroup,            Edit Group
com.vmware.loginsight.web.actions.settings.UsersActionBean.editUser,             Edit User
com.vmware.loginsight.web.actions.settings.UsersActionBean.numUser,              user
com.vmware.loginsight.web.actions.settings.UsersActionBean.dataSets,             Data Sets
com.vmware.loginsight.web.actions.settings.UsersActionBean.numGroup,             group
com.vmware.loginsight.web.actions.settings.UsersActionBean.disableAutocomplete,              Disable search autocomplete ({0})
com.vmware.loginsight.web.actions.settings.VsphereConfigurationActionBean.vsphereEvents,             Collect vCenter Server events, tasks, and alarms
com.vmware.loginsight.web.actions.settings.VsphereConfigurationActionBean.esxiLogs,              Configure ESXi hosts to send logs to Log Insight
com.vmware.loginsight.web.actions.settings.VsphereConfigurationActionBean.explain,           Integrate with vCenter to enable tasks and events to be sent to Log Insight, and to collect logs from ESXi hosts.
com.vmware.loginsight.web.actions.settings.VsphereConfigurationActionBean.help.esxiLogs,             When enabled, ESXi hosts in this vCenter will be automatically configured to send their logs to this Log Insight instance via syslog. ESXi version 5.5 and newer is supported; ESX is not supported. Existing syslog targets on these hosts will not be removed. Click "Advanced options..." to configure specific hosts or change the syslog protocol. This integration requires credentials with a minimum of the following Host.Configuration permissions: Change settings, Network configuration, Advanced Settings, Security profile and firewall. A custom-role should be created with these permissions. Use of an administrator account is not recommended for security reasons.
com.vmware.loginsight.web.actions.settings.VsphereConfigurationActionBean.esxiLogsUpdatePeriodically,            Automatically configure all ESXi hosts
com.vmware.loginsight.web.actions.settings.SmtpConfigurationActionBean.sender,           Sender
com.vmware.loginsight.web.actions.settings.SmtpConfigurationActionBean.sendTest,             Send Test Email
com.vmware.loginsight.web.actions.settings.SmtpConfigurationActionBean.tls,              STARTTLS Encryption
com.vmware.loginsight.web.actions.settings.ClusterConfigurationActionBean.noVipsMessage,             No Virtual IP Addresses are configured. It is strongly recommended that at least one VIP be added.
com.vmware.loginsight.web.actions.settings.TimeConfigurationActionBean.timeConfigTitle,              {0} {1}
com.vmware.loginsight.web.actions.settings.TimeConfigurationActionBean.hostTime,             Server Time